#
# There is insufficient memory for the Java Runtime Environment to continue.
# Native memory allocation (malloc) failed to allocate 918032 bytes for Chunk::new
# Possible reasons:
#   The system is out of physical RAM or swap space
#   The process is running with CompressedOops enabled, and the Java Heap may be blocking the growth of the native heap
# Possible solutions:
#   Reduce memory load on the system
#   Increase physical memory or swap space
#   Check if swap backing store is full
#   Decrease Java heap size (-Xmx/-Xms)
#   Decrease number of Java threads
#   Decrease Java thread stack sizes (-Xss)
#   Set larger code cache with -XX:ReservedCodeCacheSize=
#   JVM is running with Unscaled Compressed Oops mode in which the Java heap is
#     placed in the first 4GB address space. The Java Heap base address is the
#     maximum limit for the native heap growth. Please use -XX:HeapBaseMinAddress
#     to set the Java Heap base and to place the Java Heap above 4GB virtual address.
# This output file may be truncated or incomplete.
#
#  Out of Memory Error (arena.cpp:184), pid=2224, tid=5652
#
# JRE version: OpenJDK Runtime Environment (19.0.1+10) (build 19.0.1+10-21)
# Java VM: OpenJDK 64-Bit Server VM (19.0.1+10-21, mixed mode, sharing, tiered, compressed oops, compressed class ptrs, g1 gc, windows-amd64)
# No core dump will be written. Minidumps are not enabled by default on client versions of Windows
#

---------------  S U M M A R Y ------------

Command Line: --add-opens=java.base/java.util=ALL-UNNAMED --add-opens=java.base/java.lang=ALL-UNNAMED --add-opens=java.base/java.lang.invoke=ALL-UNNAMED --add-opens=java.prefs/java.util.prefs=ALL-UNNAMED --add-opens=java.base/java.nio.charset=ALL-UNNAMED --add-opens=java.base/java.net=ALL-UNNAMED --add-opens=java.base/java.util.concurrent.atomic=ALL-UNNAMED -XX:MaxMetaspaceSize=256m -XX:+HeapDumpOnOutOfMemoryError -Xms256m -Xmx512m -Dfile.encoding=windows-1252 -Duser.country=RO -Duser.language=ro -Duser.variant org.gradle.launcher.daemon.bootstrap.GradleDaemon 7.6

Host: Intel(R) Core(TM) i5-7200U CPU @ 2.50GHz, 4 cores, 3G,  Windows 10 , 64 bit Build 19041 (10.0.19041.3636)
Time: Wed Dec  6 01:22:01 2023 GTB, ors 10 , 64 bit Build 19041 (10.0.19041.3636) elapsed time: 22.570661 seconds (0d 0h 0m 22s)

---------------  T H R E A D  ---------------

Current thread (0x000001805fa04e40):  JavaThread "C2 CompilerThread0" daemon [_thread_in_native, id=5652, stack(0x0000001b1ae00000,0x0000001b1af00000)]


Current CompileTask:
C2:  22571 6051       4       java.lang.invoke.InvokerBytecodeGenerator::addMethod (725 bytes)

Stack: [0x0000001b1ae00000,0x0000001b1af00000]
Native frames: (J=compiled Java code, j=interpreted, Vv=VM code, C=native code)
V  [jvm.dll+0x6ee8fa]
V  [jvm.dll+0x857a1e]
V  [jvm.dll+0x85940e]
V  [jvm.dll+0x859ac3]
V  [jvm.dll+0x28291f]
V  [jvm.dll+0xc9b5f]
V  [jvm.dll+0xc9ee5]
V  [jvm.dll+0x3bcbac]
V  [jvm.dll+0x1ee31a]
V  [jvm.dll+0x24c41b]
V  [jvm.dll+0x24b671]
V  [jvm.dll+0x1d6d61]
V  [jvm.dll+0x25b0fa]
V  [jvm.dll+0x259588]
V  [jvm.dll+0x807928]
V  [jvm.dll+0x8015fa]
V  [jvm.dll+0x6ed5eb]
C  [ucrtbase.dll+0x21bb2]
C  [KERNEL32.DLL+0x17344]
C  [ntdll.dll+0x526b1]


---------------  P R O C E S S  ---------------

Threads class SMR info:
_java_thread_list=0x00000180655b7370, length=60, elements={
0x000001804529cb40, 0x000001805f9fcdd0, 0x000001805f9fdd60, 0x000001805fa00630,
0x000001805fa01f70, 0x000001805fa028a0, 0x000001805fa031d0, 0x000001805fa04e40,
0x000001805fa21ee0, 0x000001805fa3e550, 0x0000018063d29400, 0x0000018063d3e3c0,
0x000001806484a2d0, 0x00000180652a9090, 0x0000018065396280, 0x000001806545bfa0,
0x00000180653743e0, 0x0000018065454050, 0x0000018065454590, 0x00000180654075b0,
0x00000180654085a0, 0x0000018065406b10, 0x0000018065406070, 0x0000018065407060,
0x0000018065408af0, 0x0000018065408050, 0x0000018065405b20, 0x00000180654055d0,
0x00000180654065c0, 0x00000180661ca020, 0x00000180661ccff0, 0x00000180661cd540,
0x00000180661c9580, 0x00000180661cb010, 0x00000180661cda90, 0x00000180661c7af0,
0x00000180661c6060, 0x00000180661c65b0, 0x00000180661c9030, 0x00000180661c9ad0,
0x00000180661ca570, 0x00000180661cc000, 0x00000180661cbab0, 0x00000180661c6b00,
0x00000180661cb560, 0x00000180661caac0, 0x00000180661cc550, 0x00000180661ccaa0,
0x00000180661c8590, 0x00000180661c8040, 0x000001806460dae0, 0x000001806460caf0,
0x000001806460b060, 0x000001806460c5a0, 0x0000018064611000, 0x000001806460b5b0,
0x000001806460c050, 0x000001806460d040, 0x000001806460f570, 0x000001806460fac0
}

Java Threads: ( => current thread )
  0x000001804529cb40 JavaThread "main" [_thread_blocked, id=13068, stack(0x0000001b1a100000,0x0000001b1a200000)]
  0x000001805f9fcdd0 JavaThread "Reference Handler" daemon [_thread_blocked, id=13508, stack(0x0000001b1a800000,0x0000001b1a900000)]
  0x000001805f9fdd60 JavaThread "Finalizer" daemon [_thread_blocked, id=13428, stack(0x0000001b1a900000,0x0000001b1aa00000)]
  0x000001805fa00630 JavaThread "Signal Dispatcher" daemon [_thread_blocked, id=5344, stack(0x0000001b1aa00000,0x0000001b1ab00000)]
  0x000001805fa01f70 JavaThread "Attach Listener" daemon [_thread_blocked, id=7196, stack(0x0000001b1ab00000,0x0000001b1ac00000)]
  0x000001805fa028a0 JavaThread "Service Thread" daemon [_thread_blocked, id=11656, stack(0x0000001b1ac00000,0x0000001b1ad00000)]
  0x000001805fa031d0 JavaThread "Monitor Deflation Thread" daemon [_thread_blocked, id=10052, stack(0x0000001b1ad00000,0x0000001b1ae00000)]
=>0x000001805fa04e40 JavaThread "C2 CompilerThread0" daemon [_thread_in_native, id=5652, stack(0x0000001b1ae00000,0x0000001b1af00000)]
  0x000001805fa21ee0 JavaThread "C1 CompilerThread0" daemon [_thread_in_native, id=2604, stack(0x0000001b1af00000,0x0000001b1b000000)]
  0x000001805fa3e550 JavaThread "Sweeper thread" daemon [_thread_blocked, id=6232, stack(0x0000001b1b000000,0x0000001b1b100000)]
  0x0000018063d29400 JavaThread "Common-Cleaner" daemon [_thread_blocked, id=14008, stack(0x0000001b1b100000,0x0000001b1b200000)]
  0x0000018063d3e3c0 JavaThread "Notification Thread" daemon [_thread_blocked, id=8976, stack(0x0000001b1b200000,0x0000001b1b300000)]
  0x000001806484a2d0 JavaThread "Daemon health stats" [_thread_blocked, id=6576, stack(0x0000001b1b700000,0x0000001b1b800000)]
  0x00000180652a9090 JavaThread "Incoming local TCP Connector on port 59434" [_thread_in_native, id=10480, stack(0x0000001b1b800000,0x0000001b1b900000)]
  0x0000018065396280 JavaThread "Daemon periodic checks" [_thread_blocked, id=13756, stack(0x0000001b1b900000,0x0000001b1ba00000)]
  0x000001806545bfa0 JavaThread "Daemon" [_thread_blocked, id=6196, stack(0x0000001b1ba00000,0x0000001b1bb00000)]
  0x00000180653743e0 JavaThread "Handler for socket connection from /127.0.0.1:59434 to /127.0.0.1:59435" [_thread_in_native, id=4676, stack(0x0000001b1bb00000,0x0000001b1bc00000)]
  0x0000018065454050 JavaThread "Cancel handler" [_thread_blocked, id=3744, stack(0x0000001b1bc00000,0x0000001b1bd00000)]
  0x0000018065454590 JavaThread "Daemon worker" [_thread_blocked, id=2544, stack(0x0000001b1bd00000,0x0000001b1be00000)]
  0x00000180654075b0 JavaThread "Asynchronous log dispatcher for DefaultDaemonConnection: socket connection from /127.0.0.1:59434 to /127.0.0.1:59435" [_thread_blocked, id=236, stack(0x0000001b1be00000,0x0000001b1bf00000)]
  0x00000180654085a0 JavaThread "Stdin handler" [_thread_blocked, id=5848, stack(0x0000001b1bf00000,0x0000001b1c000000)]
  0x0000018065406b10 JavaThread "Daemon client event forwarder" [_thread_blocked, id=9348, stack(0x0000001b1c000000,0x0000001b1c100000)]
  0x0000018065406070 JavaThread "Cache worker for journal cache (C:\Users\LENOVO\.gradle\caches\journal-1)" [_thread_blocked, id=12308, stack(0x0000001b1c100000,0x0000001b1c200000)]
  0x0000018065407060 JavaThread "File lock request listener" [_thread_in_native, id=2068, stack(0x0000001b1c200000,0x0000001b1c300000)]
  0x0000018065408af0 JavaThread "Cache worker for file hash cache (C:\Users\LENOVO\.gradle\caches\7.6\fileHashes)" [_thread_blocked, id=8108, stack(0x0000001b1c300000,0x0000001b1c400000)]
  0x0000018065408050 JavaThread "File watcher server" daemon [_thread_in_native, id=10352, stack(0x0000001b1c400000,0x0000001b1c500000)]
  0x0000018065405b20 JavaThread "File watcher consumer" daemon [_thread_blocked, id=5332, stack(0x0000001b1c500000,0x0000001b1c600000)]
  0x00000180654055d0 JavaThread "Cache worker for checksums cache (C:\Users\LENOVO\IdeaProjects\lab5_is\Grupa_30236\.gradle\7.6\checksums)" [_thread_blocked, id=9632, stack(0x0000001b1c600000,0x0000001b1c700000)]
  0x00000180654065c0 JavaThread "Cache worker for cache directory md-rule (C:\Users\LENOVO\.gradle\caches\7.6\md-rule)" [_thread_blocked, id=11632, stack(0x0000001b1c700000,0x0000001b1c800000)]
  0x00000180661ca020 JavaThread "Cache worker for file content cache (C:\Users\LENOVO\.gradle\caches\7.6\fileContent)" [_thread_blocked, id=14220, stack(0x0000001b1c800000,0x0000001b1c900000)]
  0x00000180661ccff0 JavaThread "Cache worker for file hash cache (C:\Users\LENOVO\IdeaProjects\lab5_is\Grupa_30236\.gradle\7.6\fileHashes)" [_thread_blocked, id=7928, stack(0x0000001b1c900000,0x0000001b1ca00000)]
  0x00000180661cd540 JavaThread "Cache worker for cache directory md-supplier (C:\Users\LENOVO\.gradle\caches\7.6\md-supplier)" [_thread_blocked, id=10488, stack(0x0000001b1ca00000,0x0000001b1cb00000)]
  0x00000180661c9580 JavaThread "Cache worker for execution history cache (C:\Users\LENOVO\.gradle\caches\7.6\executionHistory)" [_thread_blocked, id=3340, stack(0x0000001b1cb00000,0x0000001b1cc00000)]
  0x00000180661cb010 JavaThread "jar transforms" [_thread_blocked, id=11808, stack(0x0000001b1cc00000,0x0000001b1cd00000)]
  0x00000180661cda90 JavaThread "jar transforms Thread 2" [_thread_blocked, id=6584, stack(0x0000001b1cd00000,0x0000001b1ce00000)]
  0x00000180661c7af0 JavaThread "jar transforms Thread 3" [_thread_blocked, id=12244, stack(0x0000001b1cf00000,0x0000001b1d000000)]
  0x00000180661c6060 JavaThread "jar transforms Thread 4" [_thread_blocked, id=8728, stack(0x0000001b1d000000,0x0000001b1d100000)]
  0x00000180661c65b0 JavaThread "Cache worker for dependencies-accessors (C:\Users\LENOVO\IdeaProjects\lab5_is\Grupa_30236\.gradle\7.6\dependencies-accessors)" [_thread_blocked, id=13372, stack(0x0000001b1d100000,0x0000001b1d200000)]
  0x00000180661c9030 JavaThread "Cache worker for Build Output Cleanup Cache (C:\Users\LENOVO\IdeaProjects\lab5_is\Grupa_30236\.gradle\buildOutputCleanup)" [_thread_blocked, id=3596, stack(0x0000001b1ce00000,0x0000001b1cf00000)]
  0x00000180661c9ad0 JavaThread "Unconstrained build operations" [_thread_blocked, id=1692, stack(0x0000001b1d200000,0x0000001b1d300000)]
  0x00000180661ca570 JavaThread "Unconstrained build operations Thread 2" [_thread_blocked, id=4540, stack(0x0000001b1d300000,0x0000001b1d400000)]
  0x00000180661cc000 JavaThread "Unconstrained build operations Thread 3" [_thread_blocked, id=13928, stack(0x0000001b1d400000,0x0000001b1d500000)]
  0x00000180661cbab0 JavaThread "Unconstrained build operations Thread 4" [_thread_blocked, id=2356, stack(0x0000001b1d500000,0x0000001b1d600000)]
  0x00000180661c6b00 JavaThread "Memory manager" [_thread_blocked, id=13092, stack(0x0000001b1d600000,0x0000001b1d700000)]
  0x00000180661cb560 JavaThread "included builds" [_thread_in_Java, id=8664, stack(0x0000001b1d700000,0x0000001b1d800000)]
  0x00000180661caac0 JavaThread "Execution worker" [_thread_blocked, id=7144, stack(0x0000001b1d800000,0x0000001b1d900000)]
  0x00000180661cc550 JavaThread "Execution worker Thread 2" [_thread_blocked, id=5524, stack(0x0000001b1d900000,0x0000001b1da00000)]
  0x00000180661ccaa0 JavaThread "Execution worker Thread 3" [_thread_blocked, id=6804, stack(0x0000001b1da00000,0x0000001b1db00000)]
  0x00000180661c8590 JavaThread "Cache worker for execution history cache (C:\Users\LENOVO\IdeaProjects\lab5_is\Grupa_30236\.gradle\7.6\executionHistory)" [_thread_blocked, id=14052, stack(0x0000001b1db00000,0x0000001b1dc00000)]
  0x00000180661c8040 JavaThread "Unconstrained build operations Thread 5" [_thread_blocked, id=13404, stack(0x0000001b1dc00000,0x0000001b1dd00000)]
  0x000001806460dae0 JavaThread "Unconstrained build operations Thread 6" [_thread_blocked, id=2716, stack(0x0000001b1dd00000,0x0000001b1de00000)]
  0x000001806460caf0 JavaThread "Unconstrained build operations Thread 7" [_thread_blocked, id=2632, stack(0x0000001b1de00000,0x0000001b1df00000)]
  0x000001806460b060 JavaThread "Unconstrained build operations Thread 8" [_thread_blocked, id=12856, stack(0x0000001b1df00000,0x0000001b1e000000)]
  0x000001806460c5a0 JavaThread "Unconstrained build operations Thread 9" [_thread_blocked, id=3992, stack(0x0000001b1e000000,0x0000001b1e100000)]
  0x0000018064611000 JavaThread "Unconstrained build operations Thread 10" [_thread_blocked, id=13784, stack(0x0000001b1e100000,0x0000001b1e200000)]
  0x000001806460b5b0 JavaThread "Cache worker for Java compile cache (C:\Users\LENOVO\.gradle\caches\7.6\javaCompile)" [_thread_blocked, id=13868, stack(0x0000001b1e200000,0x0000001b1e300000)]
  0x000001806460c050 JavaThread "Build operations" [_thread_blocked, id=11960, stack(0x0000001b1e300000,0x0000001b1e400000)]
  0x000001806460d040 JavaThread "Build operations Thread 2" [_thread_blocked, id=10552, stack(0x0000001b1e400000,0x0000001b1e500000)]
  0x000001806460f570 JavaThread "Build operations Thread 3" [_thread_blocked, id=8792, stack(0x0000001b1e500000,0x0000001b1e600000)]
  0x000001806460fac0 JavaThread "Build operations Thread 4" [_thread_blocked, id=8204, stack(0x0000001b1e600000,0x0000001b1e700000)]

Other Threads:
  0x000001805f9e5330 VMThread "VM Thread" [stack: 0x0000001b1a700000,0x0000001b1a800000] [id=11776]
  0x0000018063d40910 WatcherThread "VM Periodic Task Thread" [stack: 0x0000001b1b300000,0x0000001b1b400000] [id=6104]
  0x00000180452d0380 WorkerThread "GC Thread#0" [stack: 0x0000001b1a200000,0x0000001b1a300000] [id=8700]
  0x000001805fa087d0 WorkerThread "GC Thread#1" [stack: 0x0000001b1b400000,0x0000001b1b500000] [id=11804]
  0x00000180640ba040 WorkerThread "GC Thread#2" [stack: 0x0000001b1b500000,0x0000001b1b600000] [id=6948]
  0x00000180642c2580 WorkerThread "GC Thread#3" [stack: 0x0000001b1b600000,0x0000001b1b700000] [id=7344]
  0x00000180452d51f0 ConcurrentGCThread "G1 Main Marker" [stack: 0x0000001b1a300000,0x0000001b1a400000] [id=3056]
  0x00000180452d5cd0 WorkerThread "G1 Conc#0" [stack: 0x0000001b1a400000,0x0000001b1a500000] [id=13956]
  0x000001805f8a5070 ConcurrentGCThread "G1 Refine#0" [stack: 0x0000001b1a500000,0x0000001b1a600000] [id=9468]
  0x000001805f8a5b60 ConcurrentGCThread "G1 Service" [stack: 0x0000001b1a600000,0x0000001b1a700000] [id=4380]

Threads with active compile tasks:
C2 CompilerThread0    22617 6051       4       java.lang.invoke.InvokerBytecodeGenerator::addMethod (725 bytes)

VM state: not at safepoint (normal execution)

VM Mutex/Monitor currently owned by a thread: None

Heap address: 0x00000000e0000000, size: 512 MB, Compressed Oops mode: 32-bit

CDS archive(s) mapped at: [0x0000000800000000-0x0000000800c30000-0x0000000800c30000), size 12779520, SharedBaseAddress: 0x0000000800000000, ArchiveRelocationMode: 0.
Compressed class space mapped at: 0x0000000801000000-0x000000080e000000, reserved size: 218103808
Narrow klass base: 0x0000000800000000, Narrow klass shift: 0, Narrow klass range: 0x100000000

GC Precious Log:
 CardTable entry size: 512
 Card Set container configuration: InlinePtr #cards 5 size 8 Array Of Cards #cards 12 size 40 Howl #buckets 4 coarsen threshold 1843 Howl Bitmap #cards 512 size 80 coarsen threshold 460 Card regions per heap region 1 cards per card region 2048
 CPUs: 4 total, 4 available
 Memory: 3970M
 Large Page Support: Disabled
 NUMA Support: Disabled
 Compressed Oops: Enabled (32-bit)
 Heap Region Size: 1M
 Heap Min Capacity: 256M
 Heap Initial Capacity: 256M
 Heap Max Capacity: 512M
 Pre-touch: Disabled
 Parallel Workers: 4
 Concurrent Workers: 1
 Concurrent Refinement Workers: 4
 Periodic GC: Disabled

Heap:
 garbage-first heap   total 262144K, used 61659K [0x00000000e0000000, 0x0000000100000000)
  region size 1024K, 42 young (43008K), 20 survivors (20480K)
 Metaspace       used 52546K, committed 54272K, reserved 278528K
  class space    used 7441K, committed 8320K, reserved 212992K

Heap Regions: E=young(eden), S=young(survivor), O=old, HS=humongous(starts), HC=humongous(continues), CS=collection set, F=free, OA=open archive, CA=closed archive, TAMS=top-at-mark-start (previous, next)
|   0|0x00000000e0000000, 0x00000000e0100000, 0x00000000e0100000|100%| O|  |TAMS 0x00000000e0100000, 0x00000000e0000000| Untracked 
|   1|0x00000000e0100000, 0x00000000e0200000, 0x00000000e0200000|100%| O|  |TAMS 0x00000000e0200000, 0x00000000e0100000| Untracked 
|   2|0x00000000e0200000, 0x00000000e0300000, 0x00000000e0300000|100%|HS|  |TAMS 0x00000000e0300000, 0x00000000e0200000| Complete 
|   3|0x00000000e0300000, 0x00000000e0400000, 0x00000000e0400000|100%|HC|  |TAMS 0x00000000e0400000, 0x00000000e0300000| Complete 
|   4|0x00000000e0400000, 0x00000000e0500000, 0x00000000e0500000|100%|HC|  |TAMS 0x00000000e0500000, 0x00000000e0400000| Complete 
|   5|0x00000000e0500000, 0x00000000e0600000, 0x00000000e0600000|100%| O|  |TAMS 0x00000000e0600000, 0x00000000e0500000| Untracked 
|   6|0x00000000e0600000, 0x00000000e0700000, 0x00000000e0700000|100%| O|  |TAMS 0x00000000e0700000, 0x00000000e0600000| Untracked 
|   7|0x00000000e0700000, 0x00000000e0700000, 0x00000000e0800000|  0%| F|  |TAMS 0x00000000e0700000, 0x00000000e0700000| Untracked 
|   8|0x00000000e0800000, 0x00000000e0900000, 0x00000000e0900000|100%| O|  |TAMS 0x00000000e0900000, 0x00000000e0800000| Untracked 
|   9|0x00000000e0900000, 0x00000000e0a00000, 0x00000000e0a00000|100%| O|  |TAMS 0x00000000e0a00000, 0x00000000e0900000| Untracked 
|  10|0x00000000e0a00000, 0x00000000e0b00000, 0x00000000e0b00000|100%| O|  |TAMS 0x00000000e0b00000, 0x00000000e0a00000| Untracked 
|  11|0x00000000e0b00000, 0x00000000e0b00000, 0x00000000e0c00000|  0%| F|  |TAMS 0x00000000e0b00000, 0x00000000e0b00000| Untracked 
|  12|0x00000000e0c00000, 0x00000000e0c00000, 0x00000000e0d00000|  0%| F|  |TAMS 0x00000000e0c00000, 0x00000000e0c00000| Untracked 
|  13|0x00000000e0d00000, 0x00000000e0e00000, 0x00000000e0e00000|100%| O|  |TAMS 0x00000000e0e00000, 0x00000000e0d00000| Untracked 
|  14|0x00000000e0e00000, 0x00000000e0f00000, 0x00000000e0f00000|100%| O|  |TAMS 0x00000000e0f00000, 0x00000000e0e00000| Untracked 
|  15|0x00000000e0f00000, 0x00000000e1000000, 0x00000000e1000000|100%| O|  |TAMS 0x00000000e1000000, 0x00000000e0f00000| Untracked 
|  16|0x00000000e1000000, 0x00000000e1100000, 0x00000000e1100000|100%| O|  |TAMS 0x00000000e1100000, 0x00000000e1000000| Untracked 
|  17|0x00000000e1100000, 0x00000000e1200000, 0x00000000e1200000|100%| O|  |TAMS 0x00000000e1200000, 0x00000000e1100000| Untracked 
|  18|0x00000000e1200000, 0x00000000e1300000, 0x00000000e1300000|100%| O|  |TAMS 0x00000000e1300000, 0x00000000e1200000| Untracked 
|  19|0x00000000e1300000, 0x00000000e1400000, 0x00000000e1400000|100%| O|  |TAMS 0x00000000e1400000, 0x00000000e1300000| Untracked 
|  20|0x00000000e1400000, 0x00000000e1500000, 0x00000000e1500000|100%| O|  |TAMS 0x00000000e1500000, 0x00000000e1400000| Untracked 
|  21|0x00000000e1500000, 0x00000000e1600000, 0x00000000e1600000|100%| O|  |TAMS 0x00000000e1600000, 0x00000000e1500000| Untracked 
|  22|0x00000000e1600000, 0x00000000e16d5c00, 0x00000000e1700000| 83%| O|  |TAMS 0x00000000e16d5c00, 0x00000000e1600000| Untracked 
|  23|0x00000000e1700000, 0x00000000e1700000, 0x00000000e1800000|  0%| F|  |TAMS 0x00000000e1700000, 0x00000000e1700000| Untracked 
|  24|0x00000000e1800000, 0x00000000e1800000, 0x00000000e1900000|  0%| F|  |TAMS 0x00000000e1800000, 0x00000000e1800000| Untracked 
|  25|0x00000000e1900000, 0x00000000e1900000, 0x00000000e1a00000|  0%| F|  |TAMS 0x00000000e1900000, 0x00000000e1900000| Untracked 
|  26|0x00000000e1a00000, 0x00000000e1a00000, 0x00000000e1b00000|  0%| F|  |TAMS 0x00000000e1a00000, 0x00000000e1a00000| Untracked 
|  27|0x00000000e1b00000, 0x00000000e1b00000, 0x00000000e1c00000|  0%| F|  |TAMS 0x00000000e1b00000, 0x00000000e1b00000| Untracked 
|  28|0x00000000e1c00000, 0x00000000e1c00000, 0x00000000e1d00000|  0%| F|  |TAMS 0x00000000e1c00000, 0x00000000e1c00000| Untracked 
|  29|0x00000000e1d00000, 0x00000000e1d00000, 0x00000000e1e00000|  0%| F|  |TAMS 0x00000000e1d00000, 0x00000000e1d00000| Untracked 
|  30|0x00000000e1e00000, 0x00000000e1e00000, 0x00000000e1f00000|  0%| F|  |TAMS 0x00000000e1e00000, 0x00000000e1e00000| Untracked 
|  31|0x00000000e1f00000, 0x00000000e1f00000, 0x00000000e2000000|  0%| F|  |TAMS 0x00000000e1f00000, 0x00000000e1f00000| Untracked 
|  32|0x00000000e2000000, 0x00000000e2000000, 0x00000000e2100000|  0%| F|  |TAMS 0x00000000e2000000, 0x00000000e2000000| Untracked 
|  33|0x00000000e2100000, 0x00000000e2100000, 0x00000000e2200000|  0%| F|  |TAMS 0x00000000e2100000, 0x00000000e2100000| Untracked 
|  34|0x00000000e2200000, 0x00000000e2200000, 0x00000000e2300000|  0%| F|  |TAMS 0x00000000e2200000, 0x00000000e2200000| Untracked 
|  35|0x00000000e2300000, 0x00000000e2300000, 0x00000000e2400000|  0%| F|  |TAMS 0x00000000e2300000, 0x00000000e2300000| Untracked 
|  36|0x00000000e2400000, 0x00000000e2400000, 0x00000000e2500000|  0%| F|  |TAMS 0x00000000e2400000, 0x00000000e2400000| Untracked 
|  37|0x00000000e2500000, 0x00000000e2500000, 0x00000000e2600000|  0%| F|  |TAMS 0x00000000e2500000, 0x00000000e2500000| Untracked 
|  38|0x00000000e2600000, 0x00000000e2600000, 0x00000000e2700000|  0%| F|  |TAMS 0x00000000e2600000, 0x00000000e2600000| Untracked 
|  39|0x00000000e2700000, 0x00000000e2700000, 0x00000000e2800000|  0%| F|  |TAMS 0x00000000e2700000, 0x00000000e2700000| Untracked 
|  40|0x00000000e2800000, 0x00000000e2800000, 0x00000000e2900000|  0%| F|  |TAMS 0x00000000e2800000, 0x00000000e2800000| Untracked 
|  41|0x00000000e2900000, 0x00000000e2900000, 0x00000000e2a00000|  0%| F|  |TAMS 0x00000000e2900000, 0x00000000e2900000| Untracked 
|  42|0x00000000e2a00000, 0x00000000e2a00000, 0x00000000e2b00000|  0%| F|  |TAMS 0x00000000e2a00000, 0x00000000e2a00000| Untracked 
|  43|0x00000000e2b00000, 0x00000000e2b00000, 0x00000000e2c00000|  0%| F|  |TAMS 0x00000000e2b00000, 0x00000000e2b00000| Untracked 
|  44|0x00000000e2c00000, 0x00000000e2c00000, 0x00000000e2d00000|  0%| F|  |TAMS 0x00000000e2c00000, 0x00000000e2c00000| Untracked 
|  45|0x00000000e2d00000, 0x00000000e2d00000, 0x00000000e2e00000|  0%| F|  |TAMS 0x00000000e2d00000, 0x00000000e2d00000| Untracked 
|  46|0x00000000e2e00000, 0x00000000e2e00000, 0x00000000e2f00000|  0%| F|  |TAMS 0x00000000e2e00000, 0x00000000e2e00000| Untracked 
|  47|0x00000000e2f00000, 0x00000000e2f00000, 0x00000000e3000000|  0%| F|  |TAMS 0x00000000e2f00000, 0x00000000e2f00000| Untracked 
|  48|0x00000000e3000000, 0x00000000e3000000, 0x00000000e3100000|  0%| F|  |TAMS 0x00000000e3000000, 0x00000000e3000000| Untracked 
|  49|0x00000000e3100000, 0x00000000e3100000, 0x00000000e3200000|  0%| F|  |TAMS 0x00000000e3100000, 0x00000000e3100000| Untracked 
|  50|0x00000000e3200000, 0x00000000e3200000, 0x00000000e3300000|  0%| F|  |TAMS 0x00000000e3200000, 0x00000000e3200000| Untracked 
|  51|0x00000000e3300000, 0x00000000e3300000, 0x00000000e3400000|  0%| F|  |TAMS 0x00000000e3300000, 0x00000000e3300000| Untracked 
|  52|0x00000000e3400000, 0x00000000e3400000, 0x00000000e3500000|  0%| F|  |TAMS 0x00000000e3400000, 0x00000000e3400000| Untracked 
|  53|0x00000000e3500000, 0x00000000e3500000, 0x00000000e3600000|  0%| F|  |TAMS 0x00000000e3500000, 0x00000000e3500000| Untracked 
|  54|0x00000000e3600000, 0x00000000e3600000, 0x00000000e3700000|  0%| F|  |TAMS 0x00000000e3600000, 0x00000000e3600000| Untracked 
|  55|0x00000000e3700000, 0x00000000e3700000, 0x00000000e3800000|  0%| F|  |TAMS 0x00000000e3700000, 0x00000000e3700000| Untracked 
|  56|0x00000000e3800000, 0x00000000e3800000, 0x00000000e3900000|  0%| F|  |TAMS 0x00000000e3800000, 0x00000000e3800000| Untracked 
|  57|0x00000000e3900000, 0x00000000e3900000, 0x00000000e3a00000|  0%| F|  |TAMS 0x00000000e3900000, 0x00000000e3900000| Untracked 
|  58|0x00000000e3a00000, 0x00000000e3a00000, 0x00000000e3b00000|  0%| F|  |TAMS 0x00000000e3a00000, 0x00000000e3a00000| Untracked 
|  59|0x00000000e3b00000, 0x00000000e3b00000, 0x00000000e3c00000|  0%| F|  |TAMS 0x00000000e3b00000, 0x00000000e3b00000| Untracked 
|  60|0x00000000e3c00000, 0x00000000e3c00000, 0x00000000e3d00000|  0%| F|  |TAMS 0x00000000e3c00000, 0x00000000e3c00000| Untracked 
|  61|0x00000000e3d00000, 0x00000000e3d00000, 0x00000000e3e00000|  0%| F|  |TAMS 0x00000000e3d00000, 0x00000000e3d00000| Untracked 
|  62|0x00000000e3e00000, 0x00000000e3e00000, 0x00000000e3f00000|  0%| F|  |TAMS 0x00000000e3e00000, 0x00000000e3e00000| Untracked 
|  63|0x00000000e3f00000, 0x00000000e3f00000, 0x00000000e4000000|  0%| F|  |TAMS 0x00000000e3f00000, 0x00000000e3f00000| Untracked 
|  64|0x00000000e4000000, 0x00000000e4000000, 0x00000000e4100000|  0%| F|  |TAMS 0x00000000e4000000, 0x00000000e4000000| Untracked 
|  65|0x00000000e4100000, 0x00000000e4100000, 0x00000000e4200000|  0%| F|  |TAMS 0x00000000e4100000, 0x00000000e4100000| Untracked 
|  66|0x00000000e4200000, 0x00000000e4200000, 0x00000000e4300000|  0%| F|  |TAMS 0x00000000e4200000, 0x00000000e4200000| Untracked 
|  67|0x00000000e4300000, 0x00000000e4300000, 0x00000000e4400000|  0%| F|  |TAMS 0x00000000e4300000, 0x00000000e4300000| Untracked 
|  68|0x00000000e4400000, 0x00000000e4400000, 0x00000000e4500000|  0%| F|  |TAMS 0x00000000e4400000, 0x00000000e4400000| Untracked 
|  69|0x00000000e4500000, 0x00000000e4500000, 0x00000000e4600000|  0%| F|  |TAMS 0x00000000e4500000, 0x00000000e4500000| Untracked 
|  70|0x00000000e4600000, 0x00000000e4600000, 0x00000000e4700000|  0%| F|  |TAMS 0x00000000e4600000, 0x00000000e4600000| Untracked 
|  71|0x00000000e4700000, 0x00000000e4700000, 0x00000000e4800000|  0%| F|  |TAMS 0x00000000e4700000, 0x00000000e4700000| Untracked 
|  72|0x00000000e4800000, 0x00000000e4800000, 0x00000000e4900000|  0%| F|  |TAMS 0x00000000e4800000, 0x00000000e4800000| Untracked 
|  73|0x00000000e4900000, 0x00000000e4900000, 0x00000000e4a00000|  0%| F|  |TAMS 0x00000000e4900000, 0x00000000e4900000| Untracked 
|  74|0x00000000e4a00000, 0x00000000e4a00000, 0x00000000e4b00000|  0%| F|  |TAMS 0x00000000e4a00000, 0x00000000e4a00000| Untracked 
|  75|0x00000000e4b00000, 0x00000000e4b00000, 0x00000000e4c00000|  0%| F|  |TAMS 0x00000000e4b00000, 0x00000000e4b00000| Untracked 
|  76|0x00000000e4c00000, 0x00000000e4c00000, 0x00000000e4d00000|  0%| F|  |TAMS 0x00000000e4c00000, 0x00000000e4c00000| Untracked 
|  77|0x00000000e4d00000, 0x00000000e4d00000, 0x00000000e4e00000|  0%| F|  |TAMS 0x00000000e4d00000, 0x00000000e4d00000| Untracked 
|  78|0x00000000e4e00000, 0x00000000e4e00000, 0x00000000e4f00000|  0%| F|  |TAMS 0x00000000e4e00000, 0x00000000e4e00000| Untracked 
|  79|0x00000000e4f00000, 0x00000000e4f00000, 0x00000000e5000000|  0%| F|  |TAMS 0x00000000e4f00000, 0x00000000e4f00000| Untracked 
|  80|0x00000000e5000000, 0x00000000e5000000, 0x00000000e5100000|  0%| F|  |TAMS 0x00000000e5000000, 0x00000000e5000000| Untracked 
|  81|0x00000000e5100000, 0x00000000e5100000, 0x00000000e5200000|  0%| F|  |TAMS 0x00000000e5100000, 0x00000000e5100000| Untracked 
|  82|0x00000000e5200000, 0x00000000e5200000, 0x00000000e5300000|  0%| F|  |TAMS 0x00000000e5200000, 0x00000000e5200000| Untracked 
|  83|0x00000000e5300000, 0x00000000e53610f0, 0x00000000e5400000| 37%| S|CS|TAMS 0x00000000e5300000, 0x00000000e5300000| Complete 
|  84|0x00000000e5400000, 0x00000000e5500000, 0x00000000e5500000|100%| S|CS|TAMS 0x00000000e5400000, 0x00000000e5400000| Complete 
|  85|0x00000000e5500000, 0x00000000e5600000, 0x00000000e5600000|100%| S|CS|TAMS 0x00000000e5500000, 0x00000000e5500000| Complete 
|  86|0x00000000e5600000, 0x00000000e5700000, 0x00000000e5700000|100%| S|CS|TAMS 0x00000000e5600000, 0x00000000e5600000| Complete 
|  87|0x00000000e5700000, 0x00000000e5800000, 0x00000000e5800000|100%| S|CS|TAMS 0x00000000e5700000, 0x00000000e5700000| Complete 
|  88|0x00000000e5800000, 0x00000000e5900000, 0x00000000e5900000|100%| S|CS|TAMS 0x00000000e5800000, 0x00000000e5800000| Complete 
|  89|0x00000000e5900000, 0x00000000e5a00000, 0x00000000e5a00000|100%| S|CS|TAMS 0x00000000e5900000, 0x00000000e5900000| Complete 
|  90|0x00000000e5a00000, 0x00000000e5b00000, 0x00000000e5b00000|100%| S|CS|TAMS 0x00000000e5a00000, 0x00000000e5a00000| Complete 
|  91|0x00000000e5b00000, 0x00000000e5c00000, 0x00000000e5c00000|100%| S|CS|TAMS 0x00000000e5b00000, 0x00000000e5b00000| Complete 
|  92|0x00000000e5c00000, 0x00000000e5d00000, 0x00000000e5d00000|100%| S|CS|TAMS 0x00000000e5c00000, 0x00000000e5c00000| Complete 
|  93|0x00000000e5d00000, 0x00000000e5e00000, 0x00000000e5e00000|100%| S|CS|TAMS 0x00000000e5d00000, 0x00000000e5d00000| Complete 
|  94|0x00000000e5e00000, 0x00000000e5f00000, 0x00000000e5f00000|100%| S|CS|TAMS 0x00000000e5e00000, 0x00000000e5e00000| Complete 
|  95|0x00000000e5f00000, 0x00000000e6000000, 0x00000000e6000000|100%| S|CS|TAMS 0x00000000e5f00000, 0x00000000e5f00000| Complete 
|  96|0x00000000e6000000, 0x00000000e6100000, 0x00000000e6100000|100%| S|CS|TAMS 0x00000000e6000000, 0x00000000e6000000| Complete 
|  97|0x00000000e6100000, 0x00000000e6200000, 0x00000000e6200000|100%| S|CS|TAMS 0x00000000e6100000, 0x00000000e6100000| Complete 
|  98|0x00000000e6200000, 0x00000000e6300000, 0x00000000e6300000|100%| S|CS|TAMS 0x00000000e6200000, 0x00000000e6200000| Complete 
|  99|0x00000000e6300000, 0x00000000e6400000, 0x00000000e6400000|100%| S|CS|TAMS 0x00000000e6300000, 0x00000000e6300000| Complete 
| 100|0x00000000e6400000, 0x00000000e6500000, 0x00000000e6500000|100%| S|CS|TAMS 0x00000000e6400000, 0x00000000e6400000| Complete 
| 101|0x00000000e6500000, 0x00000000e6600000, 0x00000000e6600000|100%| S|CS|TAMS 0x00000000e6500000, 0x00000000e6500000| Complete 
| 102|0x00000000e6600000, 0x00000000e6700000, 0x00000000e6700000|100%| S|CS|TAMS 0x00000000e6600000, 0x00000000e6600000| Complete 
| 103|0x00000000e6700000, 0x00000000e6700000, 0x00000000e6800000|  0%| F|  |TAMS 0x00000000e6700000, 0x00000000e6700000| Untracked 
| 104|0x00000000e6800000, 0x00000000e6800000, 0x00000000e6900000|  0%| F|  |TAMS 0x00000000e6800000, 0x00000000e6800000| Untracked 
| 105|0x00000000e6900000, 0x00000000e6900000, 0x00000000e6a00000|  0%| F|  |TAMS 0x00000000e6900000, 0x00000000e6900000| Untracked 
| 106|0x00000000e6a00000, 0x00000000e6a00000, 0x00000000e6b00000|  0%| F|  |TAMS 0x00000000e6a00000, 0x00000000e6a00000| Untracked 
| 107|0x00000000e6b00000, 0x00000000e6b00000, 0x00000000e6c00000|  0%| F|  |TAMS 0x00000000e6b00000, 0x00000000e6b00000| Untracked 
| 108|0x00000000e6c00000, 0x00000000e6c00000, 0x00000000e6d00000|  0%| F|  |TAMS 0x00000000e6c00000, 0x00000000e6c00000| Untracked 
| 109|0x00000000e6d00000, 0x00000000e6d00000, 0x00000000e6e00000|  0%| F|  |TAMS 0x00000000e6d00000, 0x00000000e6d00000| Untracked 
| 110|0x00000000e6e00000, 0x00000000e6e00000, 0x00000000e6f00000|  0%| F|  |TAMS 0x00000000e6e00000, 0x00000000e6e00000| Untracked 
| 111|0x00000000e6f00000, 0x00000000e6f00000, 0x00000000e7000000|  0%| F|  |TAMS 0x00000000e6f00000, 0x00000000e6f00000| Untracked 
| 112|0x00000000e7000000, 0x00000000e7000000, 0x00000000e7100000|  0%| F|  |TAMS 0x00000000e7000000, 0x00000000e7000000| Untracked 
| 113|0x00000000e7100000, 0x00000000e7100000, 0x00000000e7200000|  0%| F|  |TAMS 0x00000000e7100000, 0x00000000e7100000| Untracked 
| 114|0x00000000e7200000, 0x00000000e7200000, 0x00000000e7300000|  0%| F|  |TAMS 0x00000000e7200000, 0x00000000e7200000| Untracked 
| 115|0x00000000e7300000, 0x00000000e7300000, 0x00000000e7400000|  0%| F|  |TAMS 0x00000000e7300000, 0x00000000e7300000| Untracked 
| 116|0x00000000e7400000, 0x00000000e7400000, 0x00000000e7500000|  0%| F|  |TAMS 0x00000000e7400000, 0x00000000e7400000| Untracked 
| 117|0x00000000e7500000, 0x00000000e7500000, 0x00000000e7600000|  0%| F|  |TAMS 0x00000000e7500000, 0x00000000e7500000| Untracked 
| 118|0x00000000e7600000, 0x00000000e7600000, 0x00000000e7700000|  0%| F|  |TAMS 0x00000000e7600000, 0x00000000e7600000| Untracked 
| 119|0x00000000e7700000, 0x00000000e7700000, 0x00000000e7800000|  0%| F|  |TAMS 0x00000000e7700000, 0x00000000e7700000| Untracked 
| 120|0x00000000e7800000, 0x00000000e7800000, 0x00000000e7900000|  0%| F|  |TAMS 0x00000000e7800000, 0x00000000e7800000| Untracked 
| 121|0x00000000e7900000, 0x00000000e7900000, 0x00000000e7a00000|  0%| F|  |TAMS 0x00000000e7900000, 0x00000000e7900000| Untracked 
| 122|0x00000000e7a00000, 0x00000000e7a00000, 0x00000000e7b00000|  0%| F|  |TAMS 0x00000000e7a00000, 0x00000000e7a00000| Untracked 
| 123|0x00000000e7b00000, 0x00000000e7b00000, 0x00000000e7c00000|  0%| F|  |TAMS 0x00000000e7b00000, 0x00000000e7b00000| Untracked 
| 124|0x00000000e7c00000, 0x00000000e7c00000, 0x00000000e7d00000|  0%| F|  |TAMS 0x00000000e7c00000, 0x00000000e7c00000| Untracked 
| 125|0x00000000e7d00000, 0x00000000e7d00000, 0x00000000e7e00000|  0%| F|  |TAMS 0x00000000e7d00000, 0x00000000e7d00000| Untracked 
| 126|0x00000000e7e00000, 0x00000000e7e00000, 0x00000000e7f00000|  0%| F|  |TAMS 0x00000000e7e00000, 0x00000000e7e00000| Untracked 
| 127|0x00000000e7f00000, 0x00000000e7f00000, 0x00000000e8000000|  0%| F|  |TAMS 0x00000000e7f00000, 0x00000000e7f00000| Untracked 
| 128|0x00000000e8000000, 0x00000000e8000000, 0x00000000e8100000|  0%| F|  |TAMS 0x00000000e8000000, 0x00000000e8000000| Untracked 
| 129|0x00000000e8100000, 0x00000000e8100000, 0x00000000e8200000|  0%| F|  |TAMS 0x00000000e8100000, 0x00000000e8100000| Untracked 
| 130|0x00000000e8200000, 0x00000000e8200000, 0x00000000e8300000|  0%| F|  |TAMS 0x00000000e8200000, 0x00000000e8200000| Untracked 
| 131|0x00000000e8300000, 0x00000000e8300000, 0x00000000e8400000|  0%| F|  |TAMS 0x00000000e8300000, 0x00000000e8300000| Untracked 
| 132|0x00000000e8400000, 0x00000000e8400000, 0x00000000e8500000|  0%| F|  |TAMS 0x00000000e8400000, 0x00000000e8400000| Untracked 
| 133|0x00000000e8500000, 0x00000000e8500000, 0x00000000e8600000|  0%| F|  |TAMS 0x00000000e8500000, 0x00000000e8500000| Untracked 
| 134|0x00000000e8600000, 0x00000000e8600000, 0x00000000e8700000|  0%| F|  |TAMS 0x00000000e8600000, 0x00000000e8600000| Untracked 
| 135|0x00000000e8700000, 0x00000000e8700000, 0x00000000e8800000|  0%| F|  |TAMS 0x00000000e8700000, 0x00000000e8700000| Untracked 
| 136|0x00000000e8800000, 0x00000000e8800000, 0x00000000e8900000|  0%| F|  |TAMS 0x00000000e8800000, 0x00000000e8800000| Untracked 
| 137|0x00000000e8900000, 0x00000000e8900000, 0x00000000e8a00000|  0%| F|  |TAMS 0x00000000e8900000, 0x00000000e8900000| Untracked 
| 138|0x00000000e8a00000, 0x00000000e8a00000, 0x00000000e8b00000|  0%| F|  |TAMS 0x00000000e8a00000, 0x00000000e8a00000| Untracked 
| 139|0x00000000e8b00000, 0x00000000e8b00000, 0x00000000e8c00000|  0%| F|  |TAMS 0x00000000e8b00000, 0x00000000e8b00000| Untracked 
| 140|0x00000000e8c00000, 0x00000000e8c00000, 0x00000000e8d00000|  0%| F|  |TAMS 0x00000000e8c00000, 0x00000000e8c00000| Untracked 
| 141|0x00000000e8d00000, 0x00000000e8d00000, 0x00000000e8e00000|  0%| F|  |TAMS 0x00000000e8d00000, 0x00000000e8d00000| Untracked 
| 142|0x00000000e8e00000, 0x00000000e8e00000, 0x00000000e8f00000|  0%| F|  |TAMS 0x00000000e8e00000, 0x00000000e8e00000| Untracked 
| 143|0x00000000e8f00000, 0x00000000e8f00000, 0x00000000e9000000|  0%| F|  |TAMS 0x00000000e8f00000, 0x00000000e8f00000| Untracked 
| 144|0x00000000e9000000, 0x00000000e9000000, 0x00000000e9100000|  0%| F|  |TAMS 0x00000000e9000000, 0x00000000e9000000| Untracked 
| 145|0x00000000e9100000, 0x00000000e9100000, 0x00000000e9200000|  0%| F|  |TAMS 0x00000000e9100000, 0x00000000e9100000| Untracked 
| 146|0x00000000e9200000, 0x00000000e9200000, 0x00000000e9300000|  0%| F|  |TAMS 0x00000000e9200000, 0x00000000e9200000| Untracked 
| 147|0x00000000e9300000, 0x00000000e9300000, 0x00000000e9400000|  0%| F|  |TAMS 0x00000000e9300000, 0x00000000e9300000| Untracked 
| 148|0x00000000e9400000, 0x00000000e9400000, 0x00000000e9500000|  0%| F|  |TAMS 0x00000000e9400000, 0x00000000e9400000| Untracked 
| 149|0x00000000e9500000, 0x00000000e9500000, 0x00000000e9600000|  0%| F|  |TAMS 0x00000000e9500000, 0x00000000e9500000| Untracked 
| 150|0x00000000e9600000, 0x00000000e9600000, 0x00000000e9700000|  0%| F|  |TAMS 0x00000000e9600000, 0x00000000e9600000| Untracked 
| 151|0x00000000e9700000, 0x00000000e9700000, 0x00000000e9800000|  0%| F|  |TAMS 0x00000000e9700000, 0x00000000e9700000| Untracked 
| 152|0x00000000e9800000, 0x00000000e9800000, 0x00000000e9900000|  0%| F|  |TAMS 0x00000000e9800000, 0x00000000e9800000| Untracked 
| 153|0x00000000e9900000, 0x00000000e9900000, 0x00000000e9a00000|  0%| F|  |TAMS 0x00000000e9900000, 0x00000000e9900000| Untracked 
| 154|0x00000000e9a00000, 0x00000000e9a00000, 0x00000000e9b00000|  0%| F|  |TAMS 0x00000000e9a00000, 0x00000000e9a00000| Untracked 
| 155|0x00000000e9b00000, 0x00000000e9b00000, 0x00000000e9c00000|  0%| F|  |TAMS 0x00000000e9b00000, 0x00000000e9b00000| Untracked 
| 156|0x00000000e9c00000, 0x00000000e9c00000, 0x00000000e9d00000|  0%| F|  |TAMS 0x00000000e9c00000, 0x00000000e9c00000| Untracked 
| 157|0x00000000e9d00000, 0x00000000e9d00000, 0x00000000e9e00000|  0%| F|  |TAMS 0x00000000e9d00000, 0x00000000e9d00000| Untracked 
| 158|0x00000000e9e00000, 0x00000000e9e00000, 0x00000000e9f00000|  0%| F|  |TAMS 0x00000000e9e00000, 0x00000000e9e00000| Untracked 
| 159|0x00000000e9f00000, 0x00000000e9f00000, 0x00000000ea000000|  0%| F|  |TAMS 0x00000000e9f00000, 0x00000000e9f00000| Untracked 
| 160|0x00000000ea000000, 0x00000000ea000000, 0x00000000ea100000|  0%| F|  |TAMS 0x00000000ea000000, 0x00000000ea000000| Untracked 
| 161|0x00000000ea100000, 0x00000000ea100000, 0x00000000ea200000|  0%| F|  |TAMS 0x00000000ea100000, 0x00000000ea100000| Untracked 
| 162|0x00000000ea200000, 0x00000000ea200000, 0x00000000ea300000|  0%| F|  |TAMS 0x00000000ea200000, 0x00000000ea200000| Untracked 
| 163|0x00000000ea300000, 0x00000000ea300000, 0x00000000ea400000|  0%| F|  |TAMS 0x00000000ea300000, 0x00000000ea300000| Untracked 
| 164|0x00000000ea400000, 0x00000000ea400000, 0x00000000ea500000|  0%| F|  |TAMS 0x00000000ea400000, 0x00000000ea400000| Untracked 
| 165|0x00000000ea500000, 0x00000000ea500000, 0x00000000ea600000|  0%| F|  |TAMS 0x00000000ea500000, 0x00000000ea500000| Untracked 
| 166|0x00000000ea600000, 0x00000000ea600000, 0x00000000ea700000|  0%| F|  |TAMS 0x00000000ea600000, 0x00000000ea600000| Untracked 
| 167|0x00000000ea700000, 0x00000000ea700000, 0x00000000ea800000|  0%| F|  |TAMS 0x00000000ea700000, 0x00000000ea700000| Untracked 
| 168|0x00000000ea800000, 0x00000000ea800000, 0x00000000ea900000|  0%| F|  |TAMS 0x00000000ea800000, 0x00000000ea800000| Untracked 
| 169|0x00000000ea900000, 0x00000000ea900000, 0x00000000eaa00000|  0%| F|  |TAMS 0x00000000ea900000, 0x00000000ea900000| Untracked 
| 170|0x00000000eaa00000, 0x00000000eaa00000, 0x00000000eab00000|  0%| F|  |TAMS 0x00000000eaa00000, 0x00000000eaa00000| Untracked 
| 171|0x00000000eab00000, 0x00000000eab00000, 0x00000000eac00000|  0%| F|  |TAMS 0x00000000eab00000, 0x00000000eab00000| Untracked 
| 172|0x00000000eac00000, 0x00000000eac00000, 0x00000000ead00000|  0%| F|  |TAMS 0x00000000eac00000, 0x00000000eac00000| Untracked 
| 173|0x00000000ead00000, 0x00000000ead00000, 0x00000000eae00000|  0%| F|  |TAMS 0x00000000ead00000, 0x00000000ead00000| Untracked 
| 174|0x00000000eae00000, 0x00000000eae00000, 0x00000000eaf00000|  0%| F|  |TAMS 0x00000000eae00000, 0x00000000eae00000| Untracked 
| 175|0x00000000eaf00000, 0x00000000eaf00000, 0x00000000eb000000|  0%| F|  |TAMS 0x00000000eaf00000, 0x00000000eaf00000| Untracked 
| 176|0x00000000eb000000, 0x00000000eb000000, 0x00000000eb100000|  0%| F|  |TAMS 0x00000000eb000000, 0x00000000eb000000| Untracked 
| 177|0x00000000eb100000, 0x00000000eb100000, 0x00000000eb200000|  0%| F|  |TAMS 0x00000000eb100000, 0x00000000eb100000| Untracked 
| 178|0x00000000eb200000, 0x00000000eb200000, 0x00000000eb300000|  0%| F|  |TAMS 0x00000000eb200000, 0x00000000eb200000| Untracked 
| 179|0x00000000eb300000, 0x00000000eb300000, 0x00000000eb400000|  0%| F|  |TAMS 0x00000000eb300000, 0x00000000eb300000| Untracked 
| 180|0x00000000eb400000, 0x00000000eb400000, 0x00000000eb500000|  0%| F|  |TAMS 0x00000000eb400000, 0x00000000eb400000| Untracked 
| 181|0x00000000eb500000, 0x00000000eb500000, 0x00000000eb600000|  0%| F|  |TAMS 0x00000000eb500000, 0x00000000eb500000| Untracked 
| 182|0x00000000eb600000, 0x00000000eb600000, 0x00000000eb700000|  0%| F|  |TAMS 0x00000000eb600000, 0x00000000eb600000| Untracked 
| 183|0x00000000eb700000, 0x00000000eb700000, 0x00000000eb800000|  0%| F|  |TAMS 0x00000000eb700000, 0x00000000eb700000| Untracked 
| 184|0x00000000eb800000, 0x00000000eb800000, 0x00000000eb900000|  0%| F|  |TAMS 0x00000000eb800000, 0x00000000eb800000| Untracked 
| 185|0x00000000eb900000, 0x00000000eb900000, 0x00000000eba00000|  0%| F|  |TAMS 0x00000000eb900000, 0x00000000eb900000| Untracked 
| 186|0x00000000eba00000, 0x00000000eba00000, 0x00000000ebb00000|  0%| F|  |TAMS 0x00000000eba00000, 0x00000000eba00000| Untracked 
| 187|0x00000000ebb00000, 0x00000000ebb00000, 0x00000000ebc00000|  0%| F|  |TAMS 0x00000000ebb00000, 0x00000000ebb00000| Untracked 
| 188|0x00000000ebc00000, 0x00000000ebc00000, 0x00000000ebd00000|  0%| F|  |TAMS 0x00000000ebc00000, 0x00000000ebc00000| Untracked 
| 189|0x00000000ebd00000, 0x00000000ebd00000, 0x00000000ebe00000|  0%| F|  |TAMS 0x00000000ebd00000, 0x00000000ebd00000| Untracked 
| 190|0x00000000ebe00000, 0x00000000ebe00000, 0x00000000ebf00000|  0%| F|  |TAMS 0x00000000ebe00000, 0x00000000ebe00000| Untracked 
| 191|0x00000000ebf00000, 0x00000000ebf00000, 0x00000000ec000000|  0%| F|  |TAMS 0x00000000ebf00000, 0x00000000ebf00000| Untracked 
| 192|0x00000000ec000000, 0x00000000ec000000, 0x00000000ec100000|  0%| F|  |TAMS 0x00000000ec000000, 0x00000000ec000000| Untracked 
| 193|0x00000000ec100000, 0x00000000ec100000, 0x00000000ec200000|  0%| F|  |TAMS 0x00000000ec100000, 0x00000000ec100000| Untracked 
| 194|0x00000000ec200000, 0x00000000ec200000, 0x00000000ec300000|  0%| F|  |TAMS 0x00000000ec200000, 0x00000000ec200000| Untracked 
| 195|0x00000000ec300000, 0x00000000ec300000, 0x00000000ec400000|  0%| F|  |TAMS 0x00000000ec300000, 0x00000000ec300000| Untracked 
| 196|0x00000000ec400000, 0x00000000ec400000, 0x00000000ec500000|  0%| F|  |TAMS 0x00000000ec400000, 0x00000000ec400000| Untracked 
| 197|0x00000000ec500000, 0x00000000ec500000, 0x00000000ec600000|  0%| F|  |TAMS 0x00000000ec500000, 0x00000000ec500000| Untracked 
| 198|0x00000000ec600000, 0x00000000ec600000, 0x00000000ec700000|  0%| F|  |TAMS 0x00000000ec600000, 0x00000000ec600000| Untracked 
| 199|0x00000000ec700000, 0x00000000ec700000, 0x00000000ec800000|  0%| F|  |TAMS 0x00000000ec700000, 0x00000000ec700000| Untracked 
| 200|0x00000000ec800000, 0x00000000ec800000, 0x00000000ec900000|  0%| F|  |TAMS 0x00000000ec800000, 0x00000000ec800000| Untracked 
| 201|0x00000000ec900000, 0x00000000ec900000, 0x00000000eca00000|  0%| F|  |TAMS 0x00000000ec900000, 0x00000000ec900000| Untracked 
| 202|0x00000000eca00000, 0x00000000eca00000, 0x00000000ecb00000|  0%| F|  |TAMS 0x00000000eca00000, 0x00000000eca00000| Untracked 
| 203|0x00000000ecb00000, 0x00000000ecb00000, 0x00000000ecc00000|  0%| F|  |TAMS 0x00000000ecb00000, 0x00000000ecb00000| Untracked 
| 204|0x00000000ecc00000, 0x00000000ecc00000, 0x00000000ecd00000|  0%| F|  |TAMS 0x00000000ecc00000, 0x00000000ecc00000| Untracked 
| 205|0x00000000ecd00000, 0x00000000ecd00000, 0x00000000ece00000|  0%| F|  |TAMS 0x00000000ecd00000, 0x00000000ecd00000| Untracked 
| 206|0x00000000ece00000, 0x00000000ece00000, 0x00000000ecf00000|  0%| F|  |TAMS 0x00000000ece00000, 0x00000000ece00000| Untracked 
| 207|0x00000000ecf00000, 0x00000000ecf00000, 0x00000000ed000000|  0%| F|  |TAMS 0x00000000ecf00000, 0x00000000ecf00000| Untracked 
| 208|0x00000000ed000000, 0x00000000ed000000, 0x00000000ed100000|  0%| F|  |TAMS 0x00000000ed000000, 0x00000000ed000000| Untracked 
| 209|0x00000000ed100000, 0x00000000ed100000, 0x00000000ed200000|  0%| F|  |TAMS 0x00000000ed100000, 0x00000000ed100000| Untracked 
| 210|0x00000000ed200000, 0x00000000ed200000, 0x00000000ed300000|  0%| F|  |TAMS 0x00000000ed200000, 0x00000000ed200000| Untracked 
| 211|0x00000000ed300000, 0x00000000ed300000, 0x00000000ed400000|  0%| F|  |TAMS 0x00000000ed300000, 0x00000000ed300000| Untracked 
| 212|0x00000000ed400000, 0x00000000ed400000, 0x00000000ed500000|  0%| F|  |TAMS 0x00000000ed400000, 0x00000000ed400000| Untracked 
| 213|0x00000000ed500000, 0x00000000ed500000, 0x00000000ed600000|  0%| F|  |TAMS 0x00000000ed500000, 0x00000000ed500000| Untracked 
| 214|0x00000000ed600000, 0x00000000ed600000, 0x00000000ed700000|  0%| F|  |TAMS 0x00000000ed600000, 0x00000000ed600000| Untracked 
| 215|0x00000000ed700000, 0x00000000ed700000, 0x00000000ed800000|  0%| F|  |TAMS 0x00000000ed700000, 0x00000000ed700000| Untracked 
| 216|0x00000000ed800000, 0x00000000ed800000, 0x00000000ed900000|  0%| F|  |TAMS 0x00000000ed800000, 0x00000000ed800000| Untracked 
| 217|0x00000000ed900000, 0x00000000ed900000, 0x00000000eda00000|  0%| F|  |TAMS 0x00000000ed900000, 0x00000000ed900000| Untracked 
| 218|0x00000000eda00000, 0x00000000eda00000, 0x00000000edb00000|  0%| F|  |TAMS 0x00000000eda00000, 0x00000000eda00000| Untracked 
| 219|0x00000000edb00000, 0x00000000edb00000, 0x00000000edc00000|  0%| F|  |TAMS 0x00000000edb00000, 0x00000000edb00000| Untracked 
| 220|0x00000000edc00000, 0x00000000edc00000, 0x00000000edd00000|  0%| F|  |TAMS 0x00000000edc00000, 0x00000000edc00000| Untracked 
| 221|0x00000000edd00000, 0x00000000edd00000, 0x00000000ede00000|  0%| F|  |TAMS 0x00000000edd00000, 0x00000000edd00000| Untracked 
| 222|0x00000000ede00000, 0x00000000ede00000, 0x00000000edf00000|  0%| F|  |TAMS 0x00000000ede00000, 0x00000000ede00000| Untracked 
| 223|0x00000000edf00000, 0x00000000edf00000, 0x00000000ee000000|  0%| F|  |TAMS 0x00000000edf00000, 0x00000000edf00000| Untracked 
| 224|0x00000000ee000000, 0x00000000ee000000, 0x00000000ee100000|  0%| F|  |TAMS 0x00000000ee000000, 0x00000000ee000000| Untracked 
| 225|0x00000000ee100000, 0x00000000ee100000, 0x00000000ee200000|  0%| F|  |TAMS 0x00000000ee100000, 0x00000000ee100000| Untracked 
| 226|0x00000000ee200000, 0x00000000ee200000, 0x00000000ee300000|  0%| F|  |TAMS 0x00000000ee200000, 0x00000000ee200000| Untracked 
| 227|0x00000000ee300000, 0x00000000ee300000, 0x00000000ee400000|  0%| F|  |TAMS 0x00000000ee300000, 0x00000000ee300000| Untracked 
| 228|0x00000000ee400000, 0x00000000ee400000, 0x00000000ee500000|  0%| F|  |TAMS 0x00000000ee400000, 0x00000000ee400000| Untracked 
| 229|0x00000000ee500000, 0x00000000ee500000, 0x00000000ee600000|  0%| F|  |TAMS 0x00000000ee500000, 0x00000000ee500000| Untracked 
| 230|0x00000000ee600000, 0x00000000ee600000, 0x00000000ee700000|  0%| F|  |TAMS 0x00000000ee600000, 0x00000000ee600000| Untracked 
| 231|0x00000000ee700000, 0x00000000ee700000, 0x00000000ee800000|  0%| F|  |TAMS 0x00000000ee700000, 0x00000000ee700000| Untracked 
| 232|0x00000000ee800000, 0x00000000ee800000, 0x00000000ee900000|  0%| F|  |TAMS 0x00000000ee800000, 0x00000000ee800000| Untracked 
| 233|0x00000000ee900000, 0x00000000ee900000, 0x00000000eea00000|  0%| F|  |TAMS 0x00000000ee900000, 0x00000000ee900000| Untracked 
| 234|0x00000000eea00000, 0x00000000eeac9c28, 0x00000000eeb00000| 78%| E|  |TAMS 0x00000000eea00000, 0x00000000eea00000| Complete 
| 235|0x00000000eeb00000, 0x00000000eec00000, 0x00000000eec00000|100%| E|CS|TAMS 0x00000000eeb00000, 0x00000000eeb00000| Complete 
| 236|0x00000000eec00000, 0x00000000eed00000, 0x00000000eed00000|100%| E|CS|TAMS 0x00000000eec00000, 0x00000000eec00000| Complete 
| 237|0x00000000eed00000, 0x00000000eee00000, 0x00000000eee00000|100%| E|CS|TAMS 0x00000000eed00000, 0x00000000eed00000| Complete 
| 238|0x00000000eee00000, 0x00000000eef00000, 0x00000000eef00000|100%| E|CS|TAMS 0x00000000eee00000, 0x00000000eee00000| Complete 
| 239|0x00000000eef00000, 0x00000000ef000000, 0x00000000ef000000|100%| E|CS|TAMS 0x00000000eef00000, 0x00000000eef00000| Complete 
| 240|0x00000000ef000000, 0x00000000ef100000, 0x00000000ef100000|100%| E|CS|TAMS 0x00000000ef000000, 0x00000000ef000000| Complete 
| 241|0x00000000ef100000, 0x00000000ef200000, 0x00000000ef200000|100%| E|CS|TAMS 0x00000000ef100000, 0x00000000ef100000| Complete 
| 242|0x00000000ef200000, 0x00000000ef300000, 0x00000000ef300000|100%| E|CS|TAMS 0x00000000ef200000, 0x00000000ef200000| Complete 
| 243|0x00000000ef300000, 0x00000000ef400000, 0x00000000ef400000|100%| E|CS|TAMS 0x00000000ef300000, 0x00000000ef300000| Complete 
| 244|0x00000000ef400000, 0x00000000ef500000, 0x00000000ef500000|100%| E|CS|TAMS 0x00000000ef400000, 0x00000000ef400000| Complete 
| 245|0x00000000ef500000, 0x00000000ef600000, 0x00000000ef600000|100%| E|CS|TAMS 0x00000000ef500000, 0x00000000ef500000| Complete 
| 246|0x00000000ef600000, 0x00000000ef700000, 0x00000000ef700000|100%| E|CS|TAMS 0x00000000ef600000, 0x00000000ef600000| Complete 
| 247|0x00000000ef700000, 0x00000000ef800000, 0x00000000ef800000|100%| E|CS|TAMS 0x00000000ef700000, 0x00000000ef700000| Complete 
| 248|0x00000000ef800000, 0x00000000ef900000, 0x00000000ef900000|100%| E|CS|TAMS 0x00000000ef800000, 0x00000000ef800000| Complete 
| 249|0x00000000ef900000, 0x00000000efa00000, 0x00000000efa00000|100%| E|CS|TAMS 0x00000000ef900000, 0x00000000ef900000| Complete 
| 250|0x00000000efa00000, 0x00000000efb00000, 0x00000000efb00000|100%| E|CS|TAMS 0x00000000efa00000, 0x00000000efa00000| Complete 
| 251|0x00000000efb00000, 0x00000000efc00000, 0x00000000efc00000|100%| E|CS|TAMS 0x00000000efb00000, 0x00000000efb00000| Complete 
| 252|0x00000000efc00000, 0x00000000efd00000, 0x00000000efd00000|100%| E|CS|TAMS 0x00000000efc00000, 0x00000000efc00000| Complete 
| 253|0x00000000efd00000, 0x00000000efe00000, 0x00000000efe00000|100%| E|CS|TAMS 0x00000000efd00000, 0x00000000efd00000| Complete 
| 254|0x00000000efe00000, 0x00000000eff00000, 0x00000000eff00000|100%| E|CS|TAMS 0x00000000efe00000, 0x00000000efe00000| Complete 
| 255|0x00000000eff00000, 0x00000000f0000000, 0x00000000f0000000|100%| E|CS|TAMS 0x00000000eff00000, 0x00000000eff00000| Complete 

Card table byte_map: [0x000001805c200000,0x000001805c300000] _byte_map_base: 0x000001805bb00000

Marking Bits (Prev, Next): (CMBitMap*) 0x00000180452d08c0, (CMBitMap*) 0x00000180452d0900
 Prev Bits: [0x000001805c400000, 0x000001805cc00000)
 Next Bits: [0x000001805cc00000, 0x000001805d400000)

Polling page: 0x0000018043020000

Metaspace:

Usage:
  Non-class:     44.06 MB used.
      Class:      7.27 MB used.
       Both:     51.32 MB used.

Virtual space:
  Non-class space:       64.00 MB reserved,      44.88 MB ( 70%) committed,  1 nodes.
      Class space:      208.00 MB reserved,       8.12 MB (  4%) committed,  1 nodes.
             Both:      272.00 MB reserved,      53.00 MB ( 19%) committed. 

Chunk freelists:
   Non-Class:  2.28 MB
       Class:  3.78 MB
        Both:  6.06 MB

MaxMetaspaceSize: 256.00 MB
CompressedClassSpaceSize: 208.00 MB
Initial GC threshold: 21.00 MB
Current GC threshold: 59.00 MB
CDS: on
MetaspaceReclaimPolicy: balanced
 - commit_granule_bytes: 65536.
 - commit_granule_words: 8192.
 - virtual_space_node_default_size: 8388608.
 - enlarge_chunks_in_place: 1.
 - new_chunks_are_fully_committed: 0.
 - uncommit_free_chunks: 1.
 - use_allocation_guard: 0.


Internal statistics:

num_allocs_failed_limit: 6.
num_arena_births: 3076.
num_arena_deaths: 0.
num_vsnodes_births: 2.
num_vsnodes_deaths: 0.
num_space_committed: 848.
num_space_uncommitted: 0.
num_chunks_returned_to_freelist: 6.
num_chunks_taken_from_freelist: 5650.
num_chunk_merges: 6.
num_chunk_splits: 3560.
num_chunks_enlarged: 2078.
num_inconsistent_stats: 0.

CodeHeap 'non-profiled nmethods': size=120000Kb used=2567Kb max_used=2892Kb free=117432Kb
 bounds [0x0000018054cd0000, 0x0000018054fb0000, 0x000001805c200000]
CodeHeap 'profiled nmethods': size=120000Kb used=10564Kb max_used=11431Kb free=109435Kb
 bounds [0x000001804d200000, 0x000001804dd30000, 0x0000018054730000]
CodeHeap 'non-nmethods': size=5760Kb used=2426Kb max_used=2464Kb free=3333Kb
 bounds [0x0000018054730000, 0x00000180549a0000, 0x0000018054cd0000]
 total_blobs=6186 nmethods=5321 adapters=774
 compilation: enabled
              stopped_count=0, restarted_count=0
 full_count=0

Compilation events (20 events):
Event: 22.549 Thread 0x000001805fa21ee0 6191       3       org.gradle.api.internal.tasks.compile.incremental.deps.ClassSetAnalysisData$Serializer$$Lambda$1081/0x000000080182fdc0::get (8 bytes)
Event: 22.549 Thread 0x000001805fa21ee0 nmethod 6191 0x000001804d765e10 code [0x000001804d765fc0, 0x000001804d766118]
Event: 22.549 Thread 0x000001805fa21ee0 6192       3       org.gradle.api.internal.tasks.compile.incremental.deps.ClassSetAnalysisData$Serializer::lambda$read$0 (2 bytes)
Event: 22.549 Thread 0x000001805fa21ee0 nmethod 6192 0x000001804d31a110 code [0x000001804d31a2a0, 0x000001804d31a398]
Event: 22.553 Thread 0x000001805fa21ee0 6195       1       org.gradle.internal.resources.AbstractResourceLockRegistry$ThreadLockDetails::access$000 (5 bytes)
Event: 22.553 Thread 0x000001805fa21ee0 nmethod 6195 0x0000018054cf7e90 code [0x0000018054cf8020, 0x0000018054cf80d8]
Event: 22.557 Thread 0x000001805fa21ee0 6196       3       org.gradle.internal.io.StreamByteBuffer::allocateSpace (73 bytes)
Event: 22.557 Thread 0x000001805fa21ee0 nmethod 6196 0x000001804d9a0610 code [0x000001804d9a0820, 0x000001804d9a0f88]
Event: 22.557 Thread 0x000001805fa21ee0 6197       3       org.gradle.internal.io.StreamByteBuffer$StreamByteBufferChunk::spaceLeft (10 bytes)
Event: 22.557 Thread 0x000001805fa21ee0 nmethod 6197 0x000001804d8de390 code [0x000001804d8de520, 0x000001804d8de638]
Event: 22.560 Thread 0x000001805fa21ee0 6199       2       com.google.common.collect.MapMakerInternalMap$Segment::copyEntry (19 bytes)
Event: 22.560 Thread 0x000001805fa21ee0 nmethod 6199 0x000001804d9a0210 code [0x000001804d9a03c0, 0x000001804d9a0538]
Event: 22.561 Thread 0x000001805fa21ee0 6200       2       com.google.common.collect.MapMakerInternalMap$WeakKeyDummyValueEntry$Helper::copy (17 bytes)
Event: 22.561 Thread 0x000001805fa21ee0 nmethod 6200 0x000001804d99fc90 code [0x000001804d99fe40, 0x000001804d9a0068]
Event: 22.561 Thread 0x000001805fa21ee0 6201       2       com.google.common.collect.MapMakerInternalMap$WeakKeyDummyValueEntry$Helper::copy (19 bytes)
Event: 22.561 Thread 0x000001805fa21ee0 nmethod 6201 0x000001804d99f810 code [0x000001804d99f9c0, 0x000001804d99fb68]
Event: 22.561 Thread 0x000001805fa21ee0 6202       2       com.google.common.collect.MapMakerInternalMap$WeakKeyDummyValueEntry::copy (18 bytes)
Event: 22.561 Thread 0x000001805fa21ee0 nmethod 6202 0x000001804d99f390 code [0x000001804d99f540, 0x000001804d99f708]
Event: 22.563 Thread 0x000001805fa21ee0 6205   !   2       com.esotericsoftware.kryo.io.Input::fill (32 bytes)
Event: 22.564 Thread 0x000001805fa21ee0 nmethod 6205 0x000001804d99ee10 code [0x000001804d99efe0, 0x000001804d99f218]

GC Heap History (14 events):
Event: 6.173 GC heap before
{Heap before GC invocations=0 (full 0):
 garbage-first heap   total 262144K, used 12288K [0x00000000e0000000, 0x0000000100000000)
  region size 1024K, 13 young (13312K), 0 survivors (0K)
 Metaspace       used 934K, committed 1088K, reserved 278528K
  class space    used 71K, committed 128K, reserved 212992K
}
Event: 6.176 GC heap after
{Heap after GC invocations=1 (full 0):
 garbage-first heap   total 262144K, used 3967K [0x00000000e0000000, 0x0000000100000000)
  region size 1024K, 2 young (2048K), 2 survivors (2048K)
 Metaspace       used 934K, committed 1088K, reserved 278528K
  class space    used 71K, committed 128K, reserved 212992K
}
Event: 8.781 GC heap before
{Heap before GC invocations=1 (full 0):
 garbage-first heap   total 262144K, used 21375K [0x00000000e0000000, 0x0000000100000000)
  region size 1024K, 17 young (17408K), 2 survivors (2048K)
 Metaspace       used 3877K, committed 4096K, reserved 278528K
  class space    used 467K, committed 576K, reserved 212992K
}
Event: 8.785 GC heap after
{Heap after GC invocations=2 (full 0):
 garbage-first heap   total 262144K, used 9265K [0x00000000e0000000, 0x0000000100000000)
  region size 1024K, 3 young (3072K), 3 survivors (3072K)
 Metaspace       used 3877K, committed 4096K, reserved 278528K
  class space    used 467K, committed 576K, reserved 212992K
}
Event: 13.441 GC heap before
{Heap before GC invocations=2 (full 0):
 garbage-first heap   total 262144K, used 32817K [0x00000000e0000000, 0x0000000100000000)
  region size 1024K, 25 young (25600K), 3 survivors (3072K)
 Metaspace       used 4021K, committed 4224K, reserved 278528K
  class space    used 469K, committed 576K, reserved 212992K
}
Event: 13.445 GC heap after
{Heap after GC invocations=3 (full 0):
 garbage-first heap   total 262144K, used 13367K [0x00000000e0000000, 0x0000000100000000)
  region size 1024K, 4 young (4096K), 4 survivors (4096K)
 Metaspace       used 4021K, committed 4224K, reserved 278528K
  class space    used 469K, committed 576K, reserved 212992K
}
Event: 16.090 GC heap before
{Heap before GC invocations=3 (full 0):
 garbage-first heap   total 262144K, used 98359K [0x00000000e0000000, 0x0000000100000000)
  region size 1024K, 88 young (90112K), 4 survivors (4096K)
 Metaspace       used 20847K, committed 21504K, reserved 278528K
  class space    used 2996K, committed 3328K, reserved 212992K
}
Event: 16.106 GC heap after
{Heap after GC invocations=4 (full 0):
 garbage-first heap   total 262144K, used 20889K [0x00000000e0000000, 0x0000000100000000)
  region size 1024K, 12 young (12288K), 12 survivors (12288K)
 Metaspace       used 20847K, committed 21504K, reserved 278528K
  class space    used 2996K, committed 3328K, reserved 212992K
}
Event: 18.350 GC heap before
{Heap before GC invocations=5 (full 0):
 garbage-first heap   total 262144K, used 119193K [0x00000000e0000000, 0x0000000100000000)
  region size 1024K, 106 young (108544K), 12 survivors (12288K)
 Metaspace       used 34615K, committed 35840K, reserved 278528K
  class space    used 4723K, committed 5376K, reserved 212992K
}
Event: 18.377 GC heap after
{Heap after GC invocations=6 (full 0):
 garbage-first heap   total 262144K, used 28974K [0x00000000e0000000, 0x0000000100000000)
  region size 1024K, 9 young (9216K), 9 survivors (9216K)
 Metaspace       used 34615K, committed 35840K, reserved 278528K
  class space    used 4723K, committed 5376K, reserved 212992K
}
Event: 18.454 GC heap before
{Heap before GC invocations=6 (full 0):
 garbage-first heap   total 262144K, used 32046K [0x00000000e0000000, 0x0000000100000000)
  region size 1024K, 13 young (13312K), 9 survivors (9216K)
 Metaspace       used 34929K, committed 36096K, reserved 278528K
  class space    used 4766K, committed 5376K, reserved 212992K
}
Event: 18.465 GC heap after
{Heap after GC invocations=7 (full 0):
 garbage-first heap   total 262144K, used 28503K [0x00000000e0000000, 0x0000000100000000)
  region size 1024K, 8 young (8192K), 8 survivors (8192K)
 Metaspace       used 34929K, committed 36096K, reserved 278528K
  class space    used 4766K, committed 5376K, reserved 212992K
}
Event: 22.303 GC heap before
{Heap before GC invocations=8 (full 0):
 garbage-first heap   total 262144K, used 178007K [0x00000000e0000000, 0x0000000100000000)
  region size 1024K, 153 young (156672K), 8 survivors (8192K)
 Metaspace       used 51327K, committed 53056K, reserved 278528K
  class space    used 7234K, committed 8128K, reserved 212992K
}
Event: 22.332 GC heap after
{Heap after GC invocations=9 (full 0):
 garbage-first heap   total 262144K, used 40155K [0x00000000e0000000, 0x0000000100000000)
  region size 1024K, 20 young (20480K), 20 survivors (20480K)
 Metaspace       used 51327K, committed 53056K, reserved 278528K
  class space    used 7234K, committed 8128K, reserved 212992K
}

Dll operation events (13 events):
Event: 0.012 Loaded shared library C:\Users\LENOVO\.jdks\openjdk-19.0.1\bin\java.dll
Event: 0.028 Loaded shared library C:\Users\LENOVO\.jdks\openjdk-19.0.1\bin\jsvml.dll
Event: 0.121 Loaded shared library C:\Users\LENOVO\.jdks\openjdk-19.0.1\bin\net.dll
Event: 0.123 Loaded shared library C:\Users\LENOVO\.jdks\openjdk-19.0.1\bin\nio.dll
Event: 0.249 Loaded shared library C:\Users\LENOVO\.jdks\openjdk-19.0.1\bin\zip.dll
Event: 3.478 Loaded shared library C:\Users\LENOVO\.jdks\openjdk-19.0.1\bin\jimage.dll
Event: 4.578 Loaded shared library C:\Users\LENOVO\.jdks\openjdk-19.0.1\bin\verify.dll
Event: 8.081 Loaded shared library C:\Users\LENOVO\.gradle\native\68d5fa5c4cc2d200863cafc0d521ce42e7d3e7ee720ec0a83991735586a16f82\windows-amd64\native-platform.dll
Event: 8.402 Loaded shared library C:\Users\LENOVO\.gradle\native\e376f236ea51e6404a007f0833ffe2c6e607c4080706a723a18a27aeea778392\windows-amd64\native-platform-file-events.dll
Event: 13.767 Loaded shared library C:\Users\LENOVO\.jdks\openjdk-19.0.1\bin\management.dll
Event: 13.774 Loaded shared library C:\Users\LENOVO\.jdks\openjdk-19.0.1\bin\management_ext.dll
Event: 14.055 Loaded shared library C:\Users\LENOVO\.jdks\openjdk-19.0.1\bin\extnet.dll
Event: 14.365 Loaded shared library C:\Users\LENOVO\.jdks\openjdk-19.0.1\bin\sunmscapi.dll

Deoptimization events (20 events):
Event: 22.100 Thread 0x00000180661cb560 DEOPT PACKING pc=0x0000018054f05408 sp=0x0000001b1d7fd740
Event: 22.100 Thread 0x00000180661cb560 DEOPT UNPACKING pc=0x0000018054796da3 sp=0x0000001b1d7fd628 mode 2
Event: 22.100 Thread 0x00000180661cb560 Uncommon trap: trap_request=0xffffffc6 fr.pc=0x0000018054f14afc relative=0x00000000000003fc
Event: 22.101 Thread 0x00000180661cb560 Uncommon trap: reason=bimorphic_or_optimized_type_check action=maybe_recompile pc=0x0000018054f14afc method=java.util.stream.ReferencePipeline.forEachWithCancel(Ljava/util/Spliterator;Ljava/util/stream/Sink;)Z @ 1 c2
Event: 22.101 Thread 0x00000180661cb560 DEOPT PACKING pc=0x0000018054f14afc sp=0x0000001b1d7fd2a0
Event: 22.101 Thread 0x00000180661cb560 DEOPT UNPACKING pc=0x0000018054796da3 sp=0x0000001b1d7fd0f8 mode 2
Event: 22.170 Thread 0x00000180661cb560 Uncommon trap: trap_request=0xffffff45 fr.pc=0x0000018054db457c relative=0x00000000000002dc
Event: 22.170 Thread 0x00000180661cb560 Uncommon trap: reason=unstable_if action=reinterpret pc=0x0000018054db457c method=java.lang.String.regionMatches(ZILjava/lang/String;II)Z @ 1 c2
Event: 22.170 Thread 0x00000180661cb560 DEOPT PACKING pc=0x0000018054db457c sp=0x0000001b1d7f9c60
Event: 22.170 Thread 0x00000180661cb560 DEOPT UNPACKING pc=0x0000018054796da3 sp=0x0000001b1d7f9c08 mode 2
Event: 22.196 Thread 0x00000180661cb560 Uncommon trap: trap_request=0xffffff45 fr.pc=0x0000018054e4b47c relative=0x00000000000005bc
Event: 22.196 Thread 0x00000180661cb560 Uncommon trap: reason=unstable_if action=reinterpret pc=0x0000018054e4b47c method=java.lang.StringLatin1.compareToCI([B[B)I @ 68 c2
Event: 22.196 Thread 0x00000180661cb560 DEOPT PACKING pc=0x0000018054e4b47c sp=0x0000001b1d7fa440
Event: 22.196 Thread 0x00000180661cb560 DEOPT UNPACKING pc=0x0000018054796da3 sp=0x0000001b1d7fa330 mode 2
Event: 22.297 Thread 0x00000180661cb560 Uncommon trap: trap_request=0xffffff45 fr.pc=0x0000018054e2bc2c relative=0x000000000000056c
Event: 22.297 Thread 0x00000180661cb560 Uncommon trap: reason=unstable_if action=reinterpret pc=0x0000018054e2bc2c method=java.lang.StringLatin1.compareToCI([B[B)I @ 68 c2
Event: 22.297 Thread 0x00000180661cb560 DEOPT PACKING pc=0x0000018054e2bc2c sp=0x0000001b1d7fade0
Event: 22.297 Thread 0x00000180661cb560 DEOPT UNPACKING pc=0x0000018054796da3 sp=0x0000001b1d7fad68 mode 2
Event: 22.469 Thread 0x00000180661cb560 DEOPT PACKING pc=0x000001804d708323 sp=0x0000001b1d7fb240
Event: 22.469 Thread 0x00000180661cb560 DEOPT UNPACKING pc=0x0000018054797543 sp=0x0000001b1d7fa6b0 mode 0

Classes loaded (20 events):
Event: 22.099 Loading class java/util/TreeMap$TreeMapSpliterator done
Event: 22.099 Loading class java/util/TreeMap$KeySpliterator done
Event: 22.107 Loading class java/io/SerialCallbackContext
Event: 22.107 Loading class java/io/SerialCallbackContext done
Event: 22.152 Loading class java/util/stream/ReferencePipeline$4
Event: 22.153 Loading class java/util/stream/ReferencePipeline$4 done
Event: 22.153 Loading class java/util/function/IntBinaryOperator
Event: 22.153 Loading class java/util/function/IntBinaryOperator done
Event: 22.153 Loading class java/util/stream/ReduceOps$6
Event: 22.154 Loading class java/util/stream/ReduceOps$6 done
Event: 22.154 Loading class java/util/stream/ReduceOps$5ReducingSink
Event: 22.154 Loading class java/util/stream/ReduceOps$5ReducingSink done
Event: 22.154 Loading class java/util/stream/ReferencePipeline$4$1
Event: 22.154 Loading class java/util/stream/ReferencePipeline$4$1 done
Event: 22.464 Loading class java/util/LinkedList$LLSpliterator
Event: 22.464 Loading class java/util/LinkedList$LLSpliterator done
Event: 22.537 Loading class java/util/PrimitiveIterator$OfInt
Event: 22.537 Loading class java/util/PrimitiveIterator
Event: 22.537 Loading class java/util/PrimitiveIterator done
Event: 22.537 Loading class java/util/PrimitiveIterator$OfInt done

Classes unloaded (0 events):
No events

Classes redefined (0 events):
No events

Internal exceptions (20 events):
Event: 21.978 Thread 0x0000018065454590 Exception <a 'java/lang/ClassNotFoundException'{0x00000000e73fb848}: org/gradle/api/tasks/CopyCustomizer> (0x00000000e73fb848) 
thrown [s\open\src\hotspot\share\classfile\systemDictionary.cpp, line 255]
Event: 21.979 Thread 0x0000018065454590 Exception <a 'java/lang/ClassNotFoundException'{0x00000000e721ca90}: org/gradle/language/jvm/tasks/ProcessResourcesCustomizer> (0x00000000e721ca90) 
thrown [s\open\src\hotspot\share\classfile\systemDictionary.cpp, line 255]
Event: 21.980 Thread 0x0000018065454590 Exception <a 'java/lang/ClassNotFoundException'{0x00000000e723a858}: org/gradle/language/jvm/tasks/ProcessResources_DecoratedCustomizer> (0x00000000e723a858) 
thrown [s\open\src\hotspot\share\classfile\systemDictionary.cpp, line 255]
Event: 21.984 Thread 0x0000018065454590 Exception <a 'java/lang/ClassNotFoundException'{0x00000000e72d0cc8}: org/gradle/api/DefaultTask_DecoratedBeanInfo> (0x00000000e72d0cc8) 
thrown [s\open\src\hotspot\share\classfile\systemDictionary.cpp, line 255]
Event: 21.984 Thread 0x0000018065454590 Exception <a 'java/lang/ClassNotFoundException'{0x00000000e72d9b68}: org/gradle/api/DefaultTask_DecoratedCustomizer> (0x00000000e72d9b68) 
thrown [s\open\src\hotspot\share\classfile\systemDictionary.cpp, line 255]
Event: 21.989 Thread 0x0000018065454590 Exception <a 'java/lang/ClassNotFoundException'{0x00000000e717bd08}: org/gradle/api/tasks/JavaExec_DecoratedBeanInfo> (0x00000000e717bd08) 
thrown [s\open\src\hotspot\share\classfile\systemDictionary.cpp, line 255]
Event: 21.989 Thread 0x0000018065454590 Exception <a 'java/lang/ClassNotFoundException'{0x00000000e7186808}: org/gradle/api/tasks/JavaExecBeanInfo> (0x00000000e7186808) 
thrown [s\open\src\hotspot\share\classfile\systemDictionary.cpp, line 255]
Event: 21.989 Thread 0x0000018065454590 Exception <a 'java/lang/ClassNotFoundException'{0x00000000e71910c0}: org/gradle/api/tasks/JavaExecCustomizer> (0x00000000e71910c0) 
thrown [s\open\src\hotspot\share\classfile\systemDictionary.cpp, line 255]
Event: 21.992 Thread 0x0000018065454590 Exception <a 'java/lang/ClassNotFoundException'{0x00000000e71f1ff0}: org/gradle/api/tasks/JavaExec_DecoratedCustomizer> (0x00000000e71f1ff0) 
thrown [s\open\src\hotspot\share\classfile\systemDictionary.cpp, line 255]
Event: 22.033 Thread 0x00000180661cb560 Exception <a 'java/lang/NoSuchMethodError'{0x00000000e6ecd2c8}: 'java.lang.Object java.lang.invoke.DirectMethodHandle$Holder.newInvokeSpecial(java.lang.Object, java.lang.Object, java.lang.Object, java.lang.Object, int, java.lang.Object)'> (0x00000000e6ecd2c8) 
thrown [s\open\src\hotspot\share\interpreter\linkResolver.cpp, line 774]
Event: 22.033 Thread 0x00000180661cb560 Exception <a 'java/lang/NoSuchMethodError'{0x00000000e6ed15a0}: 'java.lang.Object java.lang.invoke.Invokers$Holder.linkToTargetMethod(java.lang.Object, java.lang.Object, java.lang.Object, int, java.lang.Object, java.lang.Object)'> (0x00000000e6ed15a0) 
thrown [s\open\src\hotspot\share\interpreter\linkResolver.cpp, line 774]
Event: 22.088 Thread 0x00000180661cb560 Exception <a 'java/lang/NoSuchMethodError'{0x00000000e6ca53d0}: 'java.lang.Object java.lang.invoke.DirectMethodHandle$Holder.invokeVirtual(java.lang.Object, java.lang.Object, java.lang.Object, java.lang.Object, java.lang.Object, java.lang.Object, java.lang.Object, java.lang.Object, java.lang.Object, java.lang.Object, java.lang.Object, java.lang.Object, java.lang.Object, java.lang.Object, java.lang.Object, java.lang.Object, java.lang.Object, java.lang.Object, java.lang.Object, java.lang.Object, java.lang.Ob
Event: 22.089 Thread 0x00000180661cb560 Exception <a 'java/lang/NoSuchMethodError'{0x00000000e6cabb10}: 'java.lang.Object java.lang.invoke.DirectMethodHandle$Holder.invokeSpecial(java.lang.Object, java.lang.Object, java.lang.Object, java.lang.Object, java.lang.Object, java.lang.Object, java.lang.Object, java.lang.Object, java.lang.Object, java.lang.Object, java.lang.Object, java.lang.Object, java.lang.Object, java.lang.Object, java.lang.Object, java.lang.Object, java.lang.Object, java.lang.Object, java.lang.Object, java.lang.Object, java.lang.Ob
Event: 22.089 Thread 0x00000180661cb560 Exception <a 'java/lang/NoSuchMethodError'{0x00000000e6cb12f8}: 'java.lang.Object java.lang.invoke.DelegatingMethodHandle$Holder.reinvoke_L(java.lang.Object, java.lang.Object, java.lang.Object, java.lang.Object, java.lang.Object, java.lang.Object, java.lang.Object, java.lang.Object, java.lang.Object, java.lang.Object, java.lang.Object, java.lang.Object, java.lang.Object, java.lang.Object, java.lang.Object, java.lang.Object, java.lang.Object, java.lang.Object, java.lang.Object, java.lang.Object, java.lang.O
Event: 22.103 Thread 0x0000018065406b10 Exception <a 'java/lang/NoSuchMethodError'{0x00000000e7c1fbc8}: static Lorg/gradle/internal/build/event/types/DefaultTaskStartedProgressEvent;.<clinit>()V> (0x00000000e7c1fbc8) 
thrown [s\open\src\hotspot\share\prims\jni.cpp, line 1107]
Event: 22.104 Thread 0x0000018065406b10 Exception <a 'java/lang/NoSuchMethodError'{0x00000000e7c29890}: static Lorg/gradle/internal/build/event/types/DefaultTaskDescriptor;.<clinit>()V> (0x00000000e7c29890) 
thrown [s\open\src\hotspot\share\prims\jni.cpp, line 1107]
Event: 22.109 Thread 0x0000018065406b10 Exception <a 'java/lang/NoSuchMethodError'{0x00000000e6a14998}: static Lorg/gradle/internal/build/event/types/DefaultBinaryPluginIdentifier;.<clinit>()V> (0x00000000e6a14998) 
thrown [s\open\src\hotspot\share\prims\jni.cpp, line 1107]
Event: 22.128 Thread 0x00000180661cb560 Exception <a 'java/lang/IncompatibleClassChangeError'{0x00000000e6be4e30}: Found class java.lang.Object, but interface was expected> (0x00000000e6be4e30) 
thrown [s\open\src\hotspot\share\interpreter\linkResolver.cpp, line 841]
Event: 22.343 Thread 0x00000180661cb560 Exception <a 'java/lang/IncompatibleClassChangeError'{0x00000000efe25ef8}: Found class java.lang.Object, but interface was expected> (0x00000000efe25ef8) 
thrown [s\open\src\hotspot\share\interpreter\linkResolver.cpp, line 841]
Event: 22.444 Thread 0x00000180661cb560 Exception <a 'java/lang/NoSuchMethodError'{0x00000000efae7310}: 'int java.lang.invoke.DirectMethodHandle$Holder.invokeStaticInit(java.lang.Object, java.lang.Object, java.lang.Object, java.lang.Object, java.lang.Object)'> (0x00000000efae7310) 
thrown [s\open\src\hotspot\share\interpreter\linkResolver.cpp, line 774]

VM Operations (20 events):
Event: 21.637 Executing VM operation: HandshakeAllThreads
Event: 21.637 Executing VM operation: HandshakeAllThreads done
Event: 21.694 Executing VM operation: HandshakeAllThreads
Event: 21.694 Executing VM operation: HandshakeAllThreads done
Event: 21.701 Executing VM operation: HandshakeAllThreads
Event: 21.701 Executing VM operation: HandshakeAllThreads done
Event: 21.807 Executing VM operation: ICBufferFull
Event: 21.807 Executing VM operation: ICBufferFull done
Event: 21.856 Executing VM operation: HandshakeAllThreads
Event: 21.856 Executing VM operation: HandshakeAllThreads done
Event: 21.947 Executing VM operation: HandshakeAllThreads
Event: 21.947 Executing VM operation: HandshakeAllThreads done
Event: 22.084 Executing VM operation: HandshakeAllThreads
Event: 22.084 Executing VM operation: HandshakeAllThreads done
Event: 22.085 Executing VM operation: HandshakeAllThreads
Event: 22.085 Executing VM operation: HandshakeAllThreads done
Event: 22.181 Executing VM operation: ICBufferFull
Event: 22.181 Executing VM operation: ICBufferFull done
Event: 22.303 Executing VM operation: G1CollectForAllocation
Event: 22.332 Executing VM operation: G1CollectForAllocation done

Events (20 events):
Event: 21.645 Thread 0x000001805fa3e550 flushing nmethod 0x000001804dbc3590
Event: 21.645 Thread 0x000001805fa3e550 flushing nmethod 0x000001804dbd0b10
Event: 21.645 Thread 0x000001805fa3e550 flushing nmethod 0x000001804dbdb690
Event: 21.645 Thread 0x000001805fa3e550 flushing nmethod 0x000001804dc36e10
Event: 22.009 Thread 0x00000180661cb560 Thread added: 0x00000180661cb560
Event: 22.018 Thread 0x00000180661caac0 Thread added: 0x00000180661caac0
Event: 22.018 Thread 0x00000180661cc550 Thread added: 0x00000180661cc550
Event: 22.018 Thread 0x00000180661ccaa0 Thread added: 0x00000180661ccaa0
Event: 22.051 Thread 0x00000180661c8590 Thread added: 0x00000180661c8590
Event: 22.402 Thread 0x00000180661c8040 Thread added: 0x00000180661c8040
Event: 22.402 Thread 0x000001806460dae0 Thread added: 0x000001806460dae0
Event: 22.403 Thread 0x000001806460caf0 Thread added: 0x000001806460caf0
Event: 22.403 Thread 0x000001806460b060 Thread added: 0x000001806460b060
Event: 22.403 Thread 0x000001806460c5a0 Thread added: 0x000001806460c5a0
Event: 22.403 Thread 0x0000018064611000 Thread added: 0x0000018064611000
Event: 22.496 Thread 0x000001806460b5b0 Thread added: 0x000001806460b5b0
Event: 22.552 Thread 0x000001806460c050 Thread added: 0x000001806460c050
Event: 22.552 Thread 0x000001806460d040 Thread added: 0x000001806460d040
Event: 22.552 Thread 0x000001806460f570 Thread added: 0x000001806460f570
Event: 22.553 Thread 0x000001806460fac0 Thread added: 0x000001806460fac0


Dynamic libraries:
0x00007ff77f810000 - 0x00007ff77f81e000 	C:\Users\LENOVO\.jdks\openjdk-19.0.1\bin\java.exe
0x00007ff83e750000 - 0x00007ff83e948000 	C:\Windows\SYSTEM32\ntdll.dll
0x00007ff83d5d0000 - 0x00007ff83d68d000 	C:\Windows\System32\KERNEL32.DLL
0x00007ff83be30000 - 0x00007ff83c126000 	C:\Windows\System32\KERNELBASE.dll
0x00007ff83c3e0000 - 0x00007ff83c4e0000 	C:\Windows\System32\ucrtbase.dll
0x00007ff835ed0000 - 0x00007ff835eeb000 	C:\Users\LENOVO\.jdks\openjdk-19.0.1\bin\VCRUNTIME140.dll
0x00007ff836ba0000 - 0x00007ff836bb7000 	C:\Users\LENOVO\.jdks\openjdk-19.0.1\bin\jli.dll
0x00007ff83e210000 - 0x00007ff83e3ae000 	C:\Windows\System32\USER32.dll
0x00007ff82a4a0000 - 0x00007ff82a73a000 	C:\Windows\WinSxS\amd64_microsoft.windows.common-controls_6595b64144ccf1df_6.0.19041.3636_none_60b6a03d71f818d5\COMCTL32.dll
0x00007ff83c130000 - 0x00007ff83c152000 	C:\Windows\System32\win32u.dll
0x00007ff83ce90000 - 0x00007ff83cf2e000 	C:\Windows\System32\msvcrt.dll
0x00007ff83d690000 - 0x00007ff83d6bc000 	C:\Windows\System32\GDI32.dll
0x00007ff83c690000 - 0x00007ff83c7aa000 	C:\Windows\System32\gdi32full.dll
0x00007ff83c290000 - 0x00007ff83c32d000 	C:\Windows\System32\msvcp_win.dll
0x00007ff83e080000 - 0x00007ff83e0b0000 	C:\Windows\System32\IMM32.DLL
0x00007ff836850000 - 0x00007ff83685c000 	C:\Users\LENOVO\.jdks\openjdk-19.0.1\bin\vcruntime140_1.dll
0x00007ff8076e0000 - 0x00007ff80776e000 	C:\Users\LENOVO\.jdks\openjdk-19.0.1\bin\msvcp140.dll
0x00007ff803cf0000 - 0x00007ff8049b0000 	C:\Users\LENOVO\.jdks\openjdk-19.0.1\bin\server\jvm.dll
0x00007ff83e0b0000 - 0x00007ff83e15f000 	C:\Windows\System32\ADVAPI32.dll
0x00007ff83d310000 - 0x00007ff83d3ac000 	C:\Windows\System32\sechost.dll
0x00007ff83d6c0000 - 0x00007ff83d7e6000 	C:\Windows\System32\RPCRT4.dll
0x00007ff825500000 - 0x00007ff825527000 	C:\Windows\SYSTEM32\WINMM.dll
0x00007ff8152a0000 - 0x00007ff8152a9000 	C:\Windows\SYSTEM32\WSOCK32.dll
0x00007ff83ce20000 - 0x00007ff83ce8b000 	C:\Windows\System32\WS2_32.dll
0x00007ff8361e0000 - 0x00007ff8361ea000 	C:\Windows\SYSTEM32\VERSION.dll
0x00007ff839cf0000 - 0x00007ff839d02000 	C:\Windows\SYSTEM32\kernel.appcore.dll
0x00007ff835db0000 - 0x00007ff835dba000 	C:\Users\LENOVO\.jdks\openjdk-19.0.1\bin\jimage.dll
0x00007ff827390000 - 0x00007ff827574000 	C:\Windows\SYSTEM32\DBGHELP.DLL
0x00007ff827350000 - 0x00007ff827384000 	C:\Windows\SYSTEM32\dbgcore.DLL
0x00007ff83c200000 - 0x00007ff83c282000 	C:\Windows\System32\bcryptPrimitives.dll
0x00007ff82bce0000 - 0x00007ff82bd06000 	C:\Users\LENOVO\.jdks\openjdk-19.0.1\bin\java.dll
0x00007ff807600000 - 0x00007ff8076d7000 	C:\Users\LENOVO\.jdks\openjdk-19.0.1\bin\jsvml.dll
0x00007ff83d850000 - 0x00007ff83df94000 	C:\Windows\System32\SHELL32.dll
0x00007ff839ef0000 - 0x00007ff83a68b000 	C:\Windows\SYSTEM32\windows.storage.dll
0x00007ff83e3b0000 - 0x00007ff83e704000 	C:\Windows\System32\combase.dll
0x00007ff83b7a0000 - 0x00007ff83b7cd000 	C:\Windows\SYSTEM32\Wldp.dll
0x00007ff83d3c0000 - 0x00007ff83d46d000 	C:\Windows\System32\SHCORE.dll
0x00007ff83d7f0000 - 0x00007ff83d845000 	C:\Windows\System32\shlwapi.dll
0x00007ff83bd60000 - 0x00007ff83bd85000 	C:\Windows\SYSTEM32\profapi.dll
0x00007ff82a840000 - 0x00007ff82a853000 	C:\Users\LENOVO\.jdks\openjdk-19.0.1\bin\net.dll
0x00007ff832080000 - 0x00007ff83218a000 	C:\Windows\SYSTEM32\WINHTTP.dll
0x00007ff83b500000 - 0x00007ff83b56a000 	C:\Windows\system32\mswsock.dll
0x00007ff828c60000 - 0x00007ff828c76000 	C:\Users\LENOVO\.jdks\openjdk-19.0.1\bin\nio.dll
0x00007ff827e40000 - 0x00007ff827e58000 	C:\Users\LENOVO\.jdks\openjdk-19.0.1\bin\zip.dll
0x00007ff831d60000 - 0x00007ff831d70000 	C:\Users\LENOVO\.jdks\openjdk-19.0.1\bin\verify.dll
0x00007ff836bc0000 - 0x00007ff836be7000 	C:\Users\LENOVO\.gradle\native\68d5fa5c4cc2d200863cafc0d521ce42e7d3e7ee720ec0a83991735586a16f82\windows-amd64\native-platform.dll
0x00007ff8074b0000 - 0x00007ff8075f4000 	C:\Users\LENOVO\.gradle\native\e376f236ea51e6404a007f0833ffe2c6e607c4080706a723a18a27aeea778392\windows-amd64\native-platform-file-events.dll
0x00007ff82bdd0000 - 0x00007ff82bdda000 	C:\Users\LENOVO\.jdks\openjdk-19.0.1\bin\management.dll
0x00007ff82bcd0000 - 0x00007ff82bcdb000 	C:\Users\LENOVO\.jdks\openjdk-19.0.1\bin\management_ext.dll
0x00007ff83cf30000 - 0x00007ff83cf38000 	C:\Windows\System32\PSAPI.DLL
0x00007ff83b700000 - 0x00007ff83b718000 	C:\Windows\SYSTEM32\CRYPTSP.dll
0x00007ff83ae30000 - 0x00007ff83ae64000 	C:\Windows\system32\rsaenh.dll
0x00007ff83c160000 - 0x00007ff83c187000 	C:\Windows\System32\bcrypt.dll
0x00007ff83bce0000 - 0x00007ff83bd0e000 	C:\Windows\SYSTEM32\USERENV.dll
0x00007ff83b6f0000 - 0x00007ff83b6fc000 	C:\Windows\SYSTEM32\CRYPTBASE.dll
0x00007ff83b1f0000 - 0x00007ff83b22b000 	C:\Windows\SYSTEM32\IPHLPAPI.DLL
0x00007ff83d3b0000 - 0x00007ff83d3b8000 	C:\Windows\System32\NSI.dll
0x00007ff835220000 - 0x00007ff835237000 	C:\Windows\SYSTEM32\dhcpcsvc6.DLL
0x00007ff834f60000 - 0x00007ff834f7d000 	C:\Windows\SYSTEM32\dhcpcsvc.DLL
0x00007ff83b230000 - 0x00007ff83b2fa000 	C:\Windows\SYSTEM32\DNSAPI.dll
0x00007ff82a830000 - 0x00007ff82a838000 	C:\Users\LENOVO\.jdks\openjdk-19.0.1\bin\extnet.dll
0x00007ff828c50000 - 0x00007ff828c5e000 	C:\Users\LENOVO\.jdks\openjdk-19.0.1\bin\sunmscapi.dll
0x00007ff83c530000 - 0x00007ff83c68d000 	C:\Windows\System32\CRYPT32.dll
0x00007ff83b810000 - 0x00007ff83b837000 	C:\Windows\SYSTEM32\ncrypt.dll
0x00007ff83b7d0000 - 0x00007ff83b80b000 	C:\Windows\SYSTEM32\NTASN1.dll
0x00007ff814ac0000 - 0x00007ff814ac7000 	C:\Windows\system32\wshunix.dll

dbghelp: loaded successfully - version: 4.0.5 - missing functions: none
symbol engine: initialized successfully - sym options: 0x614 - pdb path: .;C:\Users\LENOVO\.jdks\openjdk-19.0.1\bin;C:\Windows\SYSTEM32;C:\Windows\WinSxS\amd64_microsoft.windows.common-controls_6595b64144ccf1df_6.0.19041.3636_none_60b6a03d71f818d5;C:\Users\LENOVO\.jdks\openjdk-19.0.1\bin\server;C:\Users\LENOVO\.gradle\native\68d5fa5c4cc2d200863cafc0d521ce42e7d3e7ee720ec0a83991735586a16f82\windows-amd64;C:\Users\LENOVO\.gradle\native\e376f236ea51e6404a007f0833ffe2c6e607c4080706a723a18a27aeea778392\windows-amd64

VM Arguments:
jvm_args: --add-opens=java.base/java.util=ALL-UNNAMED --add-opens=java.base/java.lang=ALL-UNNAMED --add-opens=java.base/java.lang.invoke=ALL-UNNAMED --add-opens=java.prefs/java.util.prefs=ALL-UNNAMED --add-opens=java.base/java.nio.charset=ALL-UNNAMED --add-opens=java.base/java.net=ALL-UNNAMED --add-opens=java.base/java.util.concurrent.atomic=ALL-UNNAMED -XX:MaxMetaspaceSize=256m -XX:+HeapDumpOnOutOfMemoryError -Xms256m -Xmx512m -Dfile.encoding=windows-1252 -Duser.country=RO -Duser.language=ro -Duser.variant 
java_command: org.gradle.launcher.daemon.bootstrap.GradleDaemon 7.6
java_class_path (initial): C:\Users\LENOVO\.gradle\wrapper\dists\gradle-7.6-bin\9l9tetv7ltxvx3i8an4pb86ye\gradle-7.6\lib\gradle-launcher-7.6.jar
Launcher Type: SUN_STANDARD

[Global flags]
     intx CICompilerCount                          = 3                                         {product} {ergonomic}
   size_t CompressedClassSpaceSize                 = 218103808                                 {product} {ergonomic}
     uint ConcGCThreads                            = 1                                         {product} {ergonomic}
     uint G1ConcRefinementThreads                  = 4                                         {product} {ergonomic}
   size_t G1HeapRegionSize                         = 1048576                                   {product} {ergonomic}
    uintx GCDrainStackTargetSize                   = 64                                        {product} {ergonomic}
     bool HeapDumpOnOutOfMemoryError               = true                                   {manageable} {command line}
   size_t InitialHeapSize                          = 268435456                                 {product} {command line}
   size_t MarkStackSize                            = 4194304                                   {product} {ergonomic}
   size_t MaxHeapSize                              = 536870912                                 {product} {command line}
   size_t MaxMetaspaceSize                         = 268435456                                 {product} {command line}
   size_t MaxNewSize                               = 321912832                                 {product} {ergonomic}
   size_t MinHeapDeltaBytes                        = 1048576                                   {product} {ergonomic}
   size_t MinHeapSize                              = 268435456                                 {product} {command line}
    uintx NonNMethodCodeHeapSize                   = 5832780                                {pd product} {ergonomic}
    uintx NonProfiledCodeHeapSize                  = 122912730                              {pd product} {ergonomic}
    uintx ProfiledCodeHeapSize                     = 122912730                              {pd product} {ergonomic}
    uintx ReservedCodeCacheSize                    = 251658240                              {pd product} {ergonomic}
     bool SegmentedCodeCache                       = true                                      {product} {ergonomic}
   size_t SoftMaxHeapSize                          = 536870912                              {manageable} {ergonomic}
     bool UseCompressedClassPointers               = true                           {product lp64_product} {ergonomic}
     bool UseCompressedOops                        = true                           {product lp64_product} {ergonomic}
     bool UseG1GC                                  = true                                      {product} {ergonomic}
     bool UseLargePagesIndividualAllocation        = false                                  {pd product} {ergonomic}

Logging:
Log output configuration:
 #0: stdout all=warning uptime,level,tags foldmultilines=false
 #1: stderr all=off uptime,level,tags foldmultilines=false

Environment Variables:
PATH=C:\ProgramData\MySQL\MySQL Server 8.0\bin;C:\cygwin64\bin\[.exe;C:\Program Files\Microsoft SQL Server\150\Tools\Binn\;C:\Program Files (x86)\IVI Foundation\VISA\WinNT\Bin\;C:\Program Files\IVI Foundation\VISA\Win64\Bin\;C:\Program Files (x86)\IVI Foundation\VISA\WinNT\Bin;C:\Program Files (x86)\Microsoft SQL Server\100\Tools\Binn\;C:\Program Files\Microsoft SQL Server\100\Tools\Binn\;C:\Program Files\Microsoft SQL Server\100\DTS\Binn\;C:\Program Files\Git\cmd;C:\Program Files\nodejs\;C:\Program Files (x86)\Windows Kits\10\Windows Performance Toolkit\;C:\Program Files\dotnet\;C:\Program Files\MySQL\MySQL Shell 8.0\bin\;C:\Program Files (x86)\Elm\0.19.1\bin;C:\cygwin64\bin;C:\Users\LENOVO\AppData\Roaming\npm;C:\Users\LENOVO\AppData\Local\Programs\Microsoft VS Code\bin;C:\ghcup\bin;C:\Users\LENOVO\.dotnet\tools
USERNAME=LENOVO
OS=Windows_NT
PROCESSOR_IDENTIFIER=Intel64 Family 6 Model 142 Stepping 9, GenuineIntel
TMP=C:\Users\LENOVO\AppData\Local\Temp
TEMP=C:\Users\LENOVO\AppData\Local\Temp



---------------  S Y S T E M  ---------------

OS:
 Windows 10 , 64 bit Build 19041 (10.0.19041.3636)
OS uptime: 0 days 5:11 hours

CPU: total 4 (initial active 4) (2 cores per cpu, 2 threads per core) family 6 model 142 stepping 9 microcode 0xd6, cx8, cmov, fxsr, ht, mmx, 3dnowpref, sse, sse2, sse3, ssse3, sse4.1, sse4.2, popcnt, lzcnt, tsc, tscinvbit, avx, avx2, aes, erms, clmul, bmi1, bmi2, adx, fma, vzeroupper, clflush, clflushopt, rdtscp

Memory: 4k page, system-wide physical 3970M (318M free)
TotalPageFile size 8634M (AvailPageFile size 4M)
current process WorkingSet (physical memory assigned to process): 358M, peak: 358M
current process commit charge ("private bytes"): 457M, peak: 458M

vm_info: OpenJDK 64-Bit Server VM (19.0.1+10-21) for windows-amd64 JRE (19.0.1+10-21), built on 2022-09-14T12:45:06Z by "mach5one" with MS VC++ 17.1 (VS2022)

END.
