#
# There is insufficient memory for the Java Runtime Environment to continue.
# Native memory allocation (mmap) failed to map 67108864 bytes for G1 virtual space
# Possible reasons:
#   The system is out of physical RAM or swap space
#   The process is running with CompressedOops enabled, and the Java Heap may be blocking the growth of the native heap
# Possible solutions:
#   Reduce memory load on the system
#   Increase physical memory or swap space
#   Check if swap backing store is full
#   Decrease Java heap size (-Xmx/-Xms)
#   Decrease number of Java threads
#   Decrease Java thread stack sizes (-Xss)
#   Set larger code cache with -XX:ReservedCodeCacheSize=
#   JVM is running with Unscaled Compressed Oops mode in which the Java heap is
#     placed in the first 4GB address space. The Java Heap base address is the
#     maximum limit for the native heap growth. Please use -XX:HeapBaseMinAddress
#     to set the Java Heap base and to place the Java Heap above 4GB virtual address.
# This output file may be truncated or incomplete.
#
#  Out of Memory Error (os_windows.cpp:3527), pid=11580, tid=4280
#
# JRE version:  (19.0.1+10) (build )
# Java VM: OpenJDK 64-Bit Server VM (19.0.1+10-21, mixed mode, sharing, tiered, compressed oops, compressed class ptrs, g1 gc, windows-amd64)
# No core dump will be written. Minidumps are not enabled by default on client versions of Windows
#

---------------  S U M M A R Y ------------

Command Line: --module-path=C:\Users\LENOVO\.gradle\caches\modules-2\files-2.1\org.openjfx\javafx-fxml\21.0.1\b46291a2451fa6b94e6cc365611156a92d6a05b7\javafx-fxml-21.0.1-win.jar;C:\Users\LENOVO\.gradle\caches\modules-2\files-2.1\org.openjfx\javafx-controls\21.0.1\f97557705aba7fb552fe1bf6e4bdb72bab1924ba\javafx-controls-21.0.1-win.jar;C:\Users\LENOVO\.gradle\caches\modules-2\files-2.1\org.openjfx\javafx-graphics\21.0.1\f92cc4656711f2ce8b1928d3b063fd4746ea23e4\javafx-graphics-21.0.1-win.jar;C:\Users\LENOVO\.gradle\caches\modules-2\files-2.1\org.openjfx\javafx-base\21.0.1\adb6ee2aa7dff77286a0673dd0c001e318e7224\javafx-base-21.0.1-win.jar --add-modules=javafx.controls,javafx.fxml -Dfile.encoding=windows-1252 -Duser.country=RO -Duser.language=ro -Duser.variant launcher.Launcher

Host: Intel(R) Core(TM) i5-7200U CPU @ 2.50GHz, 4 cores, 3G,  Windows 10 , 64 bit Build 19041 (10.0.19041.3636)
Time: Tue Dec  5 19:46:02 2023 GTB, ors 10 , 64 bit Build 19041 (10.0.19041.3636) elapsed time: 0.023283 seconds (0d 0h 0m 0s)

---------------  T H R E A D  ---------------

Current thread (0x0000016d4749dfb0):  JavaThread "Unknown thread" [_thread_in_vm, id=4280, stack(0x0000002773800000,0x0000002773900000)]

Stack: [0x0000002773800000,0x0000002773900000]
Native frames: (J=compiled Java code, j=interpreted, Vv=VM code, C=native code)
V  [jvm.dll+0x6ee8fa]
V  [jvm.dll+0x857a1e]
V  [jvm.dll+0x85940e]
V  [jvm.dll+0x859ac3]
V  [jvm.dll+0x28291f]
V  [jvm.dll+0x6eb6e9]
V  [jvm.dll+0x6e028a]
V  [jvm.dll+0x357136]
V  [jvm.dll+0x35eb96]
V  [jvm.dll+0x3b555e]
V  [jvm.dll+0x3b578f]
V  [jvm.dll+0x32c6ea]
V  [jvm.dll+0x32d59e]
V  [jvm.dll+0x821b20]
V  [jvm.dll+0x3c27c1]
V  [jvm.dll+0x8022f1]
V  [jvm.dll+0x44b30f]
V  [jvm.dll+0x44cc91]
C  [jli.dll+0x5287]
C  [ucrtbase.dll+0x21bb2]
C  [KERNEL32.DLL+0x17344]
C  [ntdll.dll+0x526b1]


---------------  P R O C E S S  ---------------

Threads class SMR info:
_java_thread_list=0x00007ff9b79fd048, length=0, elements={
}

Java Threads: ( => current thread )

Other Threads:
  0x0000016d4964d370 WorkerThread "GC Thread#0" [stack: 0x0000002773900000,0x0000002773a00000] [id=9976]
  0x0000016d49657e40 ConcurrentGCThread "G1 Main Marker" [stack: 0x0000002773a00000,0x0000002773b00000] [id=5216]
  0x0000016d49658920 WorkerThread "G1 Conc#0" [stack: 0x0000002773b00000,0x0000002773c00000] [id=8596]

[error occurred during error reporting (printing all threads), id 0xc0000005, EXCEPTION_ACCESS_VIOLATION (0xc0000005) at pc=0x00007ff9b71bd127]

VM state: not at safepoint (not fully initialized)

VM Mutex/Monitor currently owned by a thread:  ([mutex/lock_event])
[0x0000016d4749baf0] Heap_lock - owner thread: 0x0000016d4749dfb0

Heap address: 0x00000000c1e00000, size: 994 MB, Compressed Oops mode: 32-bit

CDS archive(s) mapped at: [0x0000000000000000-0x0000000000000000-0x0000000000000000), size 0, SharedBaseAddress: 0x0000000800000000, ArchiveRelocationMode: 0.
Narrow klass base: 0x0000000000000000, Narrow klass shift: 0, Narrow klass range: 0x0

GC Precious Log:
 CardTable entry size: 512
 Card Set container configuration: InlinePtr #cards 5 size 8 Array Of Cards #cards 12 size 40 Howl #buckets 4 coarsen threshold 1843 Howl Bitmap #cards 512 size 80 coarsen threshold 460 Card regions per heap region 1 cards per card region 2048

Heap:
 garbage-first heap   total 0K, used 0K [0x00000000c1e00000, 0x0000000100000000)
  region size 1024K, 0 young (0K), 0 survivors (0K)

[error occurred during error reporting (printing heap information), id 0xc0000005, EXCEPTION_ACCESS_VIOLATION (0xc0000005) at pc=0x00007ff9b75c6959]

GC Heap History (0 events):
No events

Dll operation events (1 events):
Event: 0.012 Loaded shared library C:\Users\LENOVO\.jdks\openjdk-19.0.1\bin\java.dll

Deoptimization events (0 events):
No events

Classes loaded (0 events):
No events

Classes unloaded (0 events):
No events

Classes redefined (0 events):
No events

Internal exceptions (0 events):
No events

VM Operations (0 events):
No events

Events (0 events):
No events


Dynamic libraries:
0x00007ff6ef010000 - 0x00007ff6ef01e000 	C:\Users\LENOVO\.jdks\openjdk-19.0.1\bin\java.exe
0x00007ff9f66b0000 - 0x00007ff9f68a8000 	C:\Windows\SYSTEM32\ntdll.dll
0x00007ff9f5040000 - 0x00007ff9f50fd000 	C:\Windows\System32\KERNEL32.DLL
0x00007ff9f40b0000 - 0x00007ff9f43a6000 	C:\Windows\System32\KERNELBASE.dll
0x00007ff9f3f80000 - 0x00007ff9f4080000 	C:\Windows\System32\ucrtbase.dll
0x00007ff9ef680000 - 0x00007ff9ef69b000 	C:\Users\LENOVO\.jdks\openjdk-19.0.1\bin\VCRUNTIME140.dll
0x00007ff9ef6d0000 - 0x00007ff9ef6e7000 	C:\Users\LENOVO\.jdks\openjdk-19.0.1\bin\jli.dll
0x00007ff9f4710000 - 0x00007ff9f48ae000 	C:\Windows\System32\USER32.dll
0x00007ff9f4080000 - 0x00007ff9f40a2000 	C:\Windows\System32\win32u.dll
0x00007ff9f57c0000 - 0x00007ff9f57ec000 	C:\Windows\System32\GDI32.dll
0x00007ff9f45f0000 - 0x00007ff9f470a000 	C:\Windows\System32\gdi32full.dll
0x00007ff9f44a0000 - 0x00007ff9f453d000 	C:\Windows\System32\msvcp_win.dll
0x00007ff9e14d0000 - 0x00007ff9e176a000 	C:\Windows\WinSxS\amd64_microsoft.windows.common-controls_6595b64144ccf1df_6.0.19041.3636_none_60b6a03d71f818d5\COMCTL32.dll
0x00007ff9f60f0000 - 0x00007ff9f618e000 	C:\Windows\System32\msvcrt.dll
0x00007ff9f4a00000 - 0x00007ff9f4a30000 	C:\Windows\System32\IMM32.DLL
0x00007ff9ef620000 - 0x00007ff9ef62c000 	C:\Users\LENOVO\.jdks\openjdk-19.0.1\bin\vcruntime140_1.dll
0x00007ff9eed70000 - 0x00007ff9eedfe000 	C:\Users\LENOVO\.jdks\openjdk-19.0.1\bin\msvcp140.dll
0x00007ff9b6e80000 - 0x00007ff9b7b40000 	C:\Users\LENOVO\.jdks\openjdk-19.0.1\bin\server\jvm.dll
0x00007ff9f6330000 - 0x00007ff9f63df000 	C:\Windows\System32\ADVAPI32.dll
0x00007ff9f4960000 - 0x00007ff9f49fc000 	C:\Windows\System32\sechost.dll
0x00007ff9f5870000 - 0x00007ff9f5996000 	C:\Windows\System32\RPCRT4.dll
0x00007ff9dcd70000 - 0x00007ff9dcd79000 	C:\Windows\SYSTEM32\WSOCK32.dll
0x00007ff9df060000 - 0x00007ff9df087000 	C:\Windows\SYSTEM32\WINMM.dll
0x00007ff9f6190000 - 0x00007ff9f61fb000 	C:\Windows\System32\WS2_32.dll
0x00007ff9edc40000 - 0x00007ff9edc4a000 	C:\Windows\SYSTEM32\VERSION.dll
0x00007ff9f1c50000 - 0x00007ff9f1c62000 	C:\Windows\SYSTEM32\kernel.appcore.dll
0x00007ff9eeac0000 - 0x00007ff9eeaca000 	C:\Users\LENOVO\.jdks\openjdk-19.0.1\bin\jimage.dll
0x00007ff9df1a0000 - 0x00007ff9df384000 	C:\Windows\SYSTEM32\DBGHELP.DLL
0x00007ff9def50000 - 0x00007ff9def84000 	C:\Windows\SYSTEM32\dbgcore.DLL
0x00007ff9f3d90000 - 0x00007ff9f3e12000 	C:\Windows\System32\bcryptPrimitives.dll
0x00007ff9ee890000 - 0x00007ff9ee8b6000 	C:\Users\LENOVO\.jdks\openjdk-19.0.1\bin\java.dll

dbghelp: loaded successfully - version: 4.0.5 - missing functions: none
symbol engine: initialized successfully - sym options: 0x614 - pdb path: .;C:\Users\LENOVO\.jdks\openjdk-19.0.1\bin;C:\Windows\SYSTEM32;C:\Windows\WinSxS\amd64_microsoft.windows.common-controls_6595b64144ccf1df_6.0.19041.3636_none_60b6a03d71f818d5;C:\Users\LENOVO\.jdks\openjdk-19.0.1\bin\server

VM Arguments:
jvm_args: --module-path=C:\Users\LENOVO\.gradle\caches\modules-2\files-2.1\org.openjfx\javafx-fxml\21.0.1\b46291a2451fa6b94e6cc365611156a92d6a05b7\javafx-fxml-21.0.1-win.jar;C:\Users\LENOVO\.gradle\caches\modules-2\files-2.1\org.openjfx\javafx-controls\21.0.1\f97557705aba7fb552fe1bf6e4bdb72bab1924ba\javafx-controls-21.0.1-win.jar;C:\Users\LENOVO\.gradle\caches\modules-2\files-2.1\org.openjfx\javafx-graphics\21.0.1\f92cc4656711f2ce8b1928d3b063fd4746ea23e4\javafx-graphics-21.0.1-win.jar;C:\Users\LENOVO\.gradle\caches\modules-2\files-2.1\org.openjfx\javafx-base\21.0.1\adb6ee2aa7dff77286a0673dd0c001e318e7224\javafx-base-21.0.1-win.jar --add-modules=javafx.controls,javafx.fxml -Dfile.encoding=windows-1252 -Duser.country=RO -Duser.language=ro -Duser.variant 
java_command: launcher.Launcher
java_class_path (initial): C:\Users\LENOVO\IdeaProjects\lab5_is\Grupa_30236\build\classes\java\main;C:\Users\LENOVO\IdeaProjects\lab5_is\Grupa_30236\build\resources\main;C:\Users\LENOVO\.gradle\caches\modules-2\files-2.1\com.mysql\mysql-connector-j\8.0.33\9e64d997873abc4318620264703d3fdb6b02dd5a\mysql-connector-j-8.0.33.jar;C:\Users\LENOVO\.gradle\caches\modules-2\files-2.1\com.google.protobuf\protobuf-java\3.21.9\ed1240d9231044ce6ccf1978512f6e44416bb7e7\protobuf-java-3.21.9.jar
Launcher Type: SUN_STANDARD

[Global flags]
     intx CICompilerCount                          = 3                                         {product} {ergonomic}
     uint ConcGCThreads                            = 1                                         {product} {ergonomic}
     uint G1ConcRefinementThreads                  = 4                                         {product} {ergonomic}
   size_t G1HeapRegionSize                         = 1048576                                   {product} {ergonomic}
    uintx GCDrainStackTargetSize                   = 64                                        {product} {ergonomic}
   size_t InitialHeapSize                          = 67108864                                  {product} {ergonomic}
   size_t MarkStackSize                            = 4194304                                   {product} {ergonomic}
   size_t MaxHeapSize                              = 1042284544                                {product} {ergonomic}
   size_t MinHeapDeltaBytes                        = 1048576                                   {product} {ergonomic}
   size_t MinHeapSize                              = 8388608                                   {product} {ergonomic}
    uintx NonNMethodCodeHeapSize                   = 5832780                                {pd product} {ergonomic}
    uintx NonProfiledCodeHeapSize                  = 122912730                              {pd product} {ergonomic}
    uintx ProfiledCodeHeapSize                     = 122912730                              {pd product} {ergonomic}
    uintx ReservedCodeCacheSize                    = 251658240                              {pd product} {ergonomic}
     bool SegmentedCodeCache                       = true                                      {product} {ergonomic}
   size_t SoftMaxHeapSize                          = 1042284544                             {manageable} {ergonomic}
     bool UseCompressedClassPointers               = true                           {product lp64_product} {ergonomic}
     bool UseCompressedOops                        = true                           {product lp64_product} {ergonomic}
     bool UseG1GC                                  = true                                      {product} {ergonomic}
     bool UseLargePagesIndividualAllocation        = false                                  {pd product} {ergonomic}

Logging:
Log output configuration:
 #0: stdout all=warning uptime,level,tags foldmultilines=false
 #1: stderr all=off uptime,level,tags foldmultilines=false

Environment Variables:
PATH=C:\ProgramData\MySQL\MySQL Server 8.0\bin;C:\cygwin64\bin\[.exe;C:\Program Files\Microsoft SQL Server\150\Tools\Binn\;C:\Program Files (x86)\IVI Foundation\VISA\WinNT\Bin\;C:\Program Files\IVI Foundation\VISA\Win64\Bin\;C:\Program Files (x86)\IVI Foundation\VISA\WinNT\Bin;C:\Program Files (x86)\Microsoft SQL Server\100\Tools\Binn\;C:\Program Files\Microsoft SQL Server\100\Tools\Binn\;C:\Program Files\Microsoft SQL Server\100\DTS\Binn\;C:\Program Files\Git\cmd;C:\Program Files\nodejs\;C:\Program Files (x86)\Windows Kits\10\Windows Performance Toolkit\;C:\Program Files\dotnet\;C:\Program Files\MySQL\MySQL Shell 8.0\bin\;C:\Program Files (x86)\Elm\0.19.1\bin;C:\cygwin64\bin;C:\Users\LENOVO\AppData\Roaming\npm;C:\Users\LENOVO\AppData\Local\Programs\Microsoft VS Code\bin;C:\ghcup\bin;C:\Users\LENOVO\.dotnet\tools
USERNAME=LENOVO
OS=Windows_NT
PROCESSOR_IDENTIFIER=Intel64 Family 6 Model 142 Stepping 9, GenuineIntel
TMP=C:\Users\LENOVO\AppData\Local\Temp
TEMP=C:\Users\LENOVO\AppData\Local\Temp



---------------  S Y S T E M  ---------------

OS:
 Windows 10 , 64 bit Build 19041 (10.0.19041.3636)
OS uptime: 0 days 4:23 hours

CPU: total 4 (initial active 4) (2 cores per cpu, 2 threads per core) family 6 model 142 stepping 9 microcode 0xd6, cx8, cmov, fxsr, ht, mmx, 3dnowpref, sse, sse2, sse3, ssse3, sse4.1, sse4.2, popcnt, lzcnt, tsc, tscinvbit, avx, avx2, aes, erms, clmul, bmi1, bmi2, adx, fma, vzeroupper, clflush, clflushopt, rdtscp

Memory: 4k page, system-wide physical 3970M (335M free)
TotalPageFile size 7716M (AvailPageFile size 30M)
current process WorkingSet (physical memory assigned to process): 10M, peak: 10M
current process commit charge ("private bytes"): 51M, peak: 115M

vm_info: OpenJDK 64-Bit Server VM (19.0.1+10-21) for windows-amd64 JRE (19.0.1+10-21), built on 2022-09-14T12:45:06Z by "mach5one" with MS VC++ 17.1 (VS2022)

END.
