#
# There is insufficient memory for the Java Runtime Environment to continue.
# Native memory allocation (malloc) failed to allocate 548080 bytes for Chunk::new
# Possible reasons:
#   The system is out of physical RAM or swap space
#   The process is running with CompressedOops enabled, and the Java Heap may be blocking the growth of the native heap
# Possible solutions:
#   Reduce memory load on the system
#   Increase physical memory or swap space
#   Check if swap backing store is full
#   Decrease Java heap size (-Xmx/-Xms)
#   Decrease number of Java threads
#   Decrease Java thread stack sizes (-Xss)
#   Set larger code cache with -XX:ReservedCodeCacheSize=
#   JVM is running with Unscaled Compressed Oops mode in which the Java heap is
#     placed in the first 4GB address space. The Java Heap base address is the
#     maximum limit for the native heap growth. Please use -XX:HeapBaseMinAddress
#     to set the Java Heap base and to place the Java Heap above 4GB virtual address.
# This output file may be truncated or incomplete.
#
#  Out of Memory Error (arena.cpp:184), pid=10556, tid=12548
#
# JRE version: OpenJDK Runtime Environment (19.0.1+10) (build 19.0.1+10-21)
# Java VM: OpenJDK 64-Bit Server VM (19.0.1+10-21, mixed mode, sharing, tiered, compressed oops, compressed class ptrs, g1 gc, windows-amd64)
# No core dump will be written. Minidumps are not enabled by default on client versions of Windows
#

---------------  S U M M A R Y ------------

Command Line: --add-opens=java.base/java.util=ALL-UNNAMED --add-opens=java.base/java.lang=ALL-UNNAMED --add-opens=java.base/java.lang.invoke=ALL-UNNAMED --add-opens=java.prefs/java.util.prefs=ALL-UNNAMED --add-opens=java.base/java.nio.charset=ALL-UNNAMED --add-opens=java.base/java.net=ALL-UNNAMED --add-opens=java.base/java.util.concurrent.atomic=ALL-UNNAMED -XX:MaxMetaspaceSize=256m -XX:+HeapDumpOnOutOfMemoryError -Xms256m -Xmx512m -Dfile.encoding=windows-1252 -Duser.country=RO -Duser.language=ro -Duser.variant org.gradle.launcher.daemon.bootstrap.GradleDaemon 7.6

Host: Intel(R) Core(TM) i5-7200U CPU @ 2.50GHz, 4 cores, 3G,  Windows 10 , 64 bit Build 19041 (10.0.19041.3636)
Time: Wed Dec  6 01:22:34 2023 GTB, ors 10 , 64 bit Build 19041 (10.0.19041.3636) elapsed time: 6.082029 seconds (0d 0h 0m 6s)

---------------  T H R E A D  ---------------

Current thread (0x000001926315fab0):  JavaThread "C2 CompilerThread0" daemon [_thread_in_native, id=12548, stack(0x0000006794000000,0x0000006794100000)]


Current CompileTask:
C2:   6082 3151       4       java.lang.invoke.LambdaFormBuffer::endEdit (313 bytes)

Stack: [0x0000006794000000,0x0000006794100000]
Native frames: (J=compiled Java code, j=interpreted, Vv=VM code, C=native code)
V  [jvm.dll+0x6ee8fa]
V  [jvm.dll+0x857a1e]
V  [jvm.dll+0x85940e]
V  [jvm.dll+0x859ac3]
V  [jvm.dll+0x28291f]
V  [jvm.dll+0xc9b5f]
V  [jvm.dll+0xc9ee5]
V  [jvm.dll+0x3bcbac]
V  [jvm.dll+0x386201]
V  [jvm.dll+0x38567a]
V  [jvm.dll+0x24c2c9]
V  [jvm.dll+0x24b671]
V  [jvm.dll+0x1d6d61]
V  [jvm.dll+0x25b0fa]
V  [jvm.dll+0x259588]
V  [jvm.dll+0x807928]
V  [jvm.dll+0x8015fa]
V  [jvm.dll+0x6ed5eb]
C  [ucrtbase.dll+0x21bb2]
C  [KERNEL32.DLL+0x17344]
C  [ntdll.dll+0x526b1]


---------------  P R O C E S S  ---------------

Threads class SMR info:
_java_thread_list=0x0000019269693260, length=34, elements={
0x00000192489dc030, 0x000001926314c7f0, 0x000001926314d5e0, 0x0000019263153420,
0x0000019263154d60, 0x0000019263155e30, 0x0000019263157040, 0x000001926315fab0,
0x0000019263162f80, 0x0000019263178f40, 0x000001926750cce0, 0x000001926751dca0,
0x0000019268a12a10, 0x0000019268cb9980, 0x0000019268d1dd70, 0x0000019268e60700,
0x0000019268e7e060, 0x0000019268e9a6c0, 0x0000019268e670a0, 0x0000019268f16600,
0x0000019268f140d0, 0x0000019268f150c0, 0x0000019268f16b50, 0x0000019268f160b0,
0x0000019268f14b70, 0x0000019268f15610, 0x0000019268f15b60, 0x0000019263163aa0,
0x0000019268f175f0, 0x0000019268f170a0, 0x0000019269c96e00, 0x0000019269c98890,
0x0000019269c99880, 0x0000019269c98de0
}

Java Threads: ( => current thread )
  0x00000192489dc030 JavaThread "main" [_thread_blocked, id=11608, stack(0x0000006793300000,0x0000006793400000)]
  0x000001926314c7f0 JavaThread "Reference Handler" daemon [_thread_blocked, id=7388, stack(0x0000006793a00000,0x0000006793b00000)]
  0x000001926314d5e0 JavaThread "Finalizer" daemon [_thread_blocked, id=8688, stack(0x0000006793b00000,0x0000006793c00000)]
  0x0000019263153420 JavaThread "Signal Dispatcher" daemon [_thread_blocked, id=13324, stack(0x0000006793c00000,0x0000006793d00000)]
  0x0000019263154d60 JavaThread "Attach Listener" daemon [_thread_blocked, id=5972, stack(0x0000006793d00000,0x0000006793e00000)]
  0x0000019263155e30 JavaThread "Service Thread" daemon [_thread_blocked, id=13960, stack(0x0000006793e00000,0x0000006793f00000)]
  0x0000019263157040 JavaThread "Monitor Deflation Thread" daemon [_thread_blocked, id=5468, stack(0x0000006793f00000,0x0000006794000000)]
=>0x000001926315fab0 JavaThread "C2 CompilerThread0" daemon [_thread_in_native, id=12548, stack(0x0000006794000000,0x0000006794100000)]
  0x0000019263162f80 JavaThread "C1 CompilerThread0" daemon [_thread_blocked, id=12804, stack(0x0000006794100000,0x0000006794200000)]
  0x0000019263178f40 JavaThread "Sweeper thread" daemon [_thread_blocked, id=14248, stack(0x0000006794200000,0x0000006794300000)]
  0x000001926750cce0 JavaThread "Common-Cleaner" daemon [_thread_blocked, id=12412, stack(0x0000006794300000,0x0000006794400000)]
  0x000001926751dca0 JavaThread "Notification Thread" daemon [_thread_blocked, id=1236, stack(0x0000006794400000,0x0000006794500000)]
  0x0000019268a12a10 JavaThread "Daemon health stats" [_thread_blocked, id=12624, stack(0x0000006794a00000,0x0000006794b00000)]
  0x0000019268cb9980 JavaThread "Incoming local TCP Connector on port 59438" [_thread_in_native, id=1832, stack(0x0000006794600000,0x0000006794700000)]
  0x0000019268d1dd70 JavaThread "Daemon periodic checks" [_thread_blocked, id=6988, stack(0x0000006794b00000,0x0000006794c00000)]
  0x0000019268e60700 JavaThread "Daemon" [_thread_blocked, id=10136, stack(0x0000006794d00000,0x0000006794e00000)]
  0x0000019268e7e060 JavaThread "Handler for socket connection from /127.0.0.1:59438 to /127.0.0.1:59439" [_thread_in_native, id=2648, stack(0x0000006794e00000,0x0000006794f00000)]
  0x0000019268e9a6c0 JavaThread "Cancel handler" [_thread_blocked, id=13648, stack(0x0000006794f00000,0x0000006795000000)]
  0x0000019268e670a0 JavaThread "Daemon worker" [_thread_in_native, id=14216, stack(0x0000006795000000,0x0000006795100000)]
  0x0000019268f16600 JavaThread "Asynchronous log dispatcher for DefaultDaemonConnection: socket connection from /127.0.0.1:59438 to /127.0.0.1:59439" [_thread_blocked, id=4592, stack(0x0000006795100000,0x0000006795200000)]
  0x0000019268f140d0 JavaThread "Stdin handler" [_thread_blocked, id=11504, stack(0x0000006795200000,0x0000006795300000)]
  0x0000019268f150c0 JavaThread "Daemon client event forwarder" [_thread_blocked, id=10572, stack(0x0000006795300000,0x0000006795400000)]
  0x0000019268f16b50 JavaThread "Cache worker for journal cache (C:\Users\LENOVO\.gradle\caches\journal-1)" [_thread_blocked, id=4568, stack(0x0000006795400000,0x0000006795500000)]
  0x0000019268f160b0 JavaThread "File lock request listener" [_thread_in_native, id=5704, stack(0x0000006795500000,0x0000006795600000)]
  0x0000019268f14b70 JavaThread "Cache worker for file hash cache (C:\Users\LENOVO\.gradle\caches\7.6\fileHashes)" [_thread_blocked, id=8528, stack(0x0000006795600000,0x0000006795700000)]
  0x0000019268f15610 JavaThread "File watcher server" daemon [_thread_in_native, id=3468, stack(0x0000006794c00000,0x0000006794d00000)]
  0x0000019268f15b60 JavaThread "File watcher consumer" daemon [_thread_blocked, id=2452, stack(0x0000006795700000,0x0000006795800000)]
  0x0000019263163aa0 JavaThread "C2 CompilerThread1" daemon [_thread_in_native, id=1484, stack(0x0000006795800000,0x0000006795900000)]
  0x0000019268f175f0 JavaThread "Cache worker for checksums cache (C:\Users\LENOVO\IdeaProjects\lab5_is\Grupa_30236\.gradle\7.6\checksums)" [_thread_blocked, id=13152, stack(0x0000006795900000,0x0000006795a00000)]
  0x0000019268f170a0 JavaThread "Cache worker for cache directory md-rule (C:\Users\LENOVO\.gradle\caches\7.6\md-rule)" [_thread_blocked, id=632, stack(0x0000006795a00000,0x0000006795b00000)]
  0x0000019269c96e00 JavaThread "Cache worker for file content cache (C:\Users\LENOVO\.gradle\caches\7.6\fileContent)" [_thread_blocked, id=6208, stack(0x0000006795b00000,0x0000006795c00000)]
  0x0000019269c98890 JavaThread "Cache worker for file hash cache (C:\Users\LENOVO\IdeaProjects\lab5_is\Grupa_30236\.gradle\7.6\fileHashes)" [_thread_blocked, id=3772, stack(0x0000006795c00000,0x0000006795d00000)]
  0x0000019269c99880 JavaThread "Cache worker for cache directory md-supplier (C:\Users\LENOVO\.gradle\caches\7.6\md-supplier)" [_thread_blocked, id=3120, stack(0x0000006795d00000,0x0000006795e00000)]
  0x0000019269c98de0 JavaThread "Cache worker for execution history cache (C:\Users\LENOVO\.gradle\caches\7.6\executionHistory)" [_thread_blocked, id=10636, stack(0x0000006795e00000,0x0000006795f00000)]

Other Threads:
  0x0000019263134fd0 VMThread "VM Thread" [stack: 0x0000006793900000,0x0000006793a00000] [id=2692]
  0x00000192675201f0 WatcherThread "VM Periodic Task Thread" [stack: 0x0000006794500000,0x0000006794600000] [id=4556]
  0x0000019248a0de80 WorkerThread "GC Thread#0" [stack: 0x0000006793400000,0x0000006793500000] [id=11976]
  0x0000019267c0e660 WorkerThread "GC Thread#1" [stack: 0x0000006794700000,0x0000006794800000] [id=3484]
  0x0000019267b2ff30 WorkerThread "GC Thread#2" [stack: 0x0000006794800000,0x0000006794900000] [id=11964]
  0x0000019267b30200 WorkerThread "GC Thread#3" [stack: 0x0000006794900000,0x0000006794a00000] [id=11480]
  0x0000019248a12e90 ConcurrentGCThread "G1 Main Marker" [stack: 0x0000006793500000,0x0000006793600000] [id=9168]
  0x0000019248a13f70 WorkerThread "G1 Conc#0" [stack: 0x0000006793600000,0x0000006793700000] [id=10212]
  0x0000019248aae730 ConcurrentGCThread "G1 Refine#0" [stack: 0x0000006793700000,0x0000006793800000] [id=6836]
  0x0000019262ff4390 ConcurrentGCThread "G1 Service" [stack: 0x0000006793800000,0x0000006793900000] [id=1664]

Threads with active compile tasks:
C2 CompilerThread0     6125 3151       4       java.lang.invoke.LambdaFormBuffer::endEdit (313 bytes)
C2 CompilerThread1     6125 3183   !   4       java.util.zip.ZipFile$ZipFileInflaterInputStream::close (67 bytes)

VM state: not at safepoint (normal execution)

VM Mutex/Monitor currently owned by a thread: None

Heap address: 0x00000000e0000000, size: 512 MB, Compressed Oops mode: 32-bit

CDS archive(s) mapped at: [0x0000000800000000-0x0000000800c30000-0x0000000800c30000), size 12779520, SharedBaseAddress: 0x0000000800000000, ArchiveRelocationMode: 0.
Compressed class space mapped at: 0x0000000801000000-0x000000080e000000, reserved size: 218103808
Narrow klass base: 0x0000000800000000, Narrow klass shift: 0, Narrow klass range: 0x100000000

GC Precious Log:
 CardTable entry size: 512
 Card Set container configuration: InlinePtr #cards 5 size 8 Array Of Cards #cards 12 size 40 Howl #buckets 4 coarsen threshold 1843 Howl Bitmap #cards 512 size 80 coarsen threshold 460 Card regions per heap region 1 cards per card region 2048
 CPUs: 4 total, 4 available
 Memory: 3970M
 Large Page Support: Disabled
 NUMA Support: Disabled
 Compressed Oops: Enabled (32-bit)
 Heap Region Size: 1M
 Heap Min Capacity: 256M
 Heap Initial Capacity: 256M
 Heap Max Capacity: 512M
 Pre-touch: Disabled
 Parallel Workers: 4
 Concurrent Workers: 1
 Concurrent Refinement Workers: 4
 Periodic GC: Disabled

Heap:
 garbage-first heap   total 262144K, used 58954K [0x00000000e0000000, 0x0000000100000000)
  region size 1024K, 50 young (51200K), 12 survivors (12288K)
 Metaspace       used 25861K, committed 27008K, reserved 278528K
  class space    used 3846K, committed 4416K, reserved 212992K

Heap Regions: E=young(eden), S=young(survivor), O=old, HS=humongous(starts), HC=humongous(continues), CS=collection set, F=free, OA=open archive, CA=closed archive, TAMS=top-at-mark-start (previous, next)
|   0|0x00000000e0000000, 0x00000000e0100000, 0x00000000e0100000|100%| O|  |TAMS 0x00000000e0100000, 0x00000000e0000000| Untracked 
|   1|0x00000000e0100000, 0x00000000e0200000, 0x00000000e0200000|100%| O|  |TAMS 0x00000000e0200000, 0x00000000e0100000| Untracked 
|   2|0x00000000e0200000, 0x00000000e0300000, 0x00000000e0300000|100%|HS|  |TAMS 0x00000000e0300000, 0x00000000e0200000| Complete 
|   3|0x00000000e0300000, 0x00000000e0400000, 0x00000000e0400000|100%|HC|  |TAMS 0x00000000e0400000, 0x00000000e0300000| Complete 
|   4|0x00000000e0400000, 0x00000000e0500000, 0x00000000e0500000|100%|HC|  |TAMS 0x00000000e0500000, 0x00000000e0400000| Complete 
|   5|0x00000000e0500000, 0x00000000e0600000, 0x00000000e0600000|100%| O|  |TAMS 0x00000000e0600000, 0x00000000e0500000| Untracked 
|   6|0x00000000e0600000, 0x00000000e0700000, 0x00000000e0700000|100%| O|  |TAMS 0x00000000e0700000, 0x00000000e0600000| Untracked 
|   7|0x00000000e0700000, 0x00000000e0700000, 0x00000000e0800000|  0%| F|  |TAMS 0x00000000e0700000, 0x00000000e0700000| Untracked 
|   8|0x00000000e0800000, 0x00000000e0900000, 0x00000000e0900000|100%| O|  |TAMS 0x00000000e0900000, 0x00000000e0800000| Untracked 
|   9|0x00000000e0900000, 0x00000000e0a00000, 0x00000000e0a00000|100%| O|  |TAMS 0x00000000e0a00000, 0x00000000e0900000| Untracked 
|  10|0x00000000e0a00000, 0x00000000e0a5ba00, 0x00000000e0b00000| 35%| O|  |TAMS 0x00000000e0a5ba00, 0x00000000e0a00000| Untracked 
|  11|0x00000000e0b00000, 0x00000000e0b00000, 0x00000000e0c00000|  0%| F|  |TAMS 0x00000000e0b00000, 0x00000000e0b00000| Untracked 
|  12|0x00000000e0c00000, 0x00000000e0c00000, 0x00000000e0d00000|  0%| F|  |TAMS 0x00000000e0c00000, 0x00000000e0c00000| Untracked 
|  13|0x00000000e0d00000, 0x00000000e0d00000, 0x00000000e0e00000|  0%| F|  |TAMS 0x00000000e0d00000, 0x00000000e0d00000| Untracked 
|  14|0x00000000e0e00000, 0x00000000e0e00000, 0x00000000e0f00000|  0%| F|  |TAMS 0x00000000e0e00000, 0x00000000e0e00000| Untracked 
|  15|0x00000000e0f00000, 0x00000000e0f00000, 0x00000000e1000000|  0%| F|  |TAMS 0x00000000e0f00000, 0x00000000e0f00000| Untracked 
|  16|0x00000000e1000000, 0x00000000e1000000, 0x00000000e1100000|  0%| F|  |TAMS 0x00000000e1000000, 0x00000000e1000000| Untracked 
|  17|0x00000000e1100000, 0x00000000e1100000, 0x00000000e1200000|  0%| F|  |TAMS 0x00000000e1100000, 0x00000000e1100000| Untracked 
|  18|0x00000000e1200000, 0x00000000e1200000, 0x00000000e1300000|  0%| F|  |TAMS 0x00000000e1200000, 0x00000000e1200000| Untracked 
|  19|0x00000000e1300000, 0x00000000e1300000, 0x00000000e1400000|  0%| F|  |TAMS 0x00000000e1300000, 0x00000000e1300000| Untracked 
|  20|0x00000000e1400000, 0x00000000e1400000, 0x00000000e1500000|  0%| F|  |TAMS 0x00000000e1400000, 0x00000000e1400000| Untracked 
|  21|0x00000000e1500000, 0x00000000e1500000, 0x00000000e1600000|  0%| F|  |TAMS 0x00000000e1500000, 0x00000000e1500000| Untracked 
|  22|0x00000000e1600000, 0x00000000e1600000, 0x00000000e1700000|  0%| F|  |TAMS 0x00000000e1600000, 0x00000000e1600000| Untracked 
|  23|0x00000000e1700000, 0x00000000e1700000, 0x00000000e1800000|  0%| F|  |TAMS 0x00000000e1700000, 0x00000000e1700000| Untracked 
|  24|0x00000000e1800000, 0x00000000e1800000, 0x00000000e1900000|  0%| F|  |TAMS 0x00000000e1800000, 0x00000000e1800000| Untracked 
|  25|0x00000000e1900000, 0x00000000e1900000, 0x00000000e1a00000|  0%| F|  |TAMS 0x00000000e1900000, 0x00000000e1900000| Untracked 
|  26|0x00000000e1a00000, 0x00000000e1a00000, 0x00000000e1b00000|  0%| F|  |TAMS 0x00000000e1a00000, 0x00000000e1a00000| Untracked 
|  27|0x00000000e1b00000, 0x00000000e1b00000, 0x00000000e1c00000|  0%| F|  |TAMS 0x00000000e1b00000, 0x00000000e1b00000| Untracked 
|  28|0x00000000e1c00000, 0x00000000e1c00000, 0x00000000e1d00000|  0%| F|  |TAMS 0x00000000e1c00000, 0x00000000e1c00000| Untracked 
|  29|0x00000000e1d00000, 0x00000000e1d00000, 0x00000000e1e00000|  0%| F|  |TAMS 0x00000000e1d00000, 0x00000000e1d00000| Untracked 
|  30|0x00000000e1e00000, 0x00000000e1e00000, 0x00000000e1f00000|  0%| F|  |TAMS 0x00000000e1e00000, 0x00000000e1e00000| Untracked 
|  31|0x00000000e1f00000, 0x00000000e1f00000, 0x00000000e2000000|  0%| F|  |TAMS 0x00000000e1f00000, 0x00000000e1f00000| Untracked 
|  32|0x00000000e2000000, 0x00000000e2000000, 0x00000000e2100000|  0%| F|  |TAMS 0x00000000e2000000, 0x00000000e2000000| Untracked 
|  33|0x00000000e2100000, 0x00000000e2100000, 0x00000000e2200000|  0%| F|  |TAMS 0x00000000e2100000, 0x00000000e2100000| Untracked 
|  34|0x00000000e2200000, 0x00000000e2200000, 0x00000000e2300000|  0%| F|  |TAMS 0x00000000e2200000, 0x00000000e2200000| Untracked 
|  35|0x00000000e2300000, 0x00000000e2300000, 0x00000000e2400000|  0%| F|  |TAMS 0x00000000e2300000, 0x00000000e2300000| Untracked 
|  36|0x00000000e2400000, 0x00000000e2400000, 0x00000000e2500000|  0%| F|  |TAMS 0x00000000e2400000, 0x00000000e2400000| Untracked 
|  37|0x00000000e2500000, 0x00000000e2500000, 0x00000000e2600000|  0%| F|  |TAMS 0x00000000e2500000, 0x00000000e2500000| Untracked 
|  38|0x00000000e2600000, 0x00000000e2600000, 0x00000000e2700000|  0%| F|  |TAMS 0x00000000e2600000, 0x00000000e2600000| Untracked 
|  39|0x00000000e2700000, 0x00000000e2700000, 0x00000000e2800000|  0%| F|  |TAMS 0x00000000e2700000, 0x00000000e2700000| Untracked 
|  40|0x00000000e2800000, 0x00000000e2800000, 0x00000000e2900000|  0%| F|  |TAMS 0x00000000e2800000, 0x00000000e2800000| Untracked 
|  41|0x00000000e2900000, 0x00000000e2900000, 0x00000000e2a00000|  0%| F|  |TAMS 0x00000000e2900000, 0x00000000e2900000| Untracked 
|  42|0x00000000e2a00000, 0x00000000e2a00000, 0x00000000e2b00000|  0%| F|  |TAMS 0x00000000e2a00000, 0x00000000e2a00000| Untracked 
|  43|0x00000000e2b00000, 0x00000000e2b00000, 0x00000000e2c00000|  0%| F|  |TAMS 0x00000000e2b00000, 0x00000000e2b00000| Untracked 
|  44|0x00000000e2c00000, 0x00000000e2c00000, 0x00000000e2d00000|  0%| F|  |TAMS 0x00000000e2c00000, 0x00000000e2c00000| Untracked 
|  45|0x00000000e2d00000, 0x00000000e2d00000, 0x00000000e2e00000|  0%| F|  |TAMS 0x00000000e2d00000, 0x00000000e2d00000| Untracked 
|  46|0x00000000e2e00000, 0x00000000e2e00000, 0x00000000e2f00000|  0%| F|  |TAMS 0x00000000e2e00000, 0x00000000e2e00000| Untracked 
|  47|0x00000000e2f00000, 0x00000000e2f00000, 0x00000000e3000000|  0%| F|  |TAMS 0x00000000e2f00000, 0x00000000e2f00000| Untracked 
|  48|0x00000000e3000000, 0x00000000e3000000, 0x00000000e3100000|  0%| F|  |TAMS 0x00000000e3000000, 0x00000000e3000000| Untracked 
|  49|0x00000000e3100000, 0x00000000e3100000, 0x00000000e3200000|  0%| F|  |TAMS 0x00000000e3100000, 0x00000000e3100000| Untracked 
|  50|0x00000000e3200000, 0x00000000e3200000, 0x00000000e3300000|  0%| F|  |TAMS 0x00000000e3200000, 0x00000000e3200000| Untracked 
|  51|0x00000000e3300000, 0x00000000e3300000, 0x00000000e3400000|  0%| F|  |TAMS 0x00000000e3300000, 0x00000000e3300000| Untracked 
|  52|0x00000000e3400000, 0x00000000e3400000, 0x00000000e3500000|  0%| F|  |TAMS 0x00000000e3400000, 0x00000000e3400000| Untracked 
|  53|0x00000000e3500000, 0x00000000e3500000, 0x00000000e3600000|  0%| F|  |TAMS 0x00000000e3500000, 0x00000000e3500000| Untracked 
|  54|0x00000000e3600000, 0x00000000e3600000, 0x00000000e3700000|  0%| F|  |TAMS 0x00000000e3600000, 0x00000000e3600000| Untracked 
|  55|0x00000000e3700000, 0x00000000e3700000, 0x00000000e3800000|  0%| F|  |TAMS 0x00000000e3700000, 0x00000000e3700000| Untracked 
|  56|0x00000000e3800000, 0x00000000e3800000, 0x00000000e3900000|  0%| F|  |TAMS 0x00000000e3800000, 0x00000000e3800000| Untracked 
|  57|0x00000000e3900000, 0x00000000e3900000, 0x00000000e3a00000|  0%| F|  |TAMS 0x00000000e3900000, 0x00000000e3900000| Untracked 
|  58|0x00000000e3a00000, 0x00000000e3a00000, 0x00000000e3b00000|  0%| F|  |TAMS 0x00000000e3a00000, 0x00000000e3a00000| Untracked 
|  59|0x00000000e3b00000, 0x00000000e3b00000, 0x00000000e3c00000|  0%| F|  |TAMS 0x00000000e3b00000, 0x00000000e3b00000| Untracked 
|  60|0x00000000e3c00000, 0x00000000e3c00000, 0x00000000e3d00000|  0%| F|  |TAMS 0x00000000e3c00000, 0x00000000e3c00000| Untracked 
|  61|0x00000000e3d00000, 0x00000000e3d00000, 0x00000000e3e00000|  0%| F|  |TAMS 0x00000000e3d00000, 0x00000000e3d00000| Untracked 
|  62|0x00000000e3e00000, 0x00000000e3e00000, 0x00000000e3f00000|  0%| F|  |TAMS 0x00000000e3e00000, 0x00000000e3e00000| Untracked 
|  63|0x00000000e3f00000, 0x00000000e3f00000, 0x00000000e4000000|  0%| F|  |TAMS 0x00000000e3f00000, 0x00000000e3f00000| Untracked 
|  64|0x00000000e4000000, 0x00000000e4000000, 0x00000000e4100000|  0%| F|  |TAMS 0x00000000e4000000, 0x00000000e4000000| Untracked 
|  65|0x00000000e4100000, 0x00000000e4100000, 0x00000000e4200000|  0%| F|  |TAMS 0x00000000e4100000, 0x00000000e4100000| Untracked 
|  66|0x00000000e4200000, 0x00000000e4200000, 0x00000000e4300000|  0%| F|  |TAMS 0x00000000e4200000, 0x00000000e4200000| Untracked 
|  67|0x00000000e4300000, 0x00000000e4300000, 0x00000000e4400000|  0%| F|  |TAMS 0x00000000e4300000, 0x00000000e4300000| Untracked 
|  68|0x00000000e4400000, 0x00000000e4400000, 0x00000000e4500000|  0%| F|  |TAMS 0x00000000e4400000, 0x00000000e4400000| Untracked 
|  69|0x00000000e4500000, 0x00000000e4500000, 0x00000000e4600000|  0%| F|  |TAMS 0x00000000e4500000, 0x00000000e4500000| Untracked 
|  70|0x00000000e4600000, 0x00000000e4600000, 0x00000000e4700000|  0%| F|  |TAMS 0x00000000e4600000, 0x00000000e4600000| Untracked 
|  71|0x00000000e4700000, 0x00000000e4700000, 0x00000000e4800000|  0%| F|  |TAMS 0x00000000e4700000, 0x00000000e4700000| Untracked 
|  72|0x00000000e4800000, 0x00000000e4800000, 0x00000000e4900000|  0%| F|  |TAMS 0x00000000e4800000, 0x00000000e4800000| Untracked 
|  73|0x00000000e4900000, 0x00000000e4900000, 0x00000000e4a00000|  0%| F|  |TAMS 0x00000000e4900000, 0x00000000e4900000| Untracked 
|  74|0x00000000e4a00000, 0x00000000e4a00000, 0x00000000e4b00000|  0%| F|  |TAMS 0x00000000e4a00000, 0x00000000e4a00000| Untracked 
|  75|0x00000000e4b00000, 0x00000000e4b00000, 0x00000000e4c00000|  0%| F|  |TAMS 0x00000000e4b00000, 0x00000000e4b00000| Untracked 
|  76|0x00000000e4c00000, 0x00000000e4c00000, 0x00000000e4d00000|  0%| F|  |TAMS 0x00000000e4c00000, 0x00000000e4c00000| Untracked 
|  77|0x00000000e4d00000, 0x00000000e4d00000, 0x00000000e4e00000|  0%| F|  |TAMS 0x00000000e4d00000, 0x00000000e4d00000| Untracked 
|  78|0x00000000e4e00000, 0x00000000e4e00000, 0x00000000e4f00000|  0%| F|  |TAMS 0x00000000e4e00000, 0x00000000e4e00000| Untracked 
|  79|0x00000000e4f00000, 0x00000000e4f00000, 0x00000000e5000000|  0%| F|  |TAMS 0x00000000e4f00000, 0x00000000e4f00000| Untracked 
|  80|0x00000000e5000000, 0x00000000e5000000, 0x00000000e5100000|  0%| F|  |TAMS 0x00000000e5000000, 0x00000000e5000000| Untracked 
|  81|0x00000000e5100000, 0x00000000e5100000, 0x00000000e5200000|  0%| F|  |TAMS 0x00000000e5100000, 0x00000000e5100000| Untracked 
|  82|0x00000000e5200000, 0x00000000e5200000, 0x00000000e5300000|  0%| F|  |TAMS 0x00000000e5200000, 0x00000000e5200000| Untracked 
|  83|0x00000000e5300000, 0x00000000e5300000, 0x00000000e5400000|  0%| F|  |TAMS 0x00000000e5300000, 0x00000000e5300000| Untracked 
|  84|0x00000000e5400000, 0x00000000e5400000, 0x00000000e5500000|  0%| F|  |TAMS 0x00000000e5400000, 0x00000000e5400000| Untracked 
|  85|0x00000000e5500000, 0x00000000e5500000, 0x00000000e5600000|  0%| F|  |TAMS 0x00000000e5500000, 0x00000000e5500000| Untracked 
|  86|0x00000000e5600000, 0x00000000e5600000, 0x00000000e5700000|  0%| F|  |TAMS 0x00000000e5600000, 0x00000000e5600000| Untracked 
|  87|0x00000000e5700000, 0x00000000e5700000, 0x00000000e5800000|  0%| F|  |TAMS 0x00000000e5700000, 0x00000000e5700000| Untracked 
|  88|0x00000000e5800000, 0x00000000e5800000, 0x00000000e5900000|  0%| F|  |TAMS 0x00000000e5800000, 0x00000000e5800000| Untracked 
|  89|0x00000000e5900000, 0x00000000e5900000, 0x00000000e5a00000|  0%| F|  |TAMS 0x00000000e5900000, 0x00000000e5900000| Untracked 
|  90|0x00000000e5a00000, 0x00000000e5a00000, 0x00000000e5b00000|  0%| F|  |TAMS 0x00000000e5a00000, 0x00000000e5a00000| Untracked 
|  91|0x00000000e5b00000, 0x00000000e5b00000, 0x00000000e5c00000|  0%| F|  |TAMS 0x00000000e5b00000, 0x00000000e5b00000| Untracked 
|  92|0x00000000e5c00000, 0x00000000e5c00000, 0x00000000e5d00000|  0%| F|  |TAMS 0x00000000e5c00000, 0x00000000e5c00000| Untracked 
|  93|0x00000000e5d00000, 0x00000000e5d00000, 0x00000000e5e00000|  0%| F|  |TAMS 0x00000000e5d00000, 0x00000000e5d00000| Untracked 
|  94|0x00000000e5e00000, 0x00000000e5e00000, 0x00000000e5f00000|  0%| F|  |TAMS 0x00000000e5e00000, 0x00000000e5e00000| Untracked 
|  95|0x00000000e5f00000, 0x00000000e5f00000, 0x00000000e6000000|  0%| F|  |TAMS 0x00000000e5f00000, 0x00000000e5f00000| Untracked 
|  96|0x00000000e6000000, 0x00000000e6000000, 0x00000000e6100000|  0%| F|  |TAMS 0x00000000e6000000, 0x00000000e6000000| Untracked 
|  97|0x00000000e6100000, 0x00000000e6100000, 0x00000000e6200000|  0%| F|  |TAMS 0x00000000e6100000, 0x00000000e6100000| Untracked 
|  98|0x00000000e6200000, 0x00000000e6200000, 0x00000000e6300000|  0%| F|  |TAMS 0x00000000e6200000, 0x00000000e6200000| Untracked 
|  99|0x00000000e6300000, 0x00000000e6300000, 0x00000000e6400000|  0%| F|  |TAMS 0x00000000e6300000, 0x00000000e6300000| Untracked 
| 100|0x00000000e6400000, 0x00000000e6400000, 0x00000000e6500000|  0%| F|  |TAMS 0x00000000e6400000, 0x00000000e6400000| Untracked 
| 101|0x00000000e6500000, 0x00000000e6500000, 0x00000000e6600000|  0%| F|  |TAMS 0x00000000e6500000, 0x00000000e6500000| Untracked 
| 102|0x00000000e6600000, 0x00000000e6600000, 0x00000000e6700000|  0%| F|  |TAMS 0x00000000e6600000, 0x00000000e6600000| Untracked 
| 103|0x00000000e6700000, 0x00000000e6700000, 0x00000000e6800000|  0%| F|  |TAMS 0x00000000e6700000, 0x00000000e6700000| Untracked 
| 104|0x00000000e6800000, 0x00000000e6800000, 0x00000000e6900000|  0%| F|  |TAMS 0x00000000e6800000, 0x00000000e6800000| Untracked 
| 105|0x00000000e6900000, 0x00000000e6900000, 0x00000000e6a00000|  0%| F|  |TAMS 0x00000000e6900000, 0x00000000e6900000| Untracked 
| 106|0x00000000e6a00000, 0x00000000e6a00000, 0x00000000e6b00000|  0%| F|  |TAMS 0x00000000e6a00000, 0x00000000e6a00000| Untracked 
| 107|0x00000000e6b00000, 0x00000000e6b00000, 0x00000000e6c00000|  0%| F|  |TAMS 0x00000000e6b00000, 0x00000000e6b00000| Untracked 
| 108|0x00000000e6c00000, 0x00000000e6c00000, 0x00000000e6d00000|  0%| F|  |TAMS 0x00000000e6c00000, 0x00000000e6c00000| Untracked 
| 109|0x00000000e6d00000, 0x00000000e6d00000, 0x00000000e6e00000|  0%| F|  |TAMS 0x00000000e6d00000, 0x00000000e6d00000| Untracked 
| 110|0x00000000e6e00000, 0x00000000e6e00000, 0x00000000e6f00000|  0%| F|  |TAMS 0x00000000e6e00000, 0x00000000e6e00000| Untracked 
| 111|0x00000000e6f00000, 0x00000000e6f00000, 0x00000000e7000000|  0%| F|  |TAMS 0x00000000e6f00000, 0x00000000e6f00000| Untracked 
| 112|0x00000000e7000000, 0x00000000e7000000, 0x00000000e7100000|  0%| F|  |TAMS 0x00000000e7000000, 0x00000000e7000000| Untracked 
| 113|0x00000000e7100000, 0x00000000e7100000, 0x00000000e7200000|  0%| F|  |TAMS 0x00000000e7100000, 0x00000000e7100000| Untracked 
| 114|0x00000000e7200000, 0x00000000e7200000, 0x00000000e7300000|  0%| F|  |TAMS 0x00000000e7200000, 0x00000000e7200000| Untracked 
| 115|0x00000000e7300000, 0x00000000e7300000, 0x00000000e7400000|  0%| F|  |TAMS 0x00000000e7300000, 0x00000000e7300000| Untracked 
| 116|0x00000000e7400000, 0x00000000e7400000, 0x00000000e7500000|  0%| F|  |TAMS 0x00000000e7400000, 0x00000000e7400000| Untracked 
| 117|0x00000000e7500000, 0x00000000e7500000, 0x00000000e7600000|  0%| F|  |TAMS 0x00000000e7500000, 0x00000000e7500000| Untracked 
| 118|0x00000000e7600000, 0x00000000e7600000, 0x00000000e7700000|  0%| F|  |TAMS 0x00000000e7600000, 0x00000000e7600000| Untracked 
| 119|0x00000000e7700000, 0x00000000e7700000, 0x00000000e7800000|  0%| F|  |TAMS 0x00000000e7700000, 0x00000000e7700000| Untracked 
| 120|0x00000000e7800000, 0x00000000e7800000, 0x00000000e7900000|  0%| F|  |TAMS 0x00000000e7800000, 0x00000000e7800000| Untracked 
| 121|0x00000000e7900000, 0x00000000e7900000, 0x00000000e7a00000|  0%| F|  |TAMS 0x00000000e7900000, 0x00000000e7900000| Untracked 
| 122|0x00000000e7a00000, 0x00000000e7a00000, 0x00000000e7b00000|  0%| F|  |TAMS 0x00000000e7a00000, 0x00000000e7a00000| Untracked 
| 123|0x00000000e7b00000, 0x00000000e7b00000, 0x00000000e7c00000|  0%| F|  |TAMS 0x00000000e7b00000, 0x00000000e7b00000| Untracked 
| 124|0x00000000e7c00000, 0x00000000e7c00000, 0x00000000e7d00000|  0%| F|  |TAMS 0x00000000e7c00000, 0x00000000e7c00000| Untracked 
| 125|0x00000000e7d00000, 0x00000000e7d00000, 0x00000000e7e00000|  0%| F|  |TAMS 0x00000000e7d00000, 0x00000000e7d00000| Untracked 
| 126|0x00000000e7e00000, 0x00000000e7e00000, 0x00000000e7f00000|  0%| F|  |TAMS 0x00000000e7e00000, 0x00000000e7e00000| Untracked 
| 127|0x00000000e7f00000, 0x00000000e7f00000, 0x00000000e8000000|  0%| F|  |TAMS 0x00000000e7f00000, 0x00000000e7f00000| Untracked 
| 128|0x00000000e8000000, 0x00000000e8000000, 0x00000000e8100000|  0%| F|  |TAMS 0x00000000e8000000, 0x00000000e8000000| Untracked 
| 129|0x00000000e8100000, 0x00000000e8100000, 0x00000000e8200000|  0%| F|  |TAMS 0x00000000e8100000, 0x00000000e8100000| Untracked 
| 130|0x00000000e8200000, 0x00000000e8200000, 0x00000000e8300000|  0%| F|  |TAMS 0x00000000e8200000, 0x00000000e8200000| Untracked 
| 131|0x00000000e8300000, 0x00000000e8300000, 0x00000000e8400000|  0%| F|  |TAMS 0x00000000e8300000, 0x00000000e8300000| Untracked 
| 132|0x00000000e8400000, 0x00000000e8400000, 0x00000000e8500000|  0%| F|  |TAMS 0x00000000e8400000, 0x00000000e8400000| Untracked 
| 133|0x00000000e8500000, 0x00000000e8500000, 0x00000000e8600000|  0%| F|  |TAMS 0x00000000e8500000, 0x00000000e8500000| Untracked 
| 134|0x00000000e8600000, 0x00000000e8600000, 0x00000000e8700000|  0%| F|  |TAMS 0x00000000e8600000, 0x00000000e8600000| Untracked 
| 135|0x00000000e8700000, 0x00000000e8700000, 0x00000000e8800000|  0%| F|  |TAMS 0x00000000e8700000, 0x00000000e8700000| Untracked 
| 136|0x00000000e8800000, 0x00000000e8800000, 0x00000000e8900000|  0%| F|  |TAMS 0x00000000e8800000, 0x00000000e8800000| Untracked 
| 137|0x00000000e8900000, 0x00000000e8900000, 0x00000000e8a00000|  0%| F|  |TAMS 0x00000000e8900000, 0x00000000e8900000| Untracked 
| 138|0x00000000e8a00000, 0x00000000e8a00000, 0x00000000e8b00000|  0%| F|  |TAMS 0x00000000e8a00000, 0x00000000e8a00000| Untracked 
| 139|0x00000000e8b00000, 0x00000000e8b00000, 0x00000000e8c00000|  0%| F|  |TAMS 0x00000000e8b00000, 0x00000000e8b00000| Untracked 
| 140|0x00000000e8c00000, 0x00000000e8c00000, 0x00000000e8d00000|  0%| F|  |TAMS 0x00000000e8c00000, 0x00000000e8c00000| Untracked 
| 141|0x00000000e8d00000, 0x00000000e8d00000, 0x00000000e8e00000|  0%| F|  |TAMS 0x00000000e8d00000, 0x00000000e8d00000| Untracked 
| 142|0x00000000e8e00000, 0x00000000e8e00000, 0x00000000e8f00000|  0%| F|  |TAMS 0x00000000e8e00000, 0x00000000e8e00000| Untracked 
| 143|0x00000000e8f00000, 0x00000000e8f00000, 0x00000000e9000000|  0%| F|  |TAMS 0x00000000e8f00000, 0x00000000e8f00000| Untracked 
| 144|0x00000000e9000000, 0x00000000e9000000, 0x00000000e9100000|  0%| F|  |TAMS 0x00000000e9000000, 0x00000000e9000000| Untracked 
| 145|0x00000000e9100000, 0x00000000e9100000, 0x00000000e9200000|  0%| F|  |TAMS 0x00000000e9100000, 0x00000000e9100000| Untracked 
| 146|0x00000000e9200000, 0x00000000e9200000, 0x00000000e9300000|  0%| F|  |TAMS 0x00000000e9200000, 0x00000000e9200000| Untracked 
| 147|0x00000000e9300000, 0x00000000e9300000, 0x00000000e9400000|  0%| F|  |TAMS 0x00000000e9300000, 0x00000000e9300000| Untracked 
| 148|0x00000000e9400000, 0x00000000e9400000, 0x00000000e9500000|  0%| F|  |TAMS 0x00000000e9400000, 0x00000000e9400000| Untracked 
| 149|0x00000000e9500000, 0x00000000e9500000, 0x00000000e9600000|  0%| F|  |TAMS 0x00000000e9500000, 0x00000000e9500000| Untracked 
| 150|0x00000000e9600000, 0x00000000e9600000, 0x00000000e9700000|  0%| F|  |TAMS 0x00000000e9600000, 0x00000000e9600000| Untracked 
| 151|0x00000000e9700000, 0x00000000e9700000, 0x00000000e9800000|  0%| F|  |TAMS 0x00000000e9700000, 0x00000000e9700000| Untracked 
| 152|0x00000000e9800000, 0x00000000e9800000, 0x00000000e9900000|  0%| F|  |TAMS 0x00000000e9800000, 0x00000000e9800000| Untracked 
| 153|0x00000000e9900000, 0x00000000e9900000, 0x00000000e9a00000|  0%| F|  |TAMS 0x00000000e9900000, 0x00000000e9900000| Untracked 
| 154|0x00000000e9a00000, 0x00000000e9a00000, 0x00000000e9b00000|  0%| F|  |TAMS 0x00000000e9a00000, 0x00000000e9a00000| Untracked 
| 155|0x00000000e9b00000, 0x00000000e9b00000, 0x00000000e9c00000|  0%| F|  |TAMS 0x00000000e9b00000, 0x00000000e9b00000| Untracked 
| 156|0x00000000e9c00000, 0x00000000e9c371f0, 0x00000000e9d00000| 21%| S|CS|TAMS 0x00000000e9c00000, 0x00000000e9c00000| Complete 
| 157|0x00000000e9d00000, 0x00000000e9e00000, 0x00000000e9e00000|100%| S|CS|TAMS 0x00000000e9d00000, 0x00000000e9d00000| Complete 
| 158|0x00000000e9e00000, 0x00000000e9f00000, 0x00000000e9f00000|100%| S|CS|TAMS 0x00000000e9e00000, 0x00000000e9e00000| Complete 
| 159|0x00000000e9f00000, 0x00000000ea000000, 0x00000000ea000000|100%| S|CS|TAMS 0x00000000e9f00000, 0x00000000e9f00000| Complete 
| 160|0x00000000ea000000, 0x00000000ea100000, 0x00000000ea100000|100%| S|CS|TAMS 0x00000000ea000000, 0x00000000ea000000| Complete 
| 161|0x00000000ea100000, 0x00000000ea200000, 0x00000000ea200000|100%| S|CS|TAMS 0x00000000ea100000, 0x00000000ea100000| Complete 
| 162|0x00000000ea200000, 0x00000000ea300000, 0x00000000ea300000|100%| S|CS|TAMS 0x00000000ea200000, 0x00000000ea200000| Complete 
| 163|0x00000000ea300000, 0x00000000ea400000, 0x00000000ea400000|100%| S|CS|TAMS 0x00000000ea300000, 0x00000000ea300000| Complete 
| 164|0x00000000ea400000, 0x00000000ea500000, 0x00000000ea500000|100%| S|CS|TAMS 0x00000000ea400000, 0x00000000ea400000| Complete 
| 165|0x00000000ea500000, 0x00000000ea600000, 0x00000000ea600000|100%| S|CS|TAMS 0x00000000ea500000, 0x00000000ea500000| Complete 
| 166|0x00000000ea600000, 0x00000000ea700000, 0x00000000ea700000|100%| S|CS|TAMS 0x00000000ea600000, 0x00000000ea600000| Complete 
| 167|0x00000000ea700000, 0x00000000ea800000, 0x00000000ea800000|100%| S|CS|TAMS 0x00000000ea700000, 0x00000000ea700000| Complete 
| 168|0x00000000ea800000, 0x00000000ea800000, 0x00000000ea900000|  0%| F|  |TAMS 0x00000000ea800000, 0x00000000ea800000| Untracked 
| 169|0x00000000ea900000, 0x00000000ea900000, 0x00000000eaa00000|  0%| F|  |TAMS 0x00000000ea900000, 0x00000000ea900000| Untracked 
| 170|0x00000000eaa00000, 0x00000000eaa00000, 0x00000000eab00000|  0%| F|  |TAMS 0x00000000eaa00000, 0x00000000eaa00000| Untracked 
| 171|0x00000000eab00000, 0x00000000eab00000, 0x00000000eac00000|  0%| F|  |TAMS 0x00000000eab00000, 0x00000000eab00000| Untracked 
| 172|0x00000000eac00000, 0x00000000eac00000, 0x00000000ead00000|  0%| F|  |TAMS 0x00000000eac00000, 0x00000000eac00000| Untracked 
| 173|0x00000000ead00000, 0x00000000ead00000, 0x00000000eae00000|  0%| F|  |TAMS 0x00000000ead00000, 0x00000000ead00000| Untracked 
| 174|0x00000000eae00000, 0x00000000eae00000, 0x00000000eaf00000|  0%| F|  |TAMS 0x00000000eae00000, 0x00000000eae00000| Untracked 
| 175|0x00000000eaf00000, 0x00000000eaf00000, 0x00000000eb000000|  0%| F|  |TAMS 0x00000000eaf00000, 0x00000000eaf00000| Untracked 
| 176|0x00000000eb000000, 0x00000000eb000000, 0x00000000eb100000|  0%| F|  |TAMS 0x00000000eb000000, 0x00000000eb000000| Untracked 
| 177|0x00000000eb100000, 0x00000000eb100000, 0x00000000eb200000|  0%| F|  |TAMS 0x00000000eb100000, 0x00000000eb100000| Untracked 
| 178|0x00000000eb200000, 0x00000000eb200000, 0x00000000eb300000|  0%| F|  |TAMS 0x00000000eb200000, 0x00000000eb200000| Untracked 
| 179|0x00000000eb300000, 0x00000000eb300000, 0x00000000eb400000|  0%| F|  |TAMS 0x00000000eb300000, 0x00000000eb300000| Untracked 
| 180|0x00000000eb400000, 0x00000000eb400000, 0x00000000eb500000|  0%| F|  |TAMS 0x00000000eb400000, 0x00000000eb400000| Untracked 
| 181|0x00000000eb500000, 0x00000000eb500000, 0x00000000eb600000|  0%| F|  |TAMS 0x00000000eb500000, 0x00000000eb500000| Untracked 
| 182|0x00000000eb600000, 0x00000000eb600000, 0x00000000eb700000|  0%| F|  |TAMS 0x00000000eb600000, 0x00000000eb600000| Untracked 
| 183|0x00000000eb700000, 0x00000000eb700000, 0x00000000eb800000|  0%| F|  |TAMS 0x00000000eb700000, 0x00000000eb700000| Untracked 
| 184|0x00000000eb800000, 0x00000000eb800000, 0x00000000eb900000|  0%| F|  |TAMS 0x00000000eb800000, 0x00000000eb800000| Untracked 
| 185|0x00000000eb900000, 0x00000000eb900000, 0x00000000eba00000|  0%| F|  |TAMS 0x00000000eb900000, 0x00000000eb900000| Untracked 
| 186|0x00000000eba00000, 0x00000000eba00000, 0x00000000ebb00000|  0%| F|  |TAMS 0x00000000eba00000, 0x00000000eba00000| Untracked 
| 187|0x00000000ebb00000, 0x00000000ebb00000, 0x00000000ebc00000|  0%| F|  |TAMS 0x00000000ebb00000, 0x00000000ebb00000| Untracked 
| 188|0x00000000ebc00000, 0x00000000ebc00000, 0x00000000ebd00000|  0%| F|  |TAMS 0x00000000ebc00000, 0x00000000ebc00000| Untracked 
| 189|0x00000000ebd00000, 0x00000000ebd00000, 0x00000000ebe00000|  0%| F|  |TAMS 0x00000000ebd00000, 0x00000000ebd00000| Untracked 
| 190|0x00000000ebe00000, 0x00000000ebe00000, 0x00000000ebf00000|  0%| F|  |TAMS 0x00000000ebe00000, 0x00000000ebe00000| Untracked 
| 191|0x00000000ebf00000, 0x00000000ebf00000, 0x00000000ec000000|  0%| F|  |TAMS 0x00000000ebf00000, 0x00000000ebf00000| Untracked 
| 192|0x00000000ec000000, 0x00000000ec000000, 0x00000000ec100000|  0%| F|  |TAMS 0x00000000ec000000, 0x00000000ec000000| Untracked 
| 193|0x00000000ec100000, 0x00000000ec100000, 0x00000000ec200000|  0%| F|  |TAMS 0x00000000ec100000, 0x00000000ec100000| Untracked 
| 194|0x00000000ec200000, 0x00000000ec200000, 0x00000000ec300000|  0%| F|  |TAMS 0x00000000ec200000, 0x00000000ec200000| Untracked 
| 195|0x00000000ec300000, 0x00000000ec300000, 0x00000000ec400000|  0%| F|  |TAMS 0x00000000ec300000, 0x00000000ec300000| Untracked 
| 196|0x00000000ec400000, 0x00000000ec400000, 0x00000000ec500000|  0%| F|  |TAMS 0x00000000ec400000, 0x00000000ec400000| Untracked 
| 197|0x00000000ec500000, 0x00000000ec500000, 0x00000000ec600000|  0%| F|  |TAMS 0x00000000ec500000, 0x00000000ec500000| Untracked 
| 198|0x00000000ec600000, 0x00000000ec600000, 0x00000000ec700000|  0%| F|  |TAMS 0x00000000ec600000, 0x00000000ec600000| Untracked 
| 199|0x00000000ec700000, 0x00000000ec700000, 0x00000000ec800000|  0%| F|  |TAMS 0x00000000ec700000, 0x00000000ec700000| Untracked 
| 200|0x00000000ec800000, 0x00000000ec800000, 0x00000000ec900000|  0%| F|  |TAMS 0x00000000ec800000, 0x00000000ec800000| Untracked 
| 201|0x00000000ec900000, 0x00000000ec900000, 0x00000000eca00000|  0%| F|  |TAMS 0x00000000ec900000, 0x00000000ec900000| Untracked 
| 202|0x00000000eca00000, 0x00000000eca00000, 0x00000000ecb00000|  0%| F|  |TAMS 0x00000000eca00000, 0x00000000eca00000| Untracked 
| 203|0x00000000ecb00000, 0x00000000ecb00000, 0x00000000ecc00000|  0%| F|  |TAMS 0x00000000ecb00000, 0x00000000ecb00000| Untracked 
| 204|0x00000000ecc00000, 0x00000000ecc00000, 0x00000000ecd00000|  0%| F|  |TAMS 0x00000000ecc00000, 0x00000000ecc00000| Untracked 
| 205|0x00000000ecd00000, 0x00000000ecd00000, 0x00000000ece00000|  0%| F|  |TAMS 0x00000000ecd00000, 0x00000000ecd00000| Untracked 
| 206|0x00000000ece00000, 0x00000000ece00000, 0x00000000ecf00000|  0%| F|  |TAMS 0x00000000ece00000, 0x00000000ece00000| Untracked 
| 207|0x00000000ecf00000, 0x00000000ecf00000, 0x00000000ed000000|  0%| F|  |TAMS 0x00000000ecf00000, 0x00000000ecf00000| Untracked 
| 208|0x00000000ed000000, 0x00000000ed000000, 0x00000000ed100000|  0%| F|  |TAMS 0x00000000ed000000, 0x00000000ed000000| Untracked 
| 209|0x00000000ed100000, 0x00000000ed100000, 0x00000000ed200000|  0%| F|  |TAMS 0x00000000ed100000, 0x00000000ed100000| Untracked 
| 210|0x00000000ed200000, 0x00000000ed200000, 0x00000000ed300000|  0%| F|  |TAMS 0x00000000ed200000, 0x00000000ed200000| Untracked 
| 211|0x00000000ed300000, 0x00000000ed300000, 0x00000000ed400000|  0%| F|  |TAMS 0x00000000ed300000, 0x00000000ed300000| Untracked 
| 212|0x00000000ed400000, 0x00000000ed400000, 0x00000000ed500000|  0%| F|  |TAMS 0x00000000ed400000, 0x00000000ed400000| Untracked 
| 213|0x00000000ed500000, 0x00000000ed500000, 0x00000000ed600000|  0%| F|  |TAMS 0x00000000ed500000, 0x00000000ed500000| Untracked 
| 214|0x00000000ed600000, 0x00000000ed600000, 0x00000000ed700000|  0%| F|  |TAMS 0x00000000ed600000, 0x00000000ed600000| Untracked 
| 215|0x00000000ed700000, 0x00000000ed700000, 0x00000000ed800000|  0%| F|  |TAMS 0x00000000ed700000, 0x00000000ed700000| Untracked 
| 216|0x00000000ed800000, 0x00000000ed800000, 0x00000000ed900000|  0%| F|  |TAMS 0x00000000ed800000, 0x00000000ed800000| Untracked 
| 217|0x00000000ed900000, 0x00000000ed980800, 0x00000000eda00000| 50%| E|  |TAMS 0x00000000ed900000, 0x00000000ed900000| Complete 
| 218|0x00000000eda00000, 0x00000000edb00000, 0x00000000edb00000|100%| E|CS|TAMS 0x00000000eda00000, 0x00000000eda00000| Complete 
| 219|0x00000000edb00000, 0x00000000edc00000, 0x00000000edc00000|100%| E|CS|TAMS 0x00000000edb00000, 0x00000000edb00000| Complete 
| 220|0x00000000edc00000, 0x00000000edd00000, 0x00000000edd00000|100%| E|CS|TAMS 0x00000000edc00000, 0x00000000edc00000| Complete 
| 221|0x00000000edd00000, 0x00000000ede00000, 0x00000000ede00000|100%| E|CS|TAMS 0x00000000edd00000, 0x00000000edd00000| Complete 
| 222|0x00000000ede00000, 0x00000000edf00000, 0x00000000edf00000|100%| E|CS|TAMS 0x00000000ede00000, 0x00000000ede00000| Complete 
| 223|0x00000000edf00000, 0x00000000ee000000, 0x00000000ee000000|100%| E|CS|TAMS 0x00000000edf00000, 0x00000000edf00000| Complete 
| 224|0x00000000ee000000, 0x00000000ee100000, 0x00000000ee100000|100%| E|CS|TAMS 0x00000000ee000000, 0x00000000ee000000| Complete 
| 225|0x00000000ee100000, 0x00000000ee200000, 0x00000000ee200000|100%| E|CS|TAMS 0x00000000ee100000, 0x00000000ee100000| Complete 
| 226|0x00000000ee200000, 0x00000000ee300000, 0x00000000ee300000|100%| E|CS|TAMS 0x00000000ee200000, 0x00000000ee200000| Complete 
| 227|0x00000000ee300000, 0x00000000ee400000, 0x00000000ee400000|100%| E|CS|TAMS 0x00000000ee300000, 0x00000000ee300000| Complete 
| 228|0x00000000ee400000, 0x00000000ee500000, 0x00000000ee500000|100%| E|CS|TAMS 0x00000000ee400000, 0x00000000ee400000| Complete 
| 229|0x00000000ee500000, 0x00000000ee600000, 0x00000000ee600000|100%| E|CS|TAMS 0x00000000ee500000, 0x00000000ee500000| Complete 
| 230|0x00000000ee600000, 0x00000000ee700000, 0x00000000ee700000|100%| E|CS|TAMS 0x00000000ee600000, 0x00000000ee600000| Complete 
| 231|0x00000000ee700000, 0x00000000ee800000, 0x00000000ee800000|100%| E|CS|TAMS 0x00000000ee700000, 0x00000000ee700000| Complete 
| 232|0x00000000ee800000, 0x00000000ee900000, 0x00000000ee900000|100%| E|CS|TAMS 0x00000000ee800000, 0x00000000ee800000| Complete 
| 233|0x00000000ee900000, 0x00000000eea00000, 0x00000000eea00000|100%| E|CS|TAMS 0x00000000ee900000, 0x00000000ee900000| Complete 
| 234|0x00000000eea00000, 0x00000000eeb00000, 0x00000000eeb00000|100%| E|CS|TAMS 0x00000000eea00000, 0x00000000eea00000| Complete 
| 235|0x00000000eeb00000, 0x00000000eec00000, 0x00000000eec00000|100%| E|CS|TAMS 0x00000000eeb00000, 0x00000000eeb00000| Complete 
| 236|0x00000000eec00000, 0x00000000eed00000, 0x00000000eed00000|100%| E|CS|TAMS 0x00000000eec00000, 0x00000000eec00000| Complete 
| 237|0x00000000eed00000, 0x00000000eee00000, 0x00000000eee00000|100%| E|CS|TAMS 0x00000000eed00000, 0x00000000eed00000| Complete 
| 238|0x00000000eee00000, 0x00000000eef00000, 0x00000000eef00000|100%| E|CS|TAMS 0x00000000eee00000, 0x00000000eee00000| Complete 
| 239|0x00000000eef00000, 0x00000000ef000000, 0x00000000ef000000|100%| E|CS|TAMS 0x00000000eef00000, 0x00000000eef00000| Complete 
| 240|0x00000000ef000000, 0x00000000ef100000, 0x00000000ef100000|100%| E|CS|TAMS 0x00000000ef000000, 0x00000000ef000000| Complete 
| 241|0x00000000ef100000, 0x00000000ef200000, 0x00000000ef200000|100%| E|CS|TAMS 0x00000000ef100000, 0x00000000ef100000| Complete 
| 242|0x00000000ef200000, 0x00000000ef300000, 0x00000000ef300000|100%| E|CS|TAMS 0x00000000ef200000, 0x00000000ef200000| Complete 
| 243|0x00000000ef300000, 0x00000000ef400000, 0x00000000ef400000|100%| E|CS|TAMS 0x00000000ef300000, 0x00000000ef300000| Complete 
| 244|0x00000000ef400000, 0x00000000ef500000, 0x00000000ef500000|100%| E|CS|TAMS 0x00000000ef400000, 0x00000000ef400000| Complete 
| 245|0x00000000ef500000, 0x00000000ef600000, 0x00000000ef600000|100%| E|CS|TAMS 0x00000000ef500000, 0x00000000ef500000| Complete 
| 246|0x00000000ef600000, 0x00000000ef700000, 0x00000000ef700000|100%| E|CS|TAMS 0x00000000ef600000, 0x00000000ef600000| Complete 
| 247|0x00000000ef700000, 0x00000000ef800000, 0x00000000ef800000|100%| E|CS|TAMS 0x00000000ef700000, 0x00000000ef700000| Complete 
| 248|0x00000000ef800000, 0x00000000ef900000, 0x00000000ef900000|100%| E|CS|TAMS 0x00000000ef800000, 0x00000000ef800000| Complete 
| 249|0x00000000ef900000, 0x00000000efa00000, 0x00000000efa00000|100%| E|CS|TAMS 0x00000000ef900000, 0x00000000ef900000| Complete 
| 250|0x00000000efa00000, 0x00000000efb00000, 0x00000000efb00000|100%| E|CS|TAMS 0x00000000efa00000, 0x00000000efa00000| Complete 
| 251|0x00000000efb00000, 0x00000000efc00000, 0x00000000efc00000|100%| E|CS|TAMS 0x00000000efb00000, 0x00000000efb00000| Complete 
| 252|0x00000000efc00000, 0x00000000efd00000, 0x00000000efd00000|100%| E|CS|TAMS 0x00000000efc00000, 0x00000000efc00000| Complete 
| 253|0x00000000efd00000, 0x00000000efe00000, 0x00000000efe00000|100%| E|CS|TAMS 0x00000000efd00000, 0x00000000efd00000| Complete 
| 254|0x00000000efe00000, 0x00000000eff00000, 0x00000000eff00000|100%| E|CS|TAMS 0x00000000efe00000, 0x00000000efe00000| Complete 
| 255|0x00000000eff00000, 0x00000000f0000000, 0x00000000f0000000|100%| E|CS|TAMS 0x00000000eff00000, 0x00000000eff00000| Complete 

Card table byte_map: [0x000001925f940000,0x000001925fa40000] _byte_map_base: 0x000001925f240000

Marking Bits (Prev, Next): (CMBitMap*) 0x0000019248a0e400, (CMBitMap*) 0x0000019248a0e3c0
 Prev Bits: [0x0000019260340000, 0x0000019260b40000)
 Next Bits: [0x000001925fb40000, 0x0000019260340000)

Polling page: 0x00000192468a0000

Metaspace:

Usage:
  Non-class:     21.60 MB used.
      Class:      3.77 MB used.
       Both:     25.37 MB used.

Virtual space:
  Non-class space:       64.00 MB reserved,      22.12 MB ( 35%) committed,  1 nodes.
      Class space:      208.00 MB reserved,       4.31 MB (  2%) committed,  1 nodes.
             Both:      272.00 MB reserved,      26.44 MB ( 10%) committed. 

Chunk freelists:
   Non-Class:  1.36 MB
       Class:  3.72 MB
        Both:  5.08 MB

MaxMetaspaceSize: 256.00 MB
CompressedClassSpaceSize: 208.00 MB
Initial GC threshold: 21.00 MB
Current GC threshold: 35.25 MB
CDS: on
MetaspaceReclaimPolicy: balanced
 - commit_granule_bytes: 65536.
 - commit_granule_words: 8192.
 - virtual_space_node_default_size: 8388608.
 - enlarge_chunks_in_place: 1.
 - new_chunks_are_fully_committed: 0.
 - uncommit_free_chunks: 1.
 - use_allocation_guard: 0.


Internal statistics:

num_allocs_failed_limit: 3.
num_arena_births: 1872.
num_arena_deaths: 0.
num_vsnodes_births: 2.
num_vsnodes_deaths: 0.
num_space_committed: 423.
num_space_uncommitted: 0.
num_chunks_returned_to_freelist: 3.
num_chunks_taken_from_freelist: 3185.
num_chunk_merges: 3.
num_chunk_splits: 2006.
num_chunks_enlarged: 1141.
num_inconsistent_stats: 0.

CodeHeap 'non-profiled nmethods': size=120000Kb used=1717Kb max_used=1717Kb free=118282Kb
 bounds [0x0000019258410000, 0x0000019258680000, 0x000001925f940000]
CodeHeap 'profiled nmethods': size=120000Kb used=6448Kb max_used=6448Kb free=113551Kb
 bounds [0x0000019250940000, 0x0000019250f90000, 0x0000019257e70000]
CodeHeap 'non-nmethods': size=5760Kb used=1364Kb max_used=1416Kb free=4395Kb
 bounds [0x0000019257e70000, 0x00000192580e0000, 0x0000019258410000]
 total_blobs=3757 nmethods=3184 adapters=481
 compilation: enabled
              stopped_count=0, restarted_count=0
 full_count=0

Compilation events (20 events):
Event: 6.066 Thread 0x0000019263162f80 3167       3       org.objectweb.asm.MethodVisitor::visitFieldInsn (20 bytes)
Event: 6.066 Thread 0x0000019263162f80 nmethod 3167 0x0000019250f84510 code [0x0000019250f846c0, 0x0000019250f848c8]
Event: 6.066 Thread 0x0000019263162f80 3159       3       org.gradle.internal.instantiation.generator.AbstractClassGenerator$ClassMetadata::getProperty (14 bytes)
Event: 6.066 Thread 0x0000019263162f80 nmethod 3159 0x0000019250f84990 code [0x0000019250f84b40, 0x0000019250f84e08]
Event: 6.066 Thread 0x0000019263162f80 3163       3       java.util.ArrayList$ArrayListSpliterator::estimateSize (11 bytes)
Event: 6.067 Thread 0x0000019263162f80 nmethod 3163 0x0000019250f84f10 code [0x0000019250f850c0, 0x0000019250f85278]
Event: 6.067 Thread 0x0000019263162f80 3165       1       com.google.common.collect.LinkedHashMultimap$ValueEntry::setSuccessorInMultimap (6 bytes)
Event: 6.067 Thread 0x0000019263162f80 nmethod 3165 0x00000192585b8e90 code [0x00000192585b9020, 0x00000192585b9138]
Event: 6.067 Thread 0x0000019263162f80 3166       1       com.google.common.collect.LinkedHashMultimap$ValueEntry::setPredecessorInMultimap (6 bytes)
Event: 6.067 Thread 0x0000019263162f80 nmethod 3166 0x00000192585b9190 code [0x00000192585b9320, 0x00000192585b9438]
Event: 6.067 Thread 0x0000019263163aa0 nmethod 3161 0x00000192585b9490 code [0x00000192585b9660, 0x00000192585b9c08]
Event: 6.067 Thread 0x0000019263163aa0 3164       4       java.util.AbstractSet::<init> (5 bytes)
Event: 6.067 Thread 0x0000019263163aa0 nmethod 3164 0x00000192585b9e90 code [0x00000192585ba000, 0x00000192585ba078]
Event: 6.067 Thread 0x0000019263162f80 3168       3       org.gradle.model.internal.asm.ClassVisitorScope::publicMethod (9 bytes)
Event: 6.067 Thread 0x0000019263163aa0 3162       4       org.gradle.internal.reflect.PropertyAccessorType::of (95 bytes)
Event: 6.068 Thread 0x0000019263162f80 nmethod 3168 0x0000019250f85390 code [0x0000019250f85540, 0x0000019250f85708]
Event: 6.068 Thread 0x0000019263162f80 3169       3       org.objectweb.asm.SymbolTable$Entry::<init> (18 bytes)
Event: 6.068 Thread 0x0000019263162f80 nmethod 3169 0x0000019250f85810 code [0x0000019250f859c0, 0x0000019250f85b48]
Event: 6.077 Thread 0x0000019263163aa0 nmethod 3162 0x00000192585ba790 code [0x00000192585ba960, 0x00000192585badb8]
Event: 6.077 Thread 0x0000019263163aa0 3172       4       java.lang.invoke.LambdaFormBuffer::clearDuplicatesAndNulls (268 bytes)

GC Heap History (8 events):
Event: 0.550 GC heap before
{Heap before GC invocations=0 (full 0):
 garbage-first heap   total 262144K, used 12288K [0x00000000e0000000, 0x0000000100000000)
  region size 1024K, 13 young (13312K), 0 survivors (0K)
 Metaspace       used 928K, committed 1088K, reserved 278528K
  class space    used 71K, committed 128K, reserved 212992K
}
Event: 0.553 GC heap after
{Heap after GC invocations=1 (full 0):
 garbage-first heap   total 262144K, used 4040K [0x00000000e0000000, 0x0000000100000000)
  region size 1024K, 2 young (2048K), 2 survivors (2048K)
 Metaspace       used 928K, committed 1088K, reserved 278528K
  class space    used 71K, committed 128K, reserved 212992K
}
Event: 1.277 GC heap before
{Heap before GC invocations=1 (full 0):
 garbage-first heap   total 262144K, used 21448K [0x00000000e0000000, 0x0000000100000000)
  region size 1024K, 17 young (17408K), 2 survivors (2048K)
 Metaspace       used 3854K, committed 4032K, reserved 278528K
  class space    used 467K, committed 576K, reserved 212992K
}
Event: 1.281 GC heap after
{Heap after GC invocations=2 (full 0):
 garbage-first heap   total 262144K, used 9523K [0x00000000e0000000, 0x0000000100000000)
  region size 1024K, 3 young (3072K), 3 survivors (3072K)
 Metaspace       used 3854K, committed 4032K, reserved 278528K
  class space    used 467K, committed 576K, reserved 212992K
}
Event: 1.616 GC heap before
{Heap before GC invocations=2 (full 0):
 garbage-first heap   total 262144K, used 32051K [0x00000000e0000000, 0x0000000100000000)
  region size 1024K, 25 young (25600K), 3 survivors (3072K)
 Metaspace       used 3992K, committed 4160K, reserved 278528K
  class space    used 468K, committed 576K, reserved 212992K
}
Event: 1.620 GC heap after
{Heap after GC invocations=3 (full 0):
 garbage-first heap   total 262144K, used 13678K [0x00000000e0000000, 0x0000000100000000)
  region size 1024K, 4 young (4096K), 4 survivors (4096K)
 Metaspace       used 3992K, committed 4160K, reserved 278528K
  class space    used 468K, committed 576K, reserved 212992K
}
Event: 5.014 GC heap before
{Heap before GC invocations=3 (full 0):
 garbage-first heap   total 262144K, used 98670K [0x00000000e0000000, 0x0000000100000000)
  region size 1024K, 88 young (90112K), 4 survivors (4096K)
 Metaspace       used 20817K, committed 21504K, reserved 278528K
  class space    used 2994K, committed 3328K, reserved 212992K
}
Event: 5.029 GC heap after
{Heap after GC invocations=4 (full 0):
 garbage-first heap   total 262144K, used 21066K [0x00000000e0000000, 0x0000000100000000)
  region size 1024K, 12 young (12288K), 12 survivors (12288K)
 Metaspace       used 20817K, committed 21504K, reserved 278528K
  class space    used 2994K, committed 3328K, reserved 212992K
}

Dll operation events (13 events):
Event: 0.009 Loaded shared library C:\Users\LENOVO\.jdks\openjdk-19.0.1\bin\java.dll
Event: 0.021 Loaded shared library C:\Users\LENOVO\.jdks\openjdk-19.0.1\bin\jsvml.dll
Event: 0.072 Loaded shared library C:\Users\LENOVO\.jdks\openjdk-19.0.1\bin\net.dll
Event: 0.074 Loaded shared library C:\Users\LENOVO\.jdks\openjdk-19.0.1\bin\nio.dll
Event: 0.079 Loaded shared library C:\Users\LENOVO\.jdks\openjdk-19.0.1\bin\zip.dll
Event: 0.276 Loaded shared library C:\Users\LENOVO\.jdks\openjdk-19.0.1\bin\jimage.dll
Event: 0.522 Loaded shared library C:\Users\LENOVO\.jdks\openjdk-19.0.1\bin\verify.dll
Event: 0.703 Loaded shared library C:\Users\LENOVO\.gradle\native\68d5fa5c4cc2d200863cafc0d521ce42e7d3e7ee720ec0a83991735586a16f82\windows-amd64\native-platform.dll
Event: 0.708 Loaded shared library C:\Users\LENOVO\.gradle\native\e376f236ea51e6404a007f0833ffe2c6e607c4080706a723a18a27aeea778392\windows-amd64\native-platform-file-events.dll
Event: 2.197 Loaded shared library C:\Users\LENOVO\.jdks\openjdk-19.0.1\bin\management.dll
Event: 2.201 Loaded shared library C:\Users\LENOVO\.jdks\openjdk-19.0.1\bin\management_ext.dll
Event: 2.448 Loaded shared library C:\Users\LENOVO\.jdks\openjdk-19.0.1\bin\extnet.dll
Event: 2.869 Loaded shared library C:\Users\LENOVO\.jdks\openjdk-19.0.1\bin\sunmscapi.dll

Deoptimization events (20 events):
Event: 4.909 Thread 0x0000019268e670a0 Uncommon trap: trap_request=0xffffff76 fr.pc=0x0000019258556d24 relative=0x00000000000001e4
Event: 4.909 Thread 0x0000019268e670a0 Uncommon trap: reason=predicate action=maybe_recompile pc=0x0000019258556d24 method=com.google.common.base.CharMatcher.indexIn(Ljava/lang/CharSequence;I)I @ 19 c2
Event: 4.909 Thread 0x0000019268e670a0 DEOPT PACKING pc=0x0000019258556d24 sp=0x00000067950fc160
Event: 4.909 Thread 0x0000019268e670a0 DEOPT UNPACKING pc=0x0000019257ed6da3 sp=0x00000067950fc0f0 mode 2
Event: 6.070 Thread 0x0000019268e670a0 Uncommon trap: trap_request=0xffffffbe fr.pc=0x00000192585b7a3c relative=0x000000000000103c
Event: 6.070 Thread 0x0000019268e670a0 Uncommon trap: reason=profile_predicate action=maybe_recompile pc=0x00000192585b7a3c method=java.lang.invoke.InvokerBytecodeGenerator.<init>(Ljava/lang/String;Ljava/lang/String;Ljava/lang/invoke/LambdaForm;Ljava/lang/invoke/MethodType;)V @ 33 c2
Event: 6.070 Thread 0x0000019268e670a0 DEOPT PACKING pc=0x00000192585b7a3c sp=0x00000067950f9d60
Event: 6.070 Thread 0x0000019268e670a0 DEOPT UNPACKING pc=0x0000019257ed6da3 sp=0x00000067950f9d10 mode 2
Event: 6.071 Thread 0x0000019268e670a0 Uncommon trap: trap_request=0xffffffbe fr.pc=0x00000192585b7a3c relative=0x000000000000103c
Event: 6.071 Thread 0x0000019268e670a0 Uncommon trap: reason=profile_predicate action=maybe_recompile pc=0x00000192585b7a3c method=java.lang.invoke.InvokerBytecodeGenerator.<init>(Ljava/lang/String;Ljava/lang/String;Ljava/lang/invoke/LambdaForm;Ljava/lang/invoke/MethodType;)V @ 33 c2
Event: 6.071 Thread 0x0000019268e670a0 DEOPT PACKING pc=0x00000192585b7a3c sp=0x00000067950f95d0
Event: 6.071 Thread 0x0000019268e670a0 DEOPT UNPACKING pc=0x0000019257ed6da3 sp=0x00000067950f9580 mode 2
Event: 6.072 Thread 0x0000019268e670a0 Uncommon trap: trap_request=0xffffffbe fr.pc=0x00000192585b7a3c relative=0x000000000000103c
Event: 6.072 Thread 0x0000019268e670a0 Uncommon trap: reason=profile_predicate action=maybe_recompile pc=0x00000192585b7a3c method=java.lang.invoke.InvokerBytecodeGenerator.<init>(Ljava/lang/String;Ljava/lang/String;Ljava/lang/invoke/LambdaForm;Ljava/lang/invoke/MethodType;)V @ 33 c2
Event: 6.072 Thread 0x0000019268e670a0 DEOPT PACKING pc=0x00000192585b7a3c sp=0x00000067950f9b60
Event: 6.072 Thread 0x0000019268e670a0 DEOPT UNPACKING pc=0x0000019257ed6da3 sp=0x00000067950f9b10 mode 2
Event: 6.072 Thread 0x0000019268e670a0 Uncommon trap: trap_request=0xffffffbe fr.pc=0x00000192585b7a3c relative=0x000000000000103c
Event: 6.072 Thread 0x0000019268e670a0 Uncommon trap: reason=profile_predicate action=maybe_recompile pc=0x00000192585b7a3c method=java.lang.invoke.InvokerBytecodeGenerator.<init>(Ljava/lang/String;Ljava/lang/String;Ljava/lang/invoke/LambdaForm;Ljava/lang/invoke/MethodType;)V @ 33 c2
Event: 6.072 Thread 0x0000019268e670a0 DEOPT PACKING pc=0x00000192585b7a3c sp=0x00000067950f9b00
Event: 6.072 Thread 0x0000019268e670a0 DEOPT UNPACKING pc=0x0000019257ed6da3 sp=0x00000067950f9ab0 mode 2

Classes loaded (20 events):
Event: 4.906 Loading class java/util/ServiceConfigurationError
Event: 4.906 Loading class java/util/ServiceConfigurationError done
Event: 4.931 Loading class java/util/concurrent/locks/AbstractQueuedSynchronizer$SharedNode
Event: 4.931 Loading class java/util/concurrent/locks/AbstractQueuedSynchronizer$SharedNode done
Event: 4.936 Loading class java/io/InterruptedIOException
Event: 4.936 Loading class java/io/InterruptedIOException done
Event: 4.943 Loading class java/util/ArrayDeque$DeqSpliterator
Event: 4.944 Loading class java/util/ArrayDeque$DeqSpliterator done
Event: 5.622 Loading class java/lang/Class$EnclosingMethodInfo
Event: 5.622 Loading class java/lang/Class$EnclosingMethodInfo done
Event: 5.626 Loading class sun/reflect/generics/tree/IntSignature
Event: 5.626 Loading class sun/reflect/generics/tree/IntSignature done
Event: 5.626 Loading class sun/reflect/generics/tree/ArrayTypeSignature
Event: 5.626 Loading class sun/reflect/generics/tree/ArrayTypeSignature done
Event: 5.631 Loading class java/lang/SafeVarargs
Event: 5.631 Loading class java/lang/SafeVarargs done
Event: 5.820 Loading class java/lang/invoke/BoundMethodHandle$Species_LLLLLLLLLLLLLLLLLLLLLLL
Event: 5.820 Loading class java/lang/invoke/BoundMethodHandle$Species_LLLLLLLLLLLLLLLLLLLLLLL done
Event: 5.824 Loading class java/lang/invoke/BoundMethodHandle$Species_LLLLLLLLLLLLLLLLLLLLLLLL
Event: 5.824 Loading class java/lang/invoke/BoundMethodHandle$Species_LLLLLLLLLLLLLLLLLLLLLLLL done

Classes unloaded (0 events):
No events

Classes redefined (0 events):
No events

Internal exceptions (20 events):
Event: 5.713 Thread 0x0000019268e670a0 Exception <a 'java/lang/NoSuchMethodError'{0x00000000eee81998}: 'java.lang.Object java.lang.invoke.Invokers$Holder.linkToTargetMethod(java.lang.Object, java.lang.Object, java.lang.Object, java.lang.Object, java.lang.Object, java.lang.Object, java.lang.Object, java.lang.Object, java.lang.Object, java.lang.Object, java.lang.Object, java.lang.Object)'> (0x00000000eee81998) 
thrown [s\open\src\hotspot\share\interpreter\linkResolver.cpp, line 774]
Event: 5.745 Thread 0x0000019268e670a0 Exception <a 'java/lang/NoSuchMethodError'{0x00000000eec22448}: 'java.lang.Object java.lang.invoke.DirectMethodHandle$Holder.invokeStaticInit(java.lang.Object, java.lang.Object, java.lang.Object, java.lang.Object)'> (0x00000000eec22448) 
thrown [s\open\src\hotspot\share\interpreter\linkResolver.cpp, line 774]
Event: 5.780 Thread 0x0000019268e670a0 Exception <a 'java/lang/NoSuchMethodError'{0x00000000eeb675e0}: 'java.lang.Object java.lang.invoke.DirectMethodHandle$Holder.invokeVirtual(java.lang.Object, java.lang.Object, java.lang.Object, java.lang.Object, java.lang.Object, java.lang.Object, java.lang.Object, java.lang.Object, java.lang.Object, java.lang.Object, java.lang.Object, java.lang.Object, java.lang.Object, java.lang.Object, java.lang.Object, java.lang.Object)'> (0x00000000eeb675e0) 
thrown [s\open\src\hotspot\share\interpreter\linkResolver.cp
Event: 5.781 Thread 0x0000019268e670a0 Exception <a 'java/lang/NoSuchMethodError'{0x00000000eeb6d450}: 'java.lang.Object java.lang.invoke.DirectMethodHandle$Holder.invokeSpecial(java.lang.Object, java.lang.Object, java.lang.Object, java.lang.Object, java.lang.Object, java.lang.Object, java.lang.Object, java.lang.Object, java.lang.Object, java.lang.Object, java.lang.Object, java.lang.Object, java.lang.Object, java.lang.Object, java.lang.Object, java.lang.Object, java.lang.Object)'> (0x00000000eeb6d450) 
thrown [s\open\src\hotspot\share\interpret
Event: 5.781 Thread 0x0000019268e670a0 Exception <a 'java/lang/NoSuchMethodError'{0x00000000eeb72860}: 'java.lang.Object java.lang.invoke.DelegatingMethodHandle$Holder.reinvoke_L(java.lang.Object, java.lang.Object, java.lang.Object, java.lang.Object, java.lang.Object, java.lang.Object, java.lang.Object, java.lang.Object, java.lang.Object, java.lang.Object, java.lang.Object, java.lang.Object, java.lang.Object, java.lang.Object, java.lang.Object, java.lang.Object)'> (0x00000000eeb72860) 
thrown [s\open\src\hotspot\share\interpreter\linkResolver.c
Event: 5.809 Thread 0x0000019268e670a0 Exception <a 'java/lang/NoSuchMethodError'{0x00000000ee912380}: 'java.lang.Object java.lang.invoke.DirectMethodHandle$Holder.invokeVirtual(java.lang.Object, java.lang.Object, java.lang.Object, java.lang.Object, java.lang.Object, java.lang.Object, java.lang.Object, java.lang.Object, java.lang.Object, java.lang.Object, java.lang.Object, java.lang.Object, java.lang.Object, java.lang.Object, java.lang.Object, java.lang.Object, java.lang.Object, java.lang.Object, java.lang.Object, java.lang.Object, java.lang.Ob
Event: 5.810 Thread 0x0000019268e670a0 Exception <a 'java/lang/NoSuchMethodError'{0x00000000ee91f4a0}: 'java.lang.Object java.lang.invoke.DelegatingMethodHandle$Holder.reinvoke_L(java.lang.Object, java.lang.Object, java.lang.Object, java.lang.Object, java.lang.Object, java.lang.Object, java.lang.Object, java.lang.Object, java.lang.Object, java.lang.Object, java.lang.Object, java.lang.Object, java.lang.Object, java.lang.Object, java.lang.Object, java.lang.Object, java.lang.Object, java.lang.Object, java.lang.Object, java.lang.Object, java.lang.O
Event: 5.822 Thread 0x0000019268e670a0 Exception <a 'java/lang/NoSuchMethodError'{0x00000000ee9e3e68}: 'java.lang.Object java.lang.invoke.DirectMethodHandle$Holder.invokeStatic(java.lang.Object, java.lang.Object, java.lang.Object, java.lang.Object, java.lang.Object, java.lang.Object, java.lang.Object, java.lang.Object, java.lang.Object, java.lang.Object, java.lang.Object, java.lang.Object, java.lang.Object, java.lang.Object, java.lang.Object, java.lang.Object, java.lang.Object, java.lang.Object, java.lang.Object, java.lang.Object, java.lang.Obj
Event: 5.825 Thread 0x0000019268e670a0 Exception <a 'java/lang/NoSuchMethodError'{0x00000000ee815910}: 'java.lang.Object java.lang.invoke.DirectMethodHandle$Holder.invokeStatic(java.lang.Object, java.lang.Object, java.lang.Object, java.lang.Object, java.lang.Object, java.lang.Object, java.lang.Object, java.lang.Object, java.lang.Object, java.lang.Object, java.lang.Object, java.lang.Object, java.lang.Object, java.lang.Object, java.lang.Object, java.lang.Object, java.lang.Object, java.lang.Object, java.lang.Object, java.lang.Object, java.lang.Obj
Event: 5.918 Thread 0x0000019268e670a0 Exception <a 'java/lang/IncompatibleClassChangeError'{0x00000000ee5ed008}: Found class java.lang.Object, but interface was expected> (0x00000000ee5ed008) 
thrown [s\open\src\hotspot\share\interpreter\linkResolver.cpp, line 841]
Event: 5.938 Thread 0x0000019268e670a0 Exception <a 'java/lang/NoSuchMethodError'{0x00000000ee46a5d0}: 'java.lang.Object java.lang.invoke.DirectMethodHandle$Holder.invokeVirtual(java.lang.Object, java.lang.Object, java.lang.Object, java.lang.Object, java.lang.Object, java.lang.Object, java.lang.Object, java.lang.Object, java.lang.Object, java.lang.Object, java.lang.Object, java.lang.Object, java.lang.Object, java.lang.Object, java.lang.Object)'> (0x00000000ee46a5d0) 
thrown [s\open\src\hotspot\share\interpreter\linkResolver.cpp, line 774]
Event: 5.938 Thread 0x0000019268e670a0 Exception <a 'java/lang/NoSuchMethodError'{0x00000000ee470128}: 'java.lang.Object java.lang.invoke.DirectMethodHandle$Holder.invokeSpecial(java.lang.Object, java.lang.Object, java.lang.Object, java.lang.Object, java.lang.Object, java.lang.Object, java.lang.Object, java.lang.Object, java.lang.Object, java.lang.Object, java.lang.Object, java.lang.Object, java.lang.Object, java.lang.Object, java.lang.Object, java.lang.Object)'> (0x00000000ee470128) 
thrown [s\open\src\hotspot\share\interpreter\linkResolver.cp
Event: 5.938 Thread 0x0000019268e670a0 Exception <a 'java/lang/NoSuchMethodError'{0x00000000ee475690}: 'java.lang.Object java.lang.invoke.DelegatingMethodHandle$Holder.reinvoke_L(java.lang.Object, java.lang.Object, java.lang.Object, java.lang.Object, java.lang.Object, java.lang.Object, java.lang.Object, java.lang.Object, java.lang.Object, java.lang.Object, java.lang.Object, java.lang.Object, java.lang.Object, java.lang.Object, java.lang.Object)'> (0x00000000ee475690) 
thrown [s\open\src\hotspot\share\interpreter\linkResolver.cpp, line 774]
Event: 6.019 Thread 0x0000019268e670a0 Exception <a 'java/lang/NoSuchMethodError'{0x00000000edfa0b60}: 'java.lang.Object java.lang.invoke.DirectMethodHandle$Holder.invokeVirtual(java.lang.Object, java.lang.Object, java.lang.Object, java.lang.Object, java.lang.Object, java.lang.Object, java.lang.Object, java.lang.Object, java.lang.Object, java.lang.Object, java.lang.Object, java.lang.Object, java.lang.Object, java.lang.Object, java.lang.Object, java.lang.Object, java.lang.Object, java.lang.Object, java.lang.Object, java.lang.Object, java.lang.Ob
Event: 6.019 Thread 0x0000019268e670a0 Exception <a 'java/lang/NoSuchMethodError'{0x00000000edfa74f8}: 'java.lang.Object java.lang.invoke.DirectMethodHandle$Holder.invokeSpecial(java.lang.Object, java.lang.Object, java.lang.Object, java.lang.Object, java.lang.Object, java.lang.Object, java.lang.Object, java.lang.Object, java.lang.Object, java.lang.Object, java.lang.Object, java.lang.Object, java.lang.Object, java.lang.Object, java.lang.Object, java.lang.Object, java.lang.Object, java.lang.Object, java.lang.Object, java.lang.Object, java.lang.Ob
Event: 6.019 Thread 0x0000019268e670a0 Exception <a 'java/lang/NoSuchMethodError'{0x00000000edfad278}: 'java.lang.Object java.lang.invoke.DelegatingMethodHandle$Holder.reinvoke_L(java.lang.Object, java.lang.Object, java.lang.Object, java.lang.Object, java.lang.Object, java.lang.Object, java.lang.Object, java.lang.Object, java.lang.Object, java.lang.Object, java.lang.Object, java.lang.Object, java.lang.Object, java.lang.Object, java.lang.Object, java.lang.Object, java.lang.Object, java.lang.Object, java.lang.Object, java.lang.Object, java.lang.O
Event: 6.031 Thread 0x0000019268e670a0 Exception <a 'java/lang/NoSuchMethodError'{0x00000000edeaf1b8}: 'java.lang.Object java.lang.invoke.DirectMethodHandle$Holder.newInvokeSpecial(java.lang.Object, java.lang.Object, java.lang.Object, java.lang.Object, java.lang.Object, java.lang.Object, java.lang.Object, java.lang.Object, java.lang.Object, java.lang.Object, java.lang.Object, java.lang.Object, java.lang.Object, java.lang.Object, java.lang.Object, java.lang.Object)'> (0x00000000edeaf1b8) 
thrown [s\open\src\hotspot\share\interpreter\linkResolver
Event: 6.070 Thread 0x0000019268e670a0 Exception <a 'java/lang/NoSuchMethodError'{0x00000000edcd86a0}: 'java.lang.Object java.lang.invoke.DirectMethodHandle$Holder.newInvokeSpecial(java.lang.Object, java.lang.Object, java.lang.Object, java.lang.Object, java.lang.Object, java.lang.Object, java.lang.Object, java.lang.Object, java.lang.Object, java.lang.Object, java.lang.Object, java.lang.Object, java.lang.Object, java.lang.Object)'> (0x00000000edcd86a0) 
thrown [s\open\src\hotspot\share\interpreter\linkResolver.cpp, line 774]
Event: 6.071 Thread 0x0000019268e670a0 Exception <a 'java/lang/NoSuchMethodError'{0x00000000edcde500}: 'java.lang.Object java.lang.invoke.DirectMethodHandle$Holder.invokeSpecial(java.lang.Object, java.lang.Object, java.lang.Object, java.lang.Object, java.lang.Object, java.lang.Object, java.lang.Object, java.lang.Object, java.lang.Object, java.lang.Object, java.lang.Object, java.lang.Object, java.lang.Object, java.lang.Object, java.lang.Object)'> (0x00000000edcde500) 
thrown [s\open\src\hotspot\share\interpreter\linkResolver.cpp, line 774]
Event: 6.072 Thread 0x0000019268e670a0 Exception <a 'java/lang/NoSuchMethodError'{0x00000000edce35c0}: 'java.lang.Object java.lang.invoke.DelegatingMethodHandle$Holder.reinvoke_L(java.lang.Object, java.lang.Object, java.lang.Object, java.lang.Object, java.lang.Object, java.lang.Object, java.lang.Object, java.lang.Object, java.lang.Object, java.lang.Object, java.lang.Object, java.lang.Object, java.lang.Object, java.lang.Object)'> (0x00000000edce35c0) 
thrown [s\open\src\hotspot\share\interpreter\linkResolver.cpp, line 774]

VM Operations (20 events):
Event: 3.460 Executing VM operation: HandshakeAllThreads
Event: 3.460 Executing VM operation: HandshakeAllThreads done
Event: 3.460 Executing VM operation: HandshakeAllThreads
Event: 3.460 Executing VM operation: HandshakeAllThreads done
Event: 3.792 Executing VM operation: ICBufferFull
Event: 3.792 Executing VM operation: ICBufferFull done
Event: 4.801 Executing VM operation: Cleanup
Event: 4.802 Executing VM operation: Cleanup done
Event: 5.014 Executing VM operation: CollectForMetadataAllocation
Event: 5.029 Executing VM operation: CollectForMetadataAllocation done
Event: 5.046 Executing VM operation: G1PauseRemark
Event: 5.050 Executing VM operation: G1PauseRemark done
Event: 5.053 Executing VM operation: G1PauseCleanup
Event: 5.053 Executing VM operation: G1PauseCleanup done
Event: 5.619 Executing VM operation: HandshakeAllThreads
Event: 5.619 Executing VM operation: HandshakeAllThreads done
Event: 5.791 Executing VM operation: HandshakeAllThreads
Event: 5.791 Executing VM operation: HandshakeAllThreads done
Event: 6.005 Executing VM operation: HandshakeAllThreads
Event: 6.005 Executing VM operation: HandshakeAllThreads done

Events (20 events):
Event: 2.892 Thread 0x0000019268e60700 Thread added: 0x0000019268e60700
Event: 2.894 Thread 0x0000019268e7e060 Thread added: 0x0000019268e7e060
Event: 2.922 Thread 0x0000019268e9a6c0 Thread added: 0x0000019268e9a6c0
Event: 2.943 Thread 0x0000019268e670a0 Thread added: 0x0000019268e670a0
Event: 2.953 Thread 0x0000019268f16600 Thread added: 0x0000019268f16600
Event: 2.956 Thread 0x0000019268f140d0 Thread added: 0x0000019268f140d0
Event: 2.962 Thread 0x0000019268f150c0 Thread added: 0x0000019268f150c0
Event: 3.082 Thread 0x0000019268f16b50 Thread added: 0x0000019268f16b50
Event: 3.114 Thread 0x0000019268f160b0 Thread added: 0x0000019268f160b0
Event: 3.610 Thread 0x0000019268f14b70 Thread added: 0x0000019268f14b70
Event: 4.351 Thread 0x00000192631613b0 Thread exited: 0x00000192631613b0
Event: 4.931 Thread 0x0000019268f15610 Thread added: 0x0000019268f15610
Event: 4.938 Thread 0x0000019268f15b60 Thread added: 0x0000019268f15b60
Event: 4.963 Thread 0x0000019263163aa0 Thread added: 0x0000019263163aa0
Event: 5.200 Thread 0x0000019268f175f0 Thread added: 0x0000019268f175f0
Event: 5.364 Thread 0x0000019268f170a0 Thread added: 0x0000019268f170a0
Event: 5.412 Thread 0x0000019269c96e00 Thread added: 0x0000019269c96e00
Event: 5.726 Thread 0x0000019269c98890 Thread added: 0x0000019269c98890
Event: 5.771 Thread 0x0000019269c99880 Thread added: 0x0000019269c99880
Event: 5.970 Thread 0x0000019269c98de0 Thread added: 0x0000019269c98de0


Dynamic libraries:
0x00007ff77f810000 - 0x00007ff77f81e000 	C:\Users\LENOVO\.jdks\openjdk-19.0.1\bin\java.exe
0x00007ff83e750000 - 0x00007ff83e948000 	C:\Windows\SYSTEM32\ntdll.dll
0x00007ff83d5d0000 - 0x00007ff83d68d000 	C:\Windows\System32\KERNEL32.DLL
0x00007ff83be30000 - 0x00007ff83c126000 	C:\Windows\System32\KERNELBASE.dll
0x00007ff83c3e0000 - 0x00007ff83c4e0000 	C:\Windows\System32\ucrtbase.dll
0x00007ff835ed0000 - 0x00007ff835eeb000 	C:\Users\LENOVO\.jdks\openjdk-19.0.1\bin\VCRUNTIME140.dll
0x00007ff836ba0000 - 0x00007ff836bb7000 	C:\Users\LENOVO\.jdks\openjdk-19.0.1\bin\jli.dll
0x00007ff83e210000 - 0x00007ff83e3ae000 	C:\Windows\System32\USER32.dll
0x00007ff83c130000 - 0x00007ff83c152000 	C:\Windows\System32\win32u.dll
0x00007ff83d690000 - 0x00007ff83d6bc000 	C:\Windows\System32\GDI32.dll
0x00007ff82a4a0000 - 0x00007ff82a73a000 	C:\Windows\WinSxS\amd64_microsoft.windows.common-controls_6595b64144ccf1df_6.0.19041.3636_none_60b6a03d71f818d5\COMCTL32.dll
0x00007ff83c690000 - 0x00007ff83c7aa000 	C:\Windows\System32\gdi32full.dll
0x00007ff83ce90000 - 0x00007ff83cf2e000 	C:\Windows\System32\msvcrt.dll
0x00007ff83c290000 - 0x00007ff83c32d000 	C:\Windows\System32\msvcp_win.dll
0x00007ff83e080000 - 0x00007ff83e0b0000 	C:\Windows\System32\IMM32.DLL
0x00007ff836850000 - 0x00007ff83685c000 	C:\Users\LENOVO\.jdks\openjdk-19.0.1\bin\vcruntime140_1.dll
0x00007ff8076e0000 - 0x00007ff80776e000 	C:\Users\LENOVO\.jdks\openjdk-19.0.1\bin\msvcp140.dll
0x00007ff803cf0000 - 0x00007ff8049b0000 	C:\Users\LENOVO\.jdks\openjdk-19.0.1\bin\server\jvm.dll
0x00007ff83e0b0000 - 0x00007ff83e15f000 	C:\Windows\System32\ADVAPI32.dll
0x00007ff83d310000 - 0x00007ff83d3ac000 	C:\Windows\System32\sechost.dll
0x00007ff83d6c0000 - 0x00007ff83d7e6000 	C:\Windows\System32\RPCRT4.dll
0x00007ff8152a0000 - 0x00007ff8152a9000 	C:\Windows\SYSTEM32\WSOCK32.dll
0x00007ff825500000 - 0x00007ff825527000 	C:\Windows\SYSTEM32\WINMM.dll
0x00007ff83ce20000 - 0x00007ff83ce8b000 	C:\Windows\System32\WS2_32.dll
0x00007ff8361e0000 - 0x00007ff8361ea000 	C:\Windows\SYSTEM32\VERSION.dll
0x00007ff839cf0000 - 0x00007ff839d02000 	C:\Windows\SYSTEM32\kernel.appcore.dll
0x00007ff835db0000 - 0x00007ff835dba000 	C:\Users\LENOVO\.jdks\openjdk-19.0.1\bin\jimage.dll
0x00007ff827390000 - 0x00007ff827574000 	C:\Windows\SYSTEM32\DBGHELP.DLL
0x00007ff827350000 - 0x00007ff827384000 	C:\Windows\SYSTEM32\dbgcore.DLL
0x00007ff83c200000 - 0x00007ff83c282000 	C:\Windows\System32\bcryptPrimitives.dll
0x00007ff82bce0000 - 0x00007ff82bd06000 	C:\Users\LENOVO\.jdks\openjdk-19.0.1\bin\java.dll
0x00007ff807600000 - 0x00007ff8076d7000 	C:\Users\LENOVO\.jdks\openjdk-19.0.1\bin\jsvml.dll
0x00007ff83d850000 - 0x00007ff83df94000 	C:\Windows\System32\SHELL32.dll
0x00007ff839ef0000 - 0x00007ff83a68b000 	C:\Windows\SYSTEM32\windows.storage.dll
0x00007ff83e3b0000 - 0x00007ff83e704000 	C:\Windows\System32\combase.dll
0x00007ff83b7a0000 - 0x00007ff83b7cd000 	C:\Windows\SYSTEM32\Wldp.dll
0x00007ff83d3c0000 - 0x00007ff83d46d000 	C:\Windows\System32\SHCORE.dll
0x00007ff83d7f0000 - 0x00007ff83d845000 	C:\Windows\System32\shlwapi.dll
0x00007ff83bd60000 - 0x00007ff83bd85000 	C:\Windows\SYSTEM32\profapi.dll
0x00007ff82a840000 - 0x00007ff82a853000 	C:\Users\LENOVO\.jdks\openjdk-19.0.1\bin\net.dll
0x00007ff832080000 - 0x00007ff83218a000 	C:\Windows\SYSTEM32\WINHTTP.dll
0x00007ff83b500000 - 0x00007ff83b56a000 	C:\Windows\system32\mswsock.dll
0x00007ff828c60000 - 0x00007ff828c76000 	C:\Users\LENOVO\.jdks\openjdk-19.0.1\bin\nio.dll
0x00007ff827e40000 - 0x00007ff827e58000 	C:\Users\LENOVO\.jdks\openjdk-19.0.1\bin\zip.dll
0x00007ff831d60000 - 0x00007ff831d70000 	C:\Users\LENOVO\.jdks\openjdk-19.0.1\bin\verify.dll
0x00007ff836bc0000 - 0x00007ff836be7000 	C:\Users\LENOVO\.gradle\native\68d5fa5c4cc2d200863cafc0d521ce42e7d3e7ee720ec0a83991735586a16f82\windows-amd64\native-platform.dll
0x00007ff8074b0000 - 0x00007ff8075f4000 	C:\Users\LENOVO\.gradle\native\e376f236ea51e6404a007f0833ffe2c6e607c4080706a723a18a27aeea778392\windows-amd64\native-platform-file-events.dll
0x00007ff82bdd0000 - 0x00007ff82bdda000 	C:\Users\LENOVO\.jdks\openjdk-19.0.1\bin\management.dll
0x00007ff82bcd0000 - 0x00007ff82bcdb000 	C:\Users\LENOVO\.jdks\openjdk-19.0.1\bin\management_ext.dll
0x00007ff83cf30000 - 0x00007ff83cf38000 	C:\Windows\System32\PSAPI.DLL
0x00007ff83b700000 - 0x00007ff83b718000 	C:\Windows\SYSTEM32\CRYPTSP.dll
0x00007ff83ae30000 - 0x00007ff83ae64000 	C:\Windows\system32\rsaenh.dll
0x00007ff83c160000 - 0x00007ff83c187000 	C:\Windows\System32\bcrypt.dll
0x00007ff83bce0000 - 0x00007ff83bd0e000 	C:\Windows\SYSTEM32\USERENV.dll
0x00007ff83b6f0000 - 0x00007ff83b6fc000 	C:\Windows\SYSTEM32\CRYPTBASE.dll
0x00007ff83b1f0000 - 0x00007ff83b22b000 	C:\Windows\SYSTEM32\IPHLPAPI.DLL
0x00007ff83d3b0000 - 0x00007ff83d3b8000 	C:\Windows\System32\NSI.dll
0x00007ff835220000 - 0x00007ff835237000 	C:\Windows\SYSTEM32\dhcpcsvc6.DLL
0x00007ff834f60000 - 0x00007ff834f7d000 	C:\Windows\SYSTEM32\dhcpcsvc.DLL
0x00007ff83b230000 - 0x00007ff83b2fa000 	C:\Windows\SYSTEM32\DNSAPI.dll
0x00007ff82a830000 - 0x00007ff82a838000 	C:\Users\LENOVO\.jdks\openjdk-19.0.1\bin\extnet.dll
0x00007ff828c50000 - 0x00007ff828c5e000 	C:\Users\LENOVO\.jdks\openjdk-19.0.1\bin\sunmscapi.dll
0x00007ff83c530000 - 0x00007ff83c68d000 	C:\Windows\System32\CRYPT32.dll
0x00007ff83b810000 - 0x00007ff83b837000 	C:\Windows\SYSTEM32\ncrypt.dll
0x00007ff83b7d0000 - 0x00007ff83b80b000 	C:\Windows\SYSTEM32\NTASN1.dll
0x00007ff814ac0000 - 0x00007ff814ac7000 	C:\Windows\system32\wshunix.dll

dbghelp: loaded successfully - version: 4.0.5 - missing functions: none
symbol engine: initialized successfully - sym options: 0x614 - pdb path: .;C:\Users\LENOVO\.jdks\openjdk-19.0.1\bin;C:\Windows\SYSTEM32;C:\Windows\WinSxS\amd64_microsoft.windows.common-controls_6595b64144ccf1df_6.0.19041.3636_none_60b6a03d71f818d5;C:\Users\LENOVO\.jdks\openjdk-19.0.1\bin\server;C:\Users\LENOVO\.gradle\native\68d5fa5c4cc2d200863cafc0d521ce42e7d3e7ee720ec0a83991735586a16f82\windows-amd64;C:\Users\LENOVO\.gradle\native\e376f236ea51e6404a007f0833ffe2c6e607c4080706a723a18a27aeea778392\windows-amd64

VM Arguments:
jvm_args: --add-opens=java.base/java.util=ALL-UNNAMED --add-opens=java.base/java.lang=ALL-UNNAMED --add-opens=java.base/java.lang.invoke=ALL-UNNAMED --add-opens=java.prefs/java.util.prefs=ALL-UNNAMED --add-opens=java.base/java.nio.charset=ALL-UNNAMED --add-opens=java.base/java.net=ALL-UNNAMED --add-opens=java.base/java.util.concurrent.atomic=ALL-UNNAMED -XX:MaxMetaspaceSize=256m -XX:+HeapDumpOnOutOfMemoryError -Xms256m -Xmx512m -Dfile.encoding=windows-1252 -Duser.country=RO -Duser.language=ro -Duser.variant 
java_command: org.gradle.launcher.daemon.bootstrap.GradleDaemon 7.6
java_class_path (initial): C:\Users\LENOVO\.gradle\wrapper\dists\gradle-7.6-bin\9l9tetv7ltxvx3i8an4pb86ye\gradle-7.6\lib\gradle-launcher-7.6.jar
Launcher Type: SUN_STANDARD

[Global flags]
     intx CICompilerCount                          = 3                                         {product} {ergonomic}
   size_t CompressedClassSpaceSize                 = 218103808                                 {product} {ergonomic}
     uint ConcGCThreads                            = 1                                         {product} {ergonomic}
     uint G1ConcRefinementThreads                  = 4                                         {product} {ergonomic}
   size_t G1HeapRegionSize                         = 1048576                                   {product} {ergonomic}
    uintx GCDrainStackTargetSize                   = 64                                        {product} {ergonomic}
     bool HeapDumpOnOutOfMemoryError               = true                                   {manageable} {command line}
   size_t InitialHeapSize                          = 268435456                                 {product} {command line}
   size_t MarkStackSize                            = 4194304                                   {product} {ergonomic}
   size_t MaxHeapSize                              = 536870912                                 {product} {command line}
   size_t MaxMetaspaceSize                         = 268435456                                 {product} {command line}
   size_t MaxNewSize                               = 321912832                                 {product} {ergonomic}
   size_t MinHeapDeltaBytes                        = 1048576                                   {product} {ergonomic}
   size_t MinHeapSize                              = 268435456                                 {product} {command line}
    uintx NonNMethodCodeHeapSize                   = 5832780                                {pd product} {ergonomic}
    uintx NonProfiledCodeHeapSize                  = 122912730                              {pd product} {ergonomic}
    uintx ProfiledCodeHeapSize                     = 122912730                              {pd product} {ergonomic}
    uintx ReservedCodeCacheSize                    = 251658240                              {pd product} {ergonomic}
     bool SegmentedCodeCache                       = true                                      {product} {ergonomic}
   size_t SoftMaxHeapSize                          = 536870912                              {manageable} {ergonomic}
     bool UseCompressedClassPointers               = true                           {product lp64_product} {ergonomic}
     bool UseCompressedOops                        = true                           {product lp64_product} {ergonomic}
     bool UseG1GC                                  = true                                      {product} {ergonomic}
     bool UseLargePagesIndividualAllocation        = false                                  {pd product} {ergonomic}

Logging:
Log output configuration:
 #0: stdout all=warning uptime,level,tags foldmultilines=false
 #1: stderr all=off uptime,level,tags foldmultilines=false

Environment Variables:
PATH=C:\ProgramData\MySQL\MySQL Server 8.0\bin;C:\cygwin64\bin\[.exe;C:\Program Files\Microsoft SQL Server\150\Tools\Binn\;C:\Program Files (x86)\IVI Foundation\VISA\WinNT\Bin\;C:\Program Files\IVI Foundation\VISA\Win64\Bin\;C:\Program Files (x86)\IVI Foundation\VISA\WinNT\Bin;C:\Program Files (x86)\Microsoft SQL Server\100\Tools\Binn\;C:\Program Files\Microsoft SQL Server\100\Tools\Binn\;C:\Program Files\Microsoft SQL Server\100\DTS\Binn\;C:\Program Files\Git\cmd;C:\Program Files\nodejs\;C:\Program Files (x86)\Windows Kits\10\Windows Performance Toolkit\;C:\Program Files\dotnet\;C:\Program Files\MySQL\MySQL Shell 8.0\bin\;C:\Program Files (x86)\Elm\0.19.1\bin;C:\cygwin64\bin;C:\Users\LENOVO\AppData\Roaming\npm;C:\Users\LENOVO\AppData\Local\Programs\Microsoft VS Code\bin;C:\ghcup\bin;C:\Users\LENOVO\.dotnet\tools
USERNAME=LENOVO
OS=Windows_NT
PROCESSOR_IDENTIFIER=Intel64 Family 6 Model 142 Stepping 9, GenuineIntel
TMP=C:\Users\LENOVO\AppData\Local\Temp
TEMP=C:\Users\LENOVO\AppData\Local\Temp



---------------  S Y S T E M  ---------------

OS:
 Windows 10 , 64 bit Build 19041 (10.0.19041.3636)
OS uptime: 0 days 5:11 hours

CPU: total 4 (initial active 4) (2 cores per cpu, 2 threads per core) family 6 model 142 stepping 9 microcode 0xd6, cx8, cmov, fxsr, ht, mmx, 3dnowpref, sse, sse2, sse3, ssse3, sse4.1, sse4.2, popcnt, lzcnt, tsc, tscinvbit, avx, avx2, aes, erms, clmul, bmi1, bmi2, adx, fma, vzeroupper, clflush, clflushopt, rdtscp

Memory: 4k page, system-wide physical 3970M (372M free)
TotalPageFile size 8634M (AvailPageFile size 5M)
current process WorkingSet (physical memory assigned to process): 242M, peak: 243M
current process commit charge ("private bytes"): 428M, peak: 433M

vm_info: OpenJDK 64-Bit Server VM (19.0.1+10-21) for windows-amd64 JRE (19.0.1+10-21), built on 2022-09-14T12:45:06Z by "mach5one" with MS VC++ 17.1 (VS2022)

END.
